This is pdfTeX, Version 3.14159265-2.6-1.40.19 (MiKTeX 2.9.6840 64-bit) (preloaded format=pdflatex 2018.10.7)  17 MAY 2019 21:47
entering extended mode
**./diophantine.tex
(diophantine.tex
LaTeX2e <2018-04-01> patch level 5
("C:\Users\14165\AppData\Local\Programs\MiKTeX 2.9\tex\latex\amscls\amsart.cls"
Document Class: amsart 2017/10/31 v2.20.4
\linespacing=\dimen102
\normalparindent=\dimen103
\normaltopskip=\skip41

("C:\Users\14165\AppData\Local\Programs\MiKTeX 2.9\tex\latex\amsmath\amsmath.st
y"
Package: amsmath 2017/09/02 v2.17a AMS math features
\@mathmargin=\skip42

For additional information on amsmath, use the `?' option.

("C:\Users\14165\AppData\Local\Programs\MiKTeX 2.9\tex\latex\amsmath\amstext.st
y"
Package: amstext 2000/06/29 v2.01 AMS text

("C:\Users\14165\AppData\Local\Programs\MiKTeX 2.9\tex\latex\amsmath\amsgen.sty
"
File: amsgen.sty 1999/11/30 v2.0 generic functions
\@emptytoks=\toks14
\ex@=\dimen104
))
("C:\Users\14165\AppData\Local\Programs\MiKTeX 2.9\tex\latex\amsmath\amsbsy.sty
"
Package: amsbsy 1999/11/29 v1.2d Bold Symbols
\pmbraise@=\dimen105
)
("C:\Users\14165\AppData\Local\Programs\MiKTeX 2.9\tex\latex\amsmath\amsopn.sty
"
Package: amsopn 2016/03/08 v2.02 operator names
)
\inf@bad=\count80
LaTeX Info: Redefining \frac on input line 213.
\uproot@=\count81
\leftroot@=\count82
LaTeX Info: Redefining \overline on input line 375.
\classnum@=\count83
\DOTSCASE@=\count84
LaTeX Info: Redefining \ldots on input line 472.
LaTeX Info: Redefining \dots on input line 475.
LaTeX Info: Redefining \cdots on input line 596.
\Mathstrutbox@=\box26
\strutbox@=\box27
\big@size=\dimen106
LaTeX Font Info:    Redeclaring font encoding OML on input line 712.
LaTeX Font Info:    Redeclaring font encoding OMS on input line 713.
\macc@depth=\count85
\c@MaxMatrixCols=\count86
\dotsspace@=\muskip10
\c@parentequation=\count87
\dspbrk@lvl=\count88
\tag@help=\toks15
\row@=\count89
\column@=\count90
\maxfields@=\count91
\andhelp@=\toks16
\eqnshift@=\dimen107
\alignsep@=\dimen108
\tagshift@=\dimen109
\tagwidth@=\dimen110
\totwidth@=\dimen111
\lineht@=\dimen112
\@envbody=\toks17
\multlinegap=\skip43
\multlinetaggap=\skip44
\mathdisplay@stack=\toks18
LaTeX Info: Redefining \[ on input line 2817.
LaTeX Info: Redefining \] on input line 2818.
)
LaTeX Font Info:    Try loading font information for U+msa on input line 398.

("C:\Users\14165\AppData\Local\Programs\MiKTeX 2.9\tex\latex\amsfonts\umsa.fd"
File: umsa.fd 2013/01/14 v3.01 AMS symbols A
)
("C:\Users\14165\AppData\Local\Programs\MiKTeX 2.9\tex\latex\amsfonts\amsfonts.
sty"
Package: amsfonts 2013/01/14 v3.01 Basic AMSFonts support
\symAMSa=\mathgroup4
\symAMSb=\mathgroup5
LaTeX Font Info:    Overwriting math alphabet `\mathfrak' in version `bold'
(Font)                  U/euf/m/n --> U/euf/b/n on input line 106.
)
\copyins=\insert199
\abstractbox=\box28
\listisep=\skip45
\c@part=\count92
\c@section=\count93
\c@subsection=\count94
\c@subsubsection=\count95
\c@paragraph=\count96
\c@subparagraph=\count97
\c@figure=\count98
\c@table=\count99
\abovecaptionskip=\skip46
\belowcaptionskip=\skip47
\captionindent=\dimen113
\thm@style=\toks19
\thm@bodyfont=\toks20
\thm@headfont=\toks21
\thm@notefont=\toks22
\thm@headpunct=\toks23
\thm@preskip=\skip48
\thm@postskip=\skip49
\thm@headsep=\skip50
\dth@everypar=\toks24
)
("C:\Users\14165\AppData\Local\Programs\MiKTeX 2.9\tex\latex\amsfonts\amssymb.s
ty"
Package: amssymb 2013/01/14 v3.01 AMS font symbols
)
("C:\Users\14165\AppData\Local\Programs\MiKTeX 2.9\tex\latex\graphics\graphicx.
sty"
Package: graphicx 2017/06/01 v1.1a Enhanced LaTeX Graphics (DPC,SPQR)

("C:\Users\14165\AppData\Local\Programs\MiKTeX 2.9\tex\latex\graphics\keyval.st
y"
Package: keyval 2014/10/28 v1.15 key=value parser (DPC)
\KV@toks@=\toks25
)
("C:\Users\14165\AppData\Local\Programs\MiKTeX 2.9\tex\latex\graphics\graphics.
sty"
Package: graphics 2017/06/25 v1.2c Standard LaTeX Graphics (DPC,SPQR)

("C:\Users\14165\AppData\Local\Programs\MiKTeX 2.9\tex\latex\graphics\trig.sty"
Package: trig 2016/01/03 v1.10 sin cos tan (DPC)
)
("C:\Users\14165\AppData\Local\Programs\MiKTeX 2.9\tex\latex\graphics-cfg\graph
ics.cfg"
File: graphics.cfg 2016/06/04 v1.11 sample graphics configuration
)
Package graphics Info: Driver file: pdftex.def on input line 99.

("C:\Users\14165\AppData\Local\Programs\MiKTeX 2.9\tex\latex\graphics-def\pdfte
x.def"
File: pdftex.def 2018/01/08 v1.0l Graphics/color driver for pdftex
))
\Gin@req@height=\dimen114
\Gin@req@width=\dimen115
)
("C:\Users\14165\AppData\Local\Programs\MiKTeX 2.9\tex\latex\subfig\subfig.sty"
Package: subfig 2005/06/28 ver: 1.3 subfig package

("C:\Users\14165\AppData\Local\Programs\MiKTeX 2.9\tex\latex\caption\caption.st
y"
Package: caption 2018/10/06 v3.3-154 Customizing captions (AR)

("C:\Users\14165\AppData\Local\Programs\MiKTeX 2.9\tex\latex\caption\caption3.s
ty"
Package: caption3 2018/09/12 v1.8c caption3 kernel (AR)
Package caption3 Info: TeX engine: e-TeX on input line 64.
\captionmargin=\dimen116
\captionmargin@=\dimen117
\captionwidth=\dimen118
\caption@tempdima=\dimen119
\caption@indent=\dimen120
\caption@parindent=\dimen121
\caption@hangindent=\dimen122
)
Package caption Info: AMS or SMF document class.
\c@caption@flags=\count100
\c@ContinuedFloat=\count101
)
\c@KVtest=\count102
\sf@farskip=\skip51
\sf@captopadj=\dimen123
\sf@capskip=\skip52
\sf@nearskip=\skip53
\c@subfigure=\count103
\c@subfigure@save=\count104
\c@lofdepth=\count105
\c@subtable=\count106
\c@subtable@save=\count107
\c@lotdepth=\count108
\sf@top=\skip54
\sf@bottom=\skip55
)
("C:\Users\14165\AppData\Local\Programs\MiKTeX 2.9\tex\latex\jknappen\mathrsfs.
sty"
Package: mathrsfs 1996/01/01 Math RSFS package v1.0 (jk)
\symrsfs=\mathgroup6
)
\c@theorem=\count109
 (diophantine.aux)
\openout1 = `diophantine.aux'.

LaTeX Font Info:    Checking defaults for OML/cmm/m/it on input line 11.
LaTeX Font Info:    ... okay on input line 11.
LaTeX Font Info:    Checking defaults for T1/cmr/m/n on input line 11.
LaTeX Font Info:    ... okay on input line 11.
LaTeX Font Info:    Checking defaults for OT1/cmr/m/n on input line 11.
LaTeX Font Info:    ... okay on input line 11.
LaTeX Font Info:    Checking defaults for OMS/cmsy/m/n on input line 11.
LaTeX Font Info:    ... okay on input line 11.
LaTeX Font Info:    Checking defaults for OMX/cmex/m/n on input line 11.
LaTeX Font Info:    ... okay on input line 11.
LaTeX Font Info:    Checking defaults for U/cmr/m/n on input line 11.
LaTeX Font Info:    ... okay on input line 11.
LaTeX Font Info:    Try loading font information for U+msa on input line 11.

("C:\Users\14165\AppData\Local\Programs\MiKTeX 2.9\tex\latex\amsfonts\umsa.fd"
File: umsa.fd 2013/01/14 v3.01 AMS symbols A
)
LaTeX Font Info:    Try loading font information for U+msb on input line 11.
("C:\Users\14165\AppData\Local\Programs\MiKTeX 2.9\tex\latex\amsfonts\umsb.fd"
File: umsb.fd 2013/01/14 v3.01 AMS symbols B
)
LaTeX Font Info:    Try loading font information for U+rsfs on input line 11.
("C:\Users\14165\AppData\Local\Programs\MiKTeX 2.9\tex\latex\jknappen\ursfs.fd"
File: ursfs.fd 1998/03/24 rsfs font definition file (jk)
)
("C:\Users\14165\AppData\Local\Programs\MiKTeX 2.9\tex\context\base\supp-pdf.mk
ii"
[Loading MPS to PDF converter (version 2006.09.02).]
\scratchcounter=\count110
\scratchdimen=\dimen124
\scratchbox=\box29
\nofMPsegments=\count111
\nofMParguments=\count112
\everyMPshowfont=\toks26
\MPscratchCnt=\count113
\MPscratchDim=\dimen125
\MPnumerator=\count114
\makeMPintoPDFobject=\count115
\everyMPtoPDFconversion=\toks27
)
("C:\Users\14165\AppData\Local\Programs\MiKTeX 2.9\tex\latex\oberdiek\epstopdf-
base.sty"
Package: epstopdf-base 2016/05/15 v2.6 Base part for package epstopdf

("C:\Users\14165\AppData\Local\Programs\MiKTeX 2.9\tex\generic\oberdiek\infware
rr.sty"
Package: infwarerr 2016/05/16 v1.4 Providing info/warning/error messages (HO)
)
("C:\Users\14165\AppData\Local\Programs\MiKTeX 2.9\tex\latex\oberdiek\grfext.st
y"
Package: grfext 2016/05/16 v1.2 Manage graphics extensions (HO)

("C:\Users\14165\AppData\Local\Programs\MiKTeX 2.9\tex\generic\oberdiek\kvdefin
ekeys.sty"
Package: kvdefinekeys 2016/05/16 v1.4 Define keys (HO)

("C:\Users\14165\AppData\Local\Programs\MiKTeX 2.9\tex\generic\oberdiek\ltxcmds
.sty"
Package: ltxcmds 2016/05/16 v1.23 LaTeX kernel commands for general use (HO)
)))
("C:\Users\14165\AppData\Local\Programs\MiKTeX 2.9\tex\latex\oberdiek\kvoptions
.sty"
Package: kvoptions 2016/05/16 v3.12 Key value format for package options (HO)

("C:\Users\14165\AppData\Local\Programs\MiKTeX 2.9\tex\generic\oberdiek\kvsetke
ys.sty"
Package: kvsetkeys 2016/05/16 v1.17 Key value parser (HO)

("C:\Users\14165\AppData\Local\Programs\MiKTeX 2.9\tex\generic\oberdiek\etexcmd
s.sty"
Package: etexcmds 2016/05/16 v1.6 Avoid name clashes with e-TeX commands (HO)

("C:\Users\14165\AppData\Local\Programs\MiKTeX 2.9\tex\generic\oberdiek\ifluate
x.sty"
Package: ifluatex 2016/05/16 v1.4 Provides the ifluatex switch (HO)
Package ifluatex Info: LuaTeX not detected.
)
Package etexcmds Info: Could not find \expanded.
(etexcmds)             That can mean that you are not using pdfTeX 1.50 or
(etexcmds)             that some package has redefined \expanded.
(etexcmds)             In the latter case, load this package earlier.
)))
("C:\Users\14165\AppData\Local\Programs\MiKTeX 2.9\tex\generic\oberdiek\pdftexc
mds.sty"
Package: pdftexcmds 2018/09/10 v0.29 Utility functions of pdfTeX for LuaTeX (HO
)

("C:\Users\14165\AppData\Local\Programs\MiKTeX 2.9\tex\generic\oberdiek\ifpdf.s
ty"
Package: ifpdf 2018/09/07 v3.3 Provides the ifpdf switch
)
Package pdftexcmds Info: LuaTeX not detected.
Package pdftexcmds Info: \pdf@primitive is available.
Package pdftexcmds Info: \pdf@ifprimitive is available.
Package pdftexcmds Info: \pdfdraftmode found.
)
Package epstopdf-base Info: Redefining graphics rule for `.eps' on input line 4
38.
Package grfext Info: Graphics extension search list:
(grfext)             [.pdf,.png,.jpg,.mps,.jpeg,.jbig2,.jb2,.PDF,.PNG,.JPG,.JPE
G,.JBIG2,.JB2,.eps]
(grfext)             \AppendGraphicsExtensions on input line 456.
)
Package caption Info: Begin \AtBeginDocument code.
Package caption Info: subfig package v1.3 is loaded.
Package caption Info: End \AtBeginDocument code.
 [1{C:/Users/14165/AppData/Local/MiKTeX/2.9/pdftex/config/pdftex.map}]
Underfull \vbox (badness 1874) has occurred while \output is active []

 [2]
LaTeX Font Info:    Try loading font information for OMS+cmr on input line 122.


("C:\Users\14165\AppData\Local\Programs\MiKTeX 2.9\tex\latex\base\omscmr.fd"
File: omscmr.fd 2014/09/29 v2.5h Standard LaTeX font definitions
)
LaTeX Font Info:    Font shape `OMS/cmr/m/n' in size <10> not available
(Font)              Font shape `OMS/cmsy/m/n' tried instead on input line 122.

[3] [4] [5] [6] [7] [8] [9]
Overfull \hbox (18.11183pt too wide) in paragraph at lines 461--464
[]\OT1/cmr/m/n/10 In 1899, a writer us-ing the pseu-do-nym ``Quemquaeris'' [[]]
 (``quem quaeris''=``whom
 []


Overfull \hbox (12.44263pt too wide) in paragraph at lines 483--486
[]\OT1/cmr/m/n/10 In 1916, Wat-son [[]] finds the fol-low-ing as-ymp-totic se-r
ies for $\OML/cmm/m/it/10 S[] \OT1/cmr/m/n/10 = [][] [] []$: 
 []

[10] [11] [12] [13] [14] [15] [16] [17] [18] [19] [20]
<20000-25000.pdf, id=90, 361.35pt x 221.95824pt>
File: 20000-25000.pdf Graphic file (type pdf)
<use 20000-25000.pdf>
Package pdftex.def Info: 20000-25000.pdf  used on input line 1164.
(pdftex.def)             Requested size: 289.0804pt x 177.56682pt.
 [21 <./20000-25000.pdf>] [22] [23] [24] [25] [26] [27] [28] [29]
Overfull \hbox (3.20193pt too wide) detected at line 1624
[]
 []


Overfull \hbox (3.20193pt too wide) in alignment at lines 1623--1624
[] [] 
 []


Overfull \hbox (1.08507pt too wide) detected at line 1630
[] [] [] \OMS/cmsy/m/n/10  \OML/cmm/m/it/10 C[]q [] q \OT1/cmr/m/n/10 + 2 [] [
] [] [] \OML/cmm/m/it/10 :
 []

[30] [31]
LaTeX Font Info:    Try loading font information for U+euf on input line 1712.

("C:\Users\14165\AppData\Local\Programs\MiKTeX 2.9\tex\latex\amsfonts\ueuf.fd"
File: ueuf.fd 2013/01/14 v3.01 Euler Fraktur
) [32] [33] [34] [35] [36] [37] [38] [39] [40] [41] [42]
Overfull \hbox (4.74547pt too wide) in paragraph at lines 2348--2349
[]\OT1/cmr/m/n/10 We show in the fol-low-ing the-o-rem that for al-most all $\O
ML/cmm/m/it/10 x$\OT1/cmr/m/n/10 , the power se-ries $[][] []$
 []

[43] [44] [45] [46]
Overfull \hbox (13.79678pt too wide) in alignment at lines 2634--2639
 [][][] []
 []

[47] [48] [49] [50] [51]
Overfull \hbox (2.86313pt too wide) in paragraph at lines 2930--2932
\OT1/cmr/m/n/10 by the Weier-strass $\OML/cmm/m/it/10 M$\OT1/cmr/m/n/10 -test [
[], p. 148, The-o-rem 7.10], the se-quence $[][] \OML/cmm/m/it/10 C[]\OT1/cmr/m
/n/10 (\OML/cmm/m/it/10 rq[]\OT1/cmr/m/n/10 )\OML/cmm/m/it/10 z[]$
 []

[52] [53] [54] [55] [56] [57] [58]
Overfull \hbox (3.36172pt too wide) in paragraph at lines 3340--3347
[]\OT1/cmr/m/n/10 Measure the-o-retic re-sults in Dio-phan-tine ap-prox-i-ma-ti
on are pre-sented in Khinchin
 []

[59] [60]
Overfull \hbox (4.52692pt too wide) in paragraph at lines 3444--3447
\OT1/cmr/m/n/10 Davenport [[], p. 13, The-o-rem 4] also proves that for al-most
 all $\OML/cmm/m/it/10 $\OT1/cmr/m/n/10 , $[][] []\OML/cmm/m/it/10 f\OT1/cmr/m
/n/10 (\OML/cmm/m/it/10 n\OT1/cmr/m/n/10 ) \OMS/cmsy/m/n/10 !
 []

[61] (diophantine.bbl
Underfull \hbox (badness 1728) in paragraph at lines 29--33
[]\OT1/cmr/m/n/8 Paul Bach-mann, \OT1/cmr/m/it/8 An-a-lytis-che Zahlen-the-o-ri
e\OT1/cmr/m/n/8 , En-cyk-lopadie der math-e-ma-tis-chen Wis-
 []

[62]
Underfull \vbox (badness 10000) has occurred while \output is active []

 [63]
Underfull \vbox (badness 10000) has occurred while \output is active []

 [64]
Underfull \vbox (badness 10000) has occurred while \output is active []

 [65]
Underfull \vbox (badness 10000) has occurred while \output is active []

 [66])
Underfull \vbox (badness 10000) has occurred while \output is active []

 [67]
[68] (diophantine.aux) ) 
Here is how much of TeX's memory you used:
 4369 strings out of 492970
 63311 string characters out of 3126594
 137918 words of memory out of 3000000
 8022 multiletter control sequences out of 15000+200000
 13226 words of font info for 53 fonts, out of 3000000 for 9000
 1302 hyphenation exceptions out of 8191
 44i,19n,42p,612b,343s stack positions out of 5000i,500n,10000p,200000b,50000s
<C:/Users/14165/AppData/Local/Programs/MiKTeX 2.9/fonts
/type1/public/amsfonts/cm/cmbx10.pfb><C:/Users/14165/AppData/Local/Programs/MiK
TeX 2.9/fonts/type1/public/amsfonts/cm/cmbx8.pfb><C:/Users/14165/AppData/Local/
Programs/MiKTeX 2.9/fonts/type1/public/amsfonts/cm/cmcsc10.pfb><C:/Users/14165/
AppData/Local/Programs/MiKTeX 2.9/fonts/type1/public/amsfonts/cm/cmex10.pfb><C:
/Users/14165/AppData/Local/Programs/MiKTeX 2.9/fonts/type1/public/amsfonts/cmex
tra/cmex7.pfb><C:/Users/14165/AppData/Local/Programs/MiKTeX 2.9/fonts/type1/pub
lic/amsfonts/cmextra/cmex8.pfb><C:/Users/14165/AppData/Local/Programs/MiKTeX 2.
9/fonts/type1/public/amsfonts/cm/cmmi10.pfb><C:/Users/14165/AppData/Local/Progr
ams/MiKTeX 2.9/fonts/type1/public/amsfonts/cm/cmmi5.pfb><C:/Users/14165/AppData
/Local/Programs/MiKTeX 2.9/fonts/type1/public/amsfonts/cm/cmmi6.pfb><C:/Users/1
4165/AppData/Local/Programs/MiKTeX 2.9/fonts/type1/public/amsfonts/cm/cmmi7.pfb
><C:/Users/14165/AppData/Local/Programs/MiKTeX 2.9/fonts/type1/public/amsfonts/
cm/cmmi8.pfb><C:/Users/14165/AppData/Local/Programs/MiKTeX 2.9/fonts/type1/publ
ic/amsfonts/cm/cmr10.pfb><C:/Users/14165/AppData/Local/Programs/MiKTeX 2.9/font
s/type1/public/amsfonts/cm/cmr5.pfb><C:/Users/14165/AppData/Local/Programs/MiKT
eX 2.9/fonts/type1/public/amsfonts/cm/cmr6.pfb><C:/Users/14165/AppData/Local/Pr
ograms/MiKTeX 2.9/fonts/type1/public/amsfonts/cm/cmr7.pfb><C:/Users/14165/AppDa
ta/Local/Programs/MiKTeX 2.9/fonts/type1/public/amsfonts/cm/cmr8.pfb><C:/Users/
14165/AppData/Local/Programs/MiKTeX 2.9/fonts/type1/public/amsfonts/cm/cmsy10.p
fb><C:/Users/14165/AppData/Local/Programs/MiKTeX 2.9/fonts/type1/public/amsfont
s/cm/cmsy5.pfb><C:/Users/14165/AppData/Local/Programs/MiKTeX 2.9/fonts/type1/pu
blic/amsfonts/cm/cmsy6.pfb><C:/Users/14165/AppData/Local/Programs/MiKTeX 2.9/fo
nts/type1/public/amsfonts/cm/cmsy7.pfb><C:/Users/14165/AppData/Local/Programs/M
iKTeX 2.9/fonts/type1/public/amsfonts/cm/cmsy8.pfb><C:/Users/14165/AppData/Loca
l/Programs/MiKTeX 2.9/fonts/type1/public/amsfonts/cm/cmti10.pfb><C:/Users/14165
/AppData/Local/Programs/MiKTeX 2.9/fonts/type1/public/amsfonts/cm/cmti8.pfb><C:
/Users/14165/AppData/Local/Programs/MiKTeX 2.9/fonts/type1/public/amsfonts/cm/c
mtt8.pfb><C:/Users/14165/AppData/Local/Programs/MiKTeX 2.9/fonts/type1/public/a
msfonts/euler/eufm10.pfb><C:/Users/14165/AppData/Local/Programs/MiKTeX 2.9/font
s/type1/public/amsfonts/euler/eufm7.pfb><C:/Users/14165/AppData/Local/Programs/
MiKTeX 2.9/fonts/type1/public/amsfonts/symbols/msam10.pfb><C:/Users/14165/AppDa
ta/Local/Programs/MiKTeX 2.9/fonts/type1/public/amsfonts/symbols/msbm10.pfb><C:
/Users/14165/AppData/Local/Programs/MiKTeX 2.9/fonts/type1/public/amsfonts/symb
ols/msbm7.pfb><C:/Users/14165/AppData/Local/Programs/MiKTeX 2.9/fonts/type1/pub
lic/rsfs/rsfs10.pfb><C:/Users/14165/AppData/Local/Programs/MiKTeX 2.9/fonts/typ
e1/public/rsfs/rsfs7.pfb>
Output written on diophantine.pdf (68 pages, 683871 bytes).
PDF statistics:
 351 PDF objects out of 1000 (max. 8388607)
 0 named destinations out of 1000 (max. 500000)
 6 words of extra memory for PDF output out of 10000 (max. 10000000)

