This is pdfTeX, Version 3.14159265-2.6-1.40.17 (TeX Live 2016) (preloaded format=pdflatex 2016.5.22)  18 SEP 2018 22:52
entering extended mode
 restricted \write18 enabled.
 file:line:error style messages enabled.
 %&-line parsing enabled.
**euclidI.tex
(./euclidI.tex
LaTeX2e <2016/03/31>
Babel <3.9r> and hyphenation patterns for 83 language(s) loaded.
(/usr/local/texlive/2016/texmf-dist/tex/latex/base/article.cls
Document Class: article 2014/09/29 v1.4h Standard LaTeX document class
(/usr/local/texlive/2016/texmf-dist/tex/latex/base/size10.clo
File: size10.clo 2014/09/29 v1.4h Standard LaTeX file (size option)
)
\c@part=\count79
\c@section=\count80
\c@subsection=\count81
\c@subsubsection=\count82
\c@paragraph=\count83
\c@subparagraph=\count84
\c@figure=\count85
\c@table=\count86
\abovecaptionskip=\skip41
\belowcaptionskip=\skip42
\bibindent=\dimen102
)
(/usr/local/texlive/2016/texmf-dist/tex/latex/amsmath/amsmath.sty
Package: amsmath 2016/03/10 v2.15b AMS math features
\@mathmargin=\skip43

For additional information on amsmath, use the `?' option.
(/usr/local/texlive/2016/texmf-dist/tex/latex/amsmath/amstext.sty
Package: amstext 2000/06/29 v2.01 AMS text

(/usr/local/texlive/2016/texmf-dist/tex/latex/amsmath/amsgen.sty
File: amsgen.sty 1999/11/30 v2.0 generic functions
\@emptytoks=\toks14
\ex@=\dimen103
))
(/usr/local/texlive/2016/texmf-dist/tex/latex/amsmath/amsbsy.sty
Package: amsbsy 1999/11/29 v1.2d Bold Symbols
\pmbraise@=\dimen104
)
(/usr/local/texlive/2016/texmf-dist/tex/latex/amsmath/amsopn.sty
Package: amsopn 2016/03/08 v2.02 operator names
)
\inf@bad=\count87
LaTeX Info: Redefining \frac on input line 199.
\uproot@=\count88
\leftroot@=\count89
LaTeX Info: Redefining \overline on input line 297.
\classnum@=\count90
\DOTSCASE@=\count91
LaTeX Info: Redefining \ldots on input line 394.
LaTeX Info: Redefining \dots on input line 397.
LaTeX Info: Redefining \cdots on input line 518.
\Mathstrutbox@=\box26
\strutbox@=\box27
\big@size=\dimen105
LaTeX Font Info:    Redeclaring font encoding OML on input line 634.
LaTeX Font Info:    Redeclaring font encoding OMS on input line 635.
\macc@depth=\count92
\c@MaxMatrixCols=\count93
\dotsspace@=\muskip10
\c@parentequation=\count94
\dspbrk@lvl=\count95
\tag@help=\toks15
\row@=\count96
\column@=\count97
\maxfields@=\count98
\andhelp@=\toks16
\eqnshift@=\dimen106
\alignsep@=\dimen107
\tagshift@=\dimen108
\tagwidth@=\dimen109
\totwidth@=\dimen110
\lineht@=\dimen111
\@envbody=\toks17
\multlinegap=\skip44
\multlinetaggap=\skip45
\mathdisplay@stack=\toks18
LaTeX Info: Redefining \[ on input line 2739.
LaTeX Info: Redefining \] on input line 2740.
)
(/usr/local/texlive/2016/texmf-dist/tex/latex/amsfonts/amssymb.sty
Package: amssymb 2013/01/14 v3.01 AMS font symbols

(/usr/local/texlive/2016/texmf-dist/tex/latex/amsfonts/amsfonts.sty
Package: amsfonts 2013/01/14 v3.01 Basic AMSFonts support
\symAMSa=\mathgroup4
\symAMSb=\mathgroup5
LaTeX Font Info:    Overwriting math alphabet `\mathfrak' in version `bold'
(Font)                  U/euf/m/n --> U/euf/b/n on input line 106.
))
(/usr/local/texlive/2016/texmf-dist/tex/latex/graphics/graphicx.sty
Package: graphicx 2014/10/28 v1.0g Enhanced LaTeX Graphics (DPC,SPQR)

(/usr/local/texlive/2016/texmf-dist/tex/latex/graphics/keyval.sty
Package: keyval 2014/10/28 v1.15 key=value parser (DPC)
\KV@toks@=\toks19
)
(/usr/local/texlive/2016/texmf-dist/tex/latex/graphics/graphics.sty
Package: graphics 2016/05/09 v1.0r Standard LaTeX Graphics (DPC,SPQR)

(/usr/local/texlive/2016/texmf-dist/tex/latex/graphics/trig.sty
Package: trig 2016/01/03 v1.10 sin cos tan (DPC)
)
(/usr/local/texlive/2016/texmf-dist/tex/latex/graphics-cfg/graphics.cfg
File: graphics.cfg 2016/01/02 v1.10 sample graphics configuration
)
Package graphics Info: Driver file: pdftex.def on input line 96.

(/usr/local/texlive/2016/texmf-dist/tex/latex/pdftex-def/pdftex.def
File: pdftex.def 2011/05/27 v0.06d Graphics/color for pdfTeX

(/usr/local/texlive/2016/texmf-dist/tex/generic/oberdiek/infwarerr.sty
Package: infwarerr 2016/05/16 v1.4 Providing info/warning/error messages (HO)
)
(/usr/local/texlive/2016/texmf-dist/tex/generic/oberdiek/ltxcmds.sty
Package: ltxcmds 2016/05/16 v1.23 LaTeX kernel commands for general use (HO)
)
\Gread@gobject=\count99
))
\Gin@req@height=\dimen112
\Gin@req@width=\dimen113
)
(/usr/local/texlive/2016/texmf-dist/tex/latex/subfig/subfig.sty
Package: subfig 2005/06/28 ver: 1.3 subfig package

(/usr/local/texlive/2016/texmf-dist/tex/latex/caption/caption.sty
Package: caption 2016/02/21 v3.3-144 Customizing captions (AR)

(/usr/local/texlive/2016/texmf-dist/tex/latex/caption/caption3.sty
Package: caption3 2016/02/04 v1.7-139 caption3 kernel (AR)
Package caption3 Info: TeX engine: e-TeX on input line 67.
\captionmargin=\dimen114
\captionmargin@=\dimen115
\captionwidth=\dimen116
\caption@tempdima=\dimen117
\caption@indent=\dimen118
\caption@parindent=\dimen119
\caption@hangindent=\dimen120
)
\c@ContinuedFloat=\count100
)
\c@KVtest=\count101
\sf@farskip=\skip46
\sf@captopadj=\dimen121
\sf@capskip=\skip47
\sf@nearskip=\skip48
\c@subfigure=\count102
\c@subfigure@save=\count103
\c@lofdepth=\count104
\c@subtable=\count105
\c@subtable@save=\count106
\c@lotdepth=\count107
\sf@top=\skip49
\sf@bottom=\skip50
)
(/usr/local/texlive/2016/texmf-dist/tex/latex/jknapltx/mathrsfs.sty
Package: mathrsfs 1996/01/01 Math RSFS package v1.0 (jk)
\symrsfs=\mathgroup6
)
(/usr/local/texlive/2016/texmf-dist/tex/latex/amscls/amsthm.sty
Package: amsthm 2015/03/04 v2.20.2
\thm@style=\toks20
\thm@bodyfont=\toks21
\thm@headfont=\toks22
\thm@notefont=\toks23
\thm@headpunct=\toks24
\thm@preskip=\skip51
\thm@postskip=\skip52
\thm@headsep=\skip53
\dth@everypar=\toks25
)
(/usr/local/texlive/2016/texmf-dist/tex/latex/enumitem/enumitem.sty
Package: enumitem 2011/09/28 v3.5.2 Customized lists
\labelindent=\skip54
\enit@outerparindent=\dimen122
\enit@toks=\toks26
\enit@inbox=\box28
\enitdp@description=\count108
)
(/usr/local/texlive/2016/texmf-dist/tex/latex/l3packages/xfrac/xfrac.sty
(/usr/local/texlive/2016/texmf-dist/tex/latex/l3kernel/expl3.sty
Package: expl3 2016/05/18 v6512 L3 programming layer (loader) 

(/usr/local/texlive/2016/texmf-dist/tex/latex/l3kernel/expl3-code.tex
Package: expl3 2016/05/18 v6512 L3 programming layer (code)
L3 Module: l3bootstrap 2016/02/12 v6412 L3 Bootstrap code
L3 Module: l3names 2016/03/11 v6433 L3 Namespace for primitives
L3 Module: l3basics 2015/11/22 v6315 L3 Basic definitions
L3 Module: l3expan 2015/09/10 v5983 L3 Argument expansion
L3 Module: l3tl 2016/03/26 v6465 L3 Token lists
L3 Module: l3str 2016/03/24 v6441 L3 Strings
L3 Module: l3seq 2015/08/05 v5777 L3 Sequences and stacks
L3 Module: l3int 2016/03/24 v6441 L3 Integers
\c_max_int=\count109
\l_tmpa_int=\count110
\l_tmpb_int=\count111
\g_tmpa_int=\count112
\g_tmpb_int=\count113
L3 Module: l3quark 2015/08/17 v5855 L3 Quarks
L3 Module: l3prg 2015/11/01 v6216 L3 Control structures
\g__prg_map_int=\count114
L3 Module: l3clist 2015/09/02 v5901 L3 Comma separated lists
L3 Module: l3token 2016/04/03 v6470 L3 Experimental token manipulation
L3 Module: l3prop 2016/01/05 v6366 L3 Property lists
L3 Module: l3msg 2016/03/26 v6464 L3 Messages
L3 Module: l3file 2016/03/25 v6458 L3 File and I/O operations
\l_iow_line_count_int=\count115
\l__iow_target_count_int=\count116
\l__iow_current_line_int=\count117
\l__iow_current_word_int=\count118
\l__iow_current_indentation_int=\count119
L3 Module: l3skip 2016/01/05 v6366 L3 Dimensions and skips
\c_zero_dim=\dimen123
\c_max_dim=\dimen124
\l_tmpa_dim=\dimen125
\l_tmpb_dim=\dimen126
\g_tmpa_dim=\dimen127
\g_tmpb_dim=\dimen128
\c_zero_skip=\skip55
\c_max_skip=\skip56
\l_tmpa_skip=\skip57
\l_tmpb_skip=\skip58
\g_tmpa_skip=\skip59
\g_tmpb_skip=\skip60
\c_zero_muskip=\muskip11
\c_max_muskip=\muskip12
\l_tmpa_muskip=\muskip13
\l_tmpb_muskip=\muskip14
\g_tmpa_muskip=\muskip15
\g_tmpb_muskip=\muskip16
L3 Module: l3keys 2015/11/17 v6284 L3 Key-value interfaces
\g__keyval_level_int=\count120
\l_keys_choice_int=\count121
L3 Module: l3fp 2016/03/26 v6465 L3 Floating points
\c__fp_leading_shift_int=\count122
\c__fp_middle_shift_int=\count123
\c__fp_trailing_shift_int=\count124
\c__fp_big_leading_shift_int=\count125
\c__fp_big_middle_shift_int=\count126
\c__fp_big_trailing_shift_int=\count127
\c__fp_Bigg_leading_shift_int=\count128
\c__fp_Bigg_middle_shift_int=\count129
\c__fp_Bigg_trailing_shift_int=\count130
L3 Module: l3box 2015/08/09 v5822 L3 Experimental boxes
\c_empty_box=\box29
\l_tmpa_box=\box30
\l_tmpb_box=\box31
\g_tmpa_box=\box32
\g_tmpb_box=\box33
L3 Module: l3coffins 2016/05/17 v6508 L3 Coffin code layer
\l__coffin_internal_box=\box34
\l__coffin_internal_dim=\dimen129
\l__coffin_offset_x_dim=\dimen130
\l__coffin_offset_y_dim=\dimen131
\l__coffin_x_dim=\dimen132
\l__coffin_y_dim=\dimen133
\l__coffin_x_prime_dim=\dimen134
\l__coffin_y_prime_dim=\dimen135
\c_empty_coffin=\box35
\l__coffin_aligned_coffin=\box36
\l__coffin_aligned_internal_coffin=\box37
\l_tmpa_coffin=\box38
\l_tmpb_coffin=\box39
\l__coffin_display_coffin=\box40
\l__coffin_display_coord_coffin=\box41
\l__coffin_display_pole_coffin=\box42
\l__coffin_display_offset_dim=\dimen136
\l__coffin_display_x_dim=\dimen137
\l__coffin_display_y_dim=\dimen138
L3 Module: l3color 2014/08/23 v5354 L3 Experimental color support
L3 Module: l3sys 2015/09/25 v6087 L3 Experimental system/runtime functions
L3 Module: l3candidates 2016/05/13 v6484 L3 Experimental additions to l3kernel
\l__box_top_dim=\dimen139
\l__box_bottom_dim=\dimen140
\l__box_left_dim=\dimen141
\l__box_right_dim=\dimen142
\l__box_top_new_dim=\dimen143
\l__box_bottom_new_dim=\dimen144
\l__box_left_new_dim=\dimen145
\l__box_right_new_dim=\dimen146
\l__box_internal_box=\box43
\l__coffin_bounding_shift_dim=\dimen147
\l__coffin_left_corner_dim=\dimen148
\l__coffin_right_corner_dim=\dimen149
\l__coffin_bottom_corner_dim=\dimen150
\l__coffin_top_corner_dim=\dimen151
\l__coffin_scaled_total_height_dim=\dimen152
\l__coffin_scaled_width_dim=\dimen153
L3 Module: l3luatex 2016/03/26 v6465 L3 Experimental LuaTeX-specific functions
)
(/usr/local/texlive/2016/texmf-dist/tex/latex/l3kernel/l3pdfmode.def
File: l3pdfmode.def 2016/03/26 v6465 L3 Experimental driver: PDF mode
\l__driver_color_stack_int=\count131
\l__driver_tmp_box=\box44
))
(/usr/local/texlive/2016/texmf-dist/tex/latex/l3packages/l3keys2e/l3keys2e.sty
Package: l3keys2e 2016/05/18 v6512 LaTeX2e option processing using LaTeX3 keys
) (/usr/local/texlive/2016/texmf-dist/tex/latex/base/textcomp.sty
Package: textcomp 2005/09/27 v1.99g Standard LaTeX package
Package textcomp Info: Sub-encoding information:
(textcomp)               5 = only ISO-Adobe without \textcurrency
(textcomp)               4 = 5 + \texteuro
(textcomp)               3 = 4 + \textohm
(textcomp)               2 = 3 + \textestimated + \textcurrency
(textcomp)               1 = TS1 - \textcircled - \t
(textcomp)               0 = TS1 (full)
(textcomp)             Font families with sub-encoding setting implement
(textcomp)             only a restricted character set as indicated.
(textcomp)             Family '?' is the default used for unknown fonts.
(textcomp)             See the documentation for details.
Package textcomp Info: Setting ? sub-encoding to TS1/1 on input line 79.

(/usr/local/texlive/2016/texmf-dist/tex/latex/base/ts1enc.def
File: ts1enc.def 2001/06/05 v3.0e (jk/car/fm) Standard LaTeX file
)
LaTeX Info: Redefining \oldstylenums on input line 334.
Package textcomp Info: Setting cmr sub-encoding to TS1/0 on input line 349.
Package textcomp Info: Setting cmss sub-encoding to TS1/0 on input line 350.
Package textcomp Info: Setting cmtt sub-encoding to TS1/0 on input line 351.
Package textcomp Info: Setting cmvtt sub-encoding to TS1/0 on input line 352.
Package textcomp Info: Setting cmbr sub-encoding to TS1/0 on input line 353.
Package textcomp Info: Setting cmtl sub-encoding to TS1/0 on input line 354.
Package textcomp Info: Setting ccr sub-encoding to TS1/0 on input line 355.
Package textcomp Info: Setting ptm sub-encoding to TS1/4 on input line 356.
Package textcomp Info: Setting pcr sub-encoding to TS1/4 on input line 357.
Package textcomp Info: Setting phv sub-encoding to TS1/4 on input line 358.
Package textcomp Info: Setting ppl sub-encoding to TS1/3 on input line 359.
Package textcomp Info: Setting pag sub-encoding to TS1/4 on input line 360.
Package textcomp Info: Setting pbk sub-encoding to TS1/4 on input line 361.
Package textcomp Info: Setting pnc sub-encoding to TS1/4 on input line 362.
Package textcomp Info: Setting pzc sub-encoding to TS1/4 on input line 363.
Package textcomp Info: Setting bch sub-encoding to TS1/4 on input line 364.
Package textcomp Info: Setting put sub-encoding to TS1/5 on input line 365.
Package textcomp Info: Setting uag sub-encoding to TS1/5 on input line 366.
Package textcomp Info: Setting ugq sub-encoding to TS1/5 on input line 367.
Package textcomp Info: Setting ul8 sub-encoding to TS1/4 on input line 368.
Package textcomp Info: Setting ul9 sub-encoding to TS1/4 on input line 369.
Package textcomp Info: Setting augie sub-encoding to TS1/5 on input line 370.
Package textcomp Info: Setting dayrom sub-encoding to TS1/3 on input line 371.
Package textcomp Info: Setting dayroms sub-encoding to TS1/3 on input line 372.

Package textcomp Info: Setting pxr sub-encoding to TS1/0 on input line 373.
Package textcomp Info: Setting pxss sub-encoding to TS1/0 on input line 374.
Package textcomp Info: Setting pxtt sub-encoding to TS1/0 on input line 375.
Package textcomp Info: Setting txr sub-encoding to TS1/0 on input line 376.
Package textcomp Info: Setting txss sub-encoding to TS1/0 on input line 377.
Package textcomp Info: Setting txtt sub-encoding to TS1/0 on input line 378.
Package textcomp Info: Setting lmr sub-encoding to TS1/0 on input line 379.
Package textcomp Info: Setting lmdh sub-encoding to TS1/0 on input line 380.
Package textcomp Info: Setting lmss sub-encoding to TS1/0 on input line 381.
Package textcomp Info: Setting lmssq sub-encoding to TS1/0 on input line 382.
Package textcomp Info: Setting lmvtt sub-encoding to TS1/0 on input line 383.
Package textcomp Info: Setting lmtt sub-encoding to TS1/0 on input line 384.
Package textcomp Info: Setting qhv sub-encoding to TS1/0 on input line 385.
Package textcomp Info: Setting qag sub-encoding to TS1/0 on input line 386.
Package textcomp Info: Setting qbk sub-encoding to TS1/0 on input line 387.
Package textcomp Info: Setting qcr sub-encoding to TS1/0 on input line 388.
Package textcomp Info: Setting qcs sub-encoding to TS1/0 on input line 389.
Package textcomp Info: Setting qpl sub-encoding to TS1/0 on input line 390.
Package textcomp Info: Setting qtm sub-encoding to TS1/0 on input line 391.
Package textcomp Info: Setting qzc sub-encoding to TS1/0 on input line 392.
Package textcomp Info: Setting qhvc sub-encoding to TS1/0 on input line 393.
Package textcomp Info: Setting futs sub-encoding to TS1/4 on input line 394.
Package textcomp Info: Setting futx sub-encoding to TS1/4 on input line 395.
Package textcomp Info: Setting futj sub-encoding to TS1/4 on input line 396.
Package textcomp Info: Setting hlh sub-encoding to TS1/3 on input line 397.
Package textcomp Info: Setting hls sub-encoding to TS1/3 on input line 398.
Package textcomp Info: Setting hlst sub-encoding to TS1/3 on input line 399.
Package textcomp Info: Setting hlct sub-encoding to TS1/5 on input line 400.
Package textcomp Info: Setting hlx sub-encoding to TS1/5 on input line 401.
Package textcomp Info: Setting hlce sub-encoding to TS1/5 on input line 402.
Package textcomp Info: Setting hlcn sub-encoding to TS1/5 on input line 403.
Package textcomp Info: Setting hlcw sub-encoding to TS1/5 on input line 404.
Package textcomp Info: Setting hlcf sub-encoding to TS1/5 on input line 405.
Package textcomp Info: Setting pplx sub-encoding to TS1/3 on input line 406.
Package textcomp Info: Setting pplj sub-encoding to TS1/3 on input line 407.
Package textcomp Info: Setting ptmx sub-encoding to TS1/4 on input line 408.
Package textcomp Info: Setting ptmj sub-encoding to TS1/4 on input line 409.
)
(/usr/local/texlive/2016/texmf-dist/tex/latex/l3packages/xparse/xparse.sty
Package: xparse 2016/05/18 v6512 L3 Experimental document command parser
\l__xparse_current_arg_int=\count132
\l__xparse_m_args_int=\count133
\l__xparse_mandatory_args_int=\count134
\l__xparse_processor_int=\count135
\l__xparse_v_nesting_int=\count136
)
(/usr/local/texlive/2016/texmf-dist/tex/latex/l3packages/xtemplate/xtemplate.st
y
Package: xtemplate 2016/05/18 v6512 L3 Experimental prototype document function
s
\l__xtemplate_tmp_dim=\dimen154
\l__xtemplate_tmp_int=\count137
\l__xtemplate_tmp_muskip=\muskip17
\l__xtemplate_tmp_skip=\skip61
)
Package: xfrac 2016/05/18 v6512 L3 Experimental split-level fractions
\l__xfrac_slash_box=\box45
\l__xfrac_tmp_box=\box46
\l__xfrac_denominator_bot_sep_dim=\dimen155
\l__xfrac_numerator_bot_sep_dim=\dimen156
\l__xfrac_numerator_top_sep_dim=\dimen157
\l__xfrac_slash_left_sep_dim=\dimen158
\l__xfrac_slash_right_sep_dim=\dimen159
\l__xfrac_slash_left_muskip=\muskip18
\l__xfrac_slash_right_muskip=\muskip19
.................................................
. xtemplate info: "declare-object-type"
. 
. Declaring object type 'xfrac' taking 3 argument(s) on line 111.
.................................................
.................................................
. LaTeX info: "xparse/define-command"
. 
. Defining command \sfrac with sig. 'omom' on line 451.
.................................................
) (/usr/local/texlive/2016/texmf-dist/tex/latex/breqn/flexisym.sty
Package: flexisym 2015/08/11 v0.98d Make math characters macros
LaTeX Info: Redefining \textprime on input line 299.
LaTeX Info: Redefining \not on input line 357.

(/usr/local/texlive/2016/texmf-dist/tex/latex/breqn/cmbase.sym
File: cmbase.sym 2007/12/19 v0.92
LaTeX Info: Redefining \hbar on input line 324.
LaTeX Info: Redefining \surd on input line 326.
LaTeX Info: Redefining \angle on input line 334.
LaTeX Info: Redefining \neq on input line 335.
LaTeX Info: Redefining \mapsto on input line 336.
LaTeX Info: Redefining \cong on input line 337.
LaTeX Info: Redefining \notin on input line 340.
LaTeX Info: Redefining \rightleftharpoons on input line 341.
LaTeX Info: Redefining \doteq on input line 342.
LaTeX Info: Redefining \hookrightarrow on input line 343.
LaTeX Info: Redefining \hookleftarrow on input line 344.
LaTeX Info: Redefining \bowtie on input line 345.
LaTeX Info: Redefining \models on input line 346.
LaTeX Info: Redefining \Longrightarrow on input line 347.
LaTeX Info: Redefining \longrightarrow on input line 348.
LaTeX Info: Redefining \Longleftarrow on input line 349.
LaTeX Info: Redefining \longleftarrow on input line 350.
LaTeX Info: Redefining \longmapsto on input line 351.
LaTeX Info: Redefining \longleftrightarrow on input line 352.
LaTeX Info: Redefining \Longleftrightarrow on input line 353.
LaTeX Info: Redefining \cdots on input line 357.
LaTeX Info: Redefining \vdots on input line 360.
LaTeX Info: Redefining \ddots on input line 365.
)
(/usr/local/texlive/2016/texmf-dist/tex/latex/breqn/mathstyle.sty
Package: mathstyle 2015/08/11 v0.98d Tracking mathstyle implicitly
LaTeX Info: Redefining \displaystyle on input line 93.
LaTeX Info: Redefining \textstyle on input line 95.
LaTeX Info: Redefining \scriptstyle on input line 97.
LaTeX Info: Redefining \scriptscriptstyle on input line 99.
LaTeX Info: Redefining \genfrac on input line 145.
))
(/usr/local/texlive/2016/texmf-dist/tex/generic/babel/babel.sty
Package: babel 2016/04/23 3.9r The Babel package

(/usr/local/texlive/2016/texmf-dist/tex/generic/babel-greek/greek.ldf
Language: greek 2016/02/04 v1.9f Greek support for the babel system

(/usr/local/texlive/2016/texmf-dist/tex/generic/babel/babel.def
File: babel.def 2016/04/23 3.9r Babel common definitions
\babel@savecnt=\count138
\U@D=\dimen160
)
\bbl@monogreek=\count139
\bbl@polygreek=\count140
\bbl@ancientgreek=\count141

(/usr/local/texlive/2016/texmf-dist/tex/latex/greek-fontenc/lgrenc.def
File: lgrenc.def 2015/12/07 v0.13.1 LGR Greek font encoding definitions

(/usr/local/texlive/2016/texmf-dist/tex/latex/greek-fontenc/greek-fontenc.def
File: greek-fontenc.def 2015/08/04 v0.13 Common Greek font encoding definitions

))) (/usr/local/texlive/2016/texmf-dist/tex/generic/babel-english/english.ldf
Language: english 2012/08/20 v3.3p English support from the babel system
\l@canadian = a dialect from \language\l@american 
\l@australian = a dialect from \language\l@british 
\l@newzealand = a dialect from \language\l@british 
))
\c@theorem=\count142

(./euclidI.aux
LaTeX Font Info:    Try loading font information for LGR+cmr on input line 117.


(/usr/local/texlive/2016/texmf-dist/tex/latex/cbfonts-fd/lgrcmr.fd
File: lgrcmr.fd 2016/03/04 v1.1 Greek European Computer Regular
))
\openout1 = `euclidI.aux'.

LaTeX Font Info:    Checking defaults for OML/cmm/m/it on input line 26.
LaTeX Font Info:    ... okay on input line 26.
LaTeX Font Info:    Checking defaults for T1/cmr/m/n on input line 26.
LaTeX Font Info:    ... okay on input line 26.
LaTeX Font Info:    Checking defaults for OT1/cmr/m/n on input line 26.
LaTeX Font Info:    ... okay on input line 26.
LaTeX Font Info:    Checking defaults for OMS/cmsy/m/n on input line 26.
LaTeX Font Info:    ... okay on input line 26.
LaTeX Font Info:    Checking defaults for OMX/cmex/m/n on input line 26.
LaTeX Font Info:    ... okay on input line 26.
LaTeX Font Info:    Checking defaults for U/cmr/m/n on input line 26.
LaTeX Font Info:    ... okay on input line 26.
LaTeX Font Info:    Checking defaults for TS1/cmr/m/n on input line 26.
LaTeX Font Info:    Try loading font information for TS1+cmr on input line 26.

(/usr/local/texlive/2016/texmf-dist/tex/latex/base/ts1cmr.fd
File: ts1cmr.fd 2014/09/29 v2.5h Standard LaTeX font definitions
)
LaTeX Font Info:    ... okay on input line 26.
LaTeX Font Info:    Checking defaults for LGR/cmr/m/n on input line 26.
LaTeX Font Info:    ... okay on input line 26.

(/usr/local/texlive/2016/texmf-dist/tex/context/base/mkii/supp-pdf.mkii
[Loading MPS to PDF converter (version 2006.09.02).]
\scratchcounter=\count143
\scratchdimen=\dimen161
\scratchbox=\box47
\nofMPsegments=\count144
\nofMParguments=\count145
\everyMPshowfont=\toks27
\MPscratchCnt=\count146
\MPscratchDim=\dimen162
\MPnumerator=\count147
\makeMPintoPDFobject=\count148
\everyMPtoPDFconversion=\toks28
) (/usr/local/texlive/2016/texmf-dist/tex/generic/oberdiek/pdftexcmds.sty
Package: pdftexcmds 2016/05/10 v0.21 Utility functions of pdfTeX for LuaTeX (HO
)

(/usr/local/texlive/2016/texmf-dist/tex/generic/oberdiek/ifluatex.sty
Package: ifluatex 2016/05/16 v1.4 Provides the ifluatex switch (HO)
Package ifluatex Info: LuaTeX not detected.
)
(/usr/local/texlive/2016/texmf-dist/tex/generic/oberdiek/ifpdf.sty
Package: ifpdf 2016/05/14 v3.1 Provides the ifpdf switch
)
Package pdftexcmds Info: LuaTeX not detected.
Package pdftexcmds Info: \pdf@primitive is available.
Package pdftexcmds Info: \pdf@ifprimitive is available.
Package pdftexcmds Info: \pdfdraftmode found.
)
(/usr/local/texlive/2016/texmf-dist/tex/latex/oberdiek/epstopdf-base.sty
Package: epstopdf-base 2016/05/15 v2.6 Base part for package epstopdf

(/usr/local/texlive/2016/texmf-dist/tex/latex/oberdiek/grfext.sty
Package: grfext 2016/05/16 v1.2 Manage graphics extensions (HO)

(/usr/local/texlive/2016/texmf-dist/tex/generic/oberdiek/kvdefinekeys.sty
Package: kvdefinekeys 2016/05/16 v1.4 Define keys (HO)
))
(/usr/local/texlive/2016/texmf-dist/tex/latex/oberdiek/kvoptions.sty
Package: kvoptions 2016/05/16 v3.12 Key value format for package options (HO)

(/usr/local/texlive/2016/texmf-dist/tex/generic/oberdiek/kvsetkeys.sty
Package: kvsetkeys 2016/05/16 v1.17 Key value parser (HO)

(/usr/local/texlive/2016/texmf-dist/tex/generic/oberdiek/etexcmds.sty
Package: etexcmds 2016/05/16 v1.6 Avoid name clashes with e-TeX commands (HO)
Package etexcmds Info: Could not find \expanded.
(etexcmds)             That can mean that you are not using pdfTeX 1.50 or
(etexcmds)             that some package has redefined \expanded.
(etexcmds)             In the latter case, load this package earlier.
)))
Package grfext Info: Graphics extension search list:
(grfext)             [.png,.pdf,.jpg,.mps,.jpeg,.jbig2,.jb2,.PNG,.PDF,.JPG,.JPE
G,.JBIG2,.JB2,.eps]
(grfext)             \AppendGraphicsExtensions on input line 456.

(/usr/local/texlive/2016/texmf-dist/tex/latex/latexconfig/epstopdf-sys.cfg
File: epstopdf-sys.cfg 2010/07/13 v1.3 Configuration of (r)epstopdf for TeX Liv
e
))
Package caption Info: Begin \AtBeginDocument code.
Package caption Info: subfig package v1.3 is loaded.
Package caption Info: End \AtBeginDocument code.
LaTeX Font Info:    Try loading font information for U+msa on input line 31.

(/usr/local/texlive/2016/texmf-dist/tex/latex/amsfonts/umsa.fd
File: umsa.fd 2013/01/14 v3.01 AMS symbols A
)
LaTeX Font Info:    Try loading font information for U+msb on input line 31.

(/usr/local/texlive/2016/texmf-dist/tex/latex/amsfonts/umsb.fd
File: umsb.fd 2013/01/14 v3.01 AMS symbols B
)
LaTeX Font Info:    Try loading font information for U+rsfs on input line 31.

(/usr/local/texlive/2016/texmf-dist/tex/latex/jknapltx/ursfs.fd
File: ursfs.fd 1998/03/24 rsfs font definition file (jk)
) [1

{/usr/local/texlive/2016/texmf-var/fonts/map/pdftex/updmap/pdftex.map}] [2] [3]

Overfull \hbox (21.8486pt too wide) in paragraph at lines 219--221
[]\OT1/cmr/m/n/10 Mueller [[], p. 11]: \OT1/cmr/m/it/10 pro-ta-sis\OT1/cmr/m/n/
10 , \OT1/cmr/m/it/10 ek-the-sis\OT1/cmr/m/n/10 , \OT1/cmr/m/it/10 dior-is-mos\
OT1/cmr/m/n/10 , \OT1/cmr/m/it/10 kataskeu^^Ve\OT1/cmr/m/n/10 , \OT1/cmr/m/it/1
0 apodeixis\OT1/cmr/m/n/10 , \OT1/cmr/m/it/10 sumperasma 
 []

[4] [5] [6] [7] <I2.png, id=33, 212.7147pt x 216.5691pt>
File: I2.png Graphic file (type png)
 <use I2.png>
Package pdftex.def Info: I2.png used on input line 435.
(pdftex.def)             Requested size: 212.71417pt x 216.56857pt.
 [8 <./I2.png>] [9] <I8.png, id=42, 352.6776pt x 138.2766pt>
File: I8.png Graphic file (type png)
 <use I8.png>
Package pdftex.def Info: I8.png used on input line 569.
(pdftex.def)             Requested size: 352.67673pt x 138.27625pt.

Overfull \hbox (7.67673pt too wide) in paragraph at lines 569--570
 [] 
 []

[10] <I12.png, id=46, 313.4109pt x 199.7061pt>
File: I12.png Graphic file (type png)
 <use I12.png>
Package pdftex.def Info: I12.png used on input line 613.
(pdftex.def)             Requested size: 313.41013pt x 199.70561pt.
 [11 <./I8.png>]
<I13.png, id=51, 199.7061pt x 112.0185pt>
File: I13.png Graphic file (type png)
 <use I13.png>
Package pdftex.def Info: I13.png used on input line 646.
(pdftex.def)             Requested size: 199.70561pt x 112.0182pt.
 [12 <./I12.png>]
<I15.png, id=56, 169.3527pt x 112.5003pt>
File: I15.png Graphic file (type png)
 <use I15.png>
Package pdftex.def Info: I15.png used on input line 693.
(pdftex.def)             Requested size: 169.35228pt x 112.50002pt.
 [13 <./I13.png>]
<I22.png, id=62, 890.1255pt x 459.8781pt>
File: I22.png Graphic file (type png)
 <use I22.png>
Package pdftex.def Info: I22.png used on input line 738.
(pdftex.def)             Requested size: 345.0pt x 178.24301pt.

<I23.png, id=63, 470.7186pt x 267.8808pt>
File: I23.png Graphic file (type png)
 <use I23.png>
Package pdftex.def Info: I23.png used on input line 769.
(pdftex.def)             Requested size: 345.0pt x 196.34433pt.
 [14 <./I15.png>]
<proclusI23.png, id=68, 425.1885pt x 254.8722pt>
File: proclusI23.png Graphic file (type png)
 <use proclusI23.png>
Package pdftex.def Info: proclusI23.png used on input line 804.
(pdftex.def)             Requested size: 345.0pt x 206.81868pt.
 [15 <./I22.png>] [16 <./I23.png> <./proclusI23.png>]
Overfull \hbox (3.47285pt too wide) in paragraph at lines 832--834
[]\OT1/cmr/m/n/10 Data recta linea supra ter-minum eius cuili-bet an-gulo propo
s-ito equum
 []

<tinemueI23.png, id=81, 1099.2267pt x 433.62pt>
File: tinemueI23.png Graphic file (type png)
 <use tinemueI23.png>
Package pdftex.def Info: tinemueI23.png used on input line 838.
(pdftex.def)             Requested size: 345.0pt x 136.09479pt.

<albertI23a.png, id=82, 287.1528pt x 155.8623pt>
File: albertI23a.png Graphic file (type png)
 <use albertI23a.png>
Package pdftex.def Info: albertI23a.png used on input line 860.
(pdftex.def)             Requested size: 345.0pt x 187.27638pt.

<albertI23b.png, id=83, 276.5532pt x 181.8795pt>
File: albertI23b.png Graphic file (type png)
 <use albertI23b.png>
Package pdftex.def Info: albertI23b.png used on input line 868.
(pdftex.def)             Requested size: 345.0pt x 226.91031pt.
 [17 <./tinemueI23.png>] [18 <./albertI23a.png> <./albertI23b.png>]
Overfull \hbox (3.19507pt too wide) in paragraph at lines 906--908
[]\OT1/cmr/m/n/10 Data recta linea su-per ter-minum eius cuili-bet an-gulo prop
os-ito equum
 []

<campanusI23.png, id=93, 330.033pt x 252.4632pt>
File: campanusI23.png Graphic file (type png)
 <use campanusI23.png>
Package pdftex.def Info: campanusI23.png used on input line 912.
(pdftex.def)             Requested size: 345.0pt x 263.91151pt.
 [19]
[20 <./campanusI23.png>] <commandinusI23.png, id=102, 966.2499pt x 536.7252pt>
File: commandinusI23.png Graphic file (type png)

<use commandinusI23.png>
Package pdftex.def Info: commandinusI23.png used on input line 954.
(pdftex.def)             Requested size: 345.0pt x 191.6403pt.
 <claviusI23.png, id=103, 442.2924pt x 391.9443pt>
File: claviusI23.png Graphic file (type png)

<use claviusI23.png>
Package pdftex.def Info: claviusI23.png used on input line 976.
(pdftex.def)             Requested size: 345.0pt x 305.73326pt.
 <I26.png, id=104, 255.1131pt x 116.8365pt>
File: I26.png Graphic file (type png)
 <use I26.png>
Package pdftex.def Info: I26.png used on input line 1004.
(pdftex.def)             Requested size: 345.0pt x 158.01305pt.

[21 <./commandinusI23.png>] [22 <./claviusI23.png> <./I26.png>]
<I27.png, id=114, 243.5499pt x 118.7637pt>
File: I27.png Graphic file (type png)
 <use I27.png>
Package pdftex.def Info: I27.png used on input line 1059.
(pdftex.def)             Requested size: 243.5493pt x 118.7634pt.
 [23]
<I28.png, id=118, 207.6558pt x 156.3441pt>
File: I28.png Graphic file (type png)
 <use I28.png>
Package pdftex.def Info: I28.png used on input line 1093.
(pdftex.def)             Requested size: 207.65529pt x 156.3437pt.
 [24 <./I27.png> <./I28.png>] <I29.png, id=124, 207.6558pt x 156.3441pt>
File: I29.png Graphic file (type png)
 <use I29.png>
Package pdftex.def Info: I29.png used on input line 1126.
(pdftex.def)             Requested size: 207.65529pt x 156.3437pt.
 [25 <./I29.png>] <I30.png, id=130, 200.1879pt x 167.6664pt>
File: I30.png Graphic file (type png)
 <use I30.png>
Package pdftex.def Info: I30.png used on input line 1164.
(pdftex.def)             Requested size: 200.1874pt x 167.66597pt.

<I31.png, id=131, 242.3454pt x 115.3911pt>
File: I31.png Graphic file (type png)
 <use I31.png>
Package pdftex.def Info: I31.png used on input line 1189.
(pdftex.def)             Requested size: 242.3448pt x 115.39081pt.
 [26 <./I30.png>]
Overfull \hbox (6.09447pt too wide) in paragraph at lines 1212--1213
[]\OT1/cmr/m/n/10 Proclus 381--382 [[], pp. 300--301], on \OT1/cmr/m/it/10 El-e
-ments \OT1/cmr/m/n/10 I.32 (Pro-clus refers to \OT1/cmr/m/it/10 Timaeus
 []

[27 <./I31.png>] <I33.png, id=140, 228.6141pt x 114.1866pt>
File: I33.png Graphic file (type png)
 <use I33.png>
Package pdftex.def Info: I33.png used on input line 1253.
(pdftex.def)             Requested size: 228.61354pt x 114.18631pt.

<I34.png, id=141, 228.6141pt x 114.1866pt>
File: I34.png Graphic file (type png)
 <use I34.png>
Package pdftex.def Info: I34.png used on input line 1281.
(pdftex.def)             Requested size: 228.61354pt x 114.18631pt.
 [28 <./I33.png> <./I34.png>] <I35.png, id=147, 262.0992pt x 114.1866pt>
File: I35.png Graphic file (type png)
 <use I35.png>
Package pdftex.def Info: I35.png used on input line 1337.
(pdftex.def)             Requested size: 262.09854pt x 114.18631pt.
 [29] [30 <./I35.png>] <I36.png, id=155, 263.3037pt x 104.5506pt>
File: I36.png Graphic file (type png)
 <use I36.png>
Package pdftex.def Info: I36.png used on input line 1421.
(pdftex.def)             Requested size: 263.30304pt x 104.55034pt.
 [31 <./I36.png>] <I37.png, id=161, 244.0317pt x 121.1727pt>
File: I37.png Graphic file (type png)
 <use I37.png>
Package pdftex.def Info: I37.png used on input line 1447.
(pdftex.def)             Requested size: 244.0311pt x 121.1724pt.

<I38.png, id=162, 243.5499pt x 107.4414pt>
File: I38.png Graphic file (type png)
 <use I38.png>
Package pdftex.def Info: I38.png used on input line 1475.
(pdftex.def)             Requested size: 243.5493pt x 107.44113pt.
 [32 <./I37.png>]
<I41.png, id=167, 198.0198pt x 104.0688pt>
File: I41.png Graphic file (type png)
 <use I41.png>
Package pdftex.def Info: I41.png used on input line 1506.
(pdftex.def)             Requested size: 198.01932pt x 104.06854pt.

<I42.png, id=168, 247.8861pt x 96.6009pt>
File: I42.png Graphic file (type png)
 <use I42.png>
Package pdftex.def Info: I42.png used on input line 1528.
(pdftex.def)             Requested size: 247.88547pt x 96.60065pt.
 [33 <./I38.png> <./I41.png>] <nayriziI42.png, id=174, 267.8808pt x 127.9179pt>
File: nayriziI42.png Graphic file (type png)
 <use nayriziI42.png>
Package pdftex.def Info: nayriziI42.png used on input line 1563.
(pdftex.def)             Requested size: 267.88014pt x 127.91757pt.

[34 <./I42.png> <./nayriziI42.png>] <I43.png, id=180, 213.9192pt x 122.1363pt>
File: I43.png Graphic file (type png)

<use I43.png>
Package pdftex.def Info: I43.png used on input line 1602.
(pdftex.def)             Requested size: 213.91867pt x 122.136pt.
 [35 <./I43.png>] <I44.png, id=185, 342.5598pt x 171.2799pt>
File: I44.png Graphic file (type png)

<use I44.png>
Package pdftex.def Info: I44.png used on input line 1674.
(pdftex.def)             Requested size: 342.55894pt x 171.27948pt.
 [36] [37 <./I44.png>]
<nayriziI44.png, id=195, 359.1819pt x 212.4738pt>
File: nayriziI44.png Graphic file (type png)
 <use nayriziI44.png>
Package pdftex.def Info: nayriziI44.png used on input line 1743.
(pdftex.def)             Requested size: 359.18102pt x 212.47327pt.

Overfull \hbox (14.18102pt too wide) in paragraph at lines 1743--1744
 [] 
 []

[38 <./nayriziI44.png>] <adelardI44.png, id=201, 389.7762pt x 209.8239pt>
File: adelardI44.png Graphic file (type png)

<use adelardI44.png>
Package pdftex.def Info: adelardI44.png used on input line 1793.
(pdftex.def)             Requested size: 389.77524pt x 209.82338pt.

Overfull \hbox (44.77524pt too wide) in paragraph at lines 1793--1794
 [] 
 []

<chesterI44.png, id=202, 448.7967pt x 265.7127pt>
File: chesterI44.png Graphic file (type png)
 <use chesterI44.png>
Package pdftex.def Info: chesterI44.png used on input line 1807.
(pdftex.def)             Requested size: 448.7956pt x 265.71205pt.

Overfull \hbox (103.7956pt too wide) in paragraph at lines 1807--1808
 [] 
 []

[39] [40 <./adelardI44.png> <./chesterI44.png>]
<tinemueI44a.png, id=211, 308.352pt x 134.6631pt>
File: tinemueI44a.png Graphic file (type png)
 <use tinemueI44a.png>
Package pdftex.def Info: tinemueI44a.png used on input line 1842.
(pdftex.def)             Requested size: 308.35124pt x 134.66277pt.

<tinemueI44b.png, id=212, 309.5565pt x 149.5989pt>
File: tinemueI44b.png Graphic file (type png)
 <use tinemueI44b.png>
Package pdftex.def Info: tinemueI44b.png used on input line 1869.
(pdftex.def)             Requested size: 309.55574pt x 149.59853pt.

[41 <./tinemueI44a.png>] [42 <./tinemueI44b.png>]
<campanusI44.png, id=222, 359.1819pt x 136.3494pt>
File: campanusI44.png Graphic file (type png)
 <use campanusI44.png>
Package pdftex.def Info: campanusI44.png used on input line 1928.
(pdftex.def)             Requested size: 359.18102pt x 136.34904pt.

Overfull \hbox (14.18102pt too wide) in paragraph at lines 1928--1929
 [] 
 []

[43 <./campanusI44.png>] [44] <I45.png, id=231, 289.08pt x 250.7769pt>
File: I45.png Graphic file (type png)

<use I45.png>
Package pdftex.def Info: I45.png used on input line 2074.
(pdftex.def)             Requested size: 289.07928pt x 250.77628pt.
 [45] [46 <./I45.png>] <I46.png, id=239, 133.6995pt x 135.3858pt>
File: I46.png Graphic file (type png)

<use I46.png>
Package pdftex.def Info: I46.png used on input line 2137.
(pdftex.def)             Requested size: 133.69916pt x 135.38547pt.
 <campanusI45.png, id=240, 111.5367pt x 137.0721pt>
File: campanusI45.png Graphic file (type png)

<use campanusI45.png>
Package pdftex.def Info: campanusI45.png used on input line 2167.
(pdftex.def)             Requested size: 111.5364pt x 137.07175pt.
 [47] [48 <./I46.png> <./campanusI45.png>] [49]
<bluck.png, id=253, 333.8874pt x 148.8762pt>
File: bluck.png Graphic file (type png)
 <use bluck.png>
Package pdftex.def Info: bluck.png used on input line 2259.
(pdftex.def)             Requested size: 333.88658pt x 148.87584pt.
 [50]
Overfull \hbox (17.68477pt too wide) in paragraph at lines 2281--2290
\OT1/cmr/m/n/10 `squar-ing,' [[][][][][]\LGR/cmr/m/n/10 te-tra-gwn'izein[][][][
][]\OT1/cmr/m/n/10 ] `ap-ply-ing,' [[][][][][]\LGR/cmr/m/n/10 pa-rate'inein[][]
[][][]\OT1/cmr/m/n/10 ] `adding,' [[][][][][]\LGR/cmr/m/n/10 pro-stij'enai[][][
][][]\OT1/cmr/m/n/10 ]
 []

[51 <./bluck.png>] [52] [53] (./euclidI.bbl [54] [55]) [56] (./euclidI.aux) ) 
Here is how much of TeX's memory you used:
 13560 strings out of 493014
 248343 string characters out of 6133351
 277329 words of memory out of 5000000
 16923 multiletter control sequences out of 15000+600000
 14032 words of font info for 55 fonts, out of 8000000 for 9000
 1141 hyphenation exceptions out of 8191
 44i,8n,42p,10401b,400s stack positions out of 5000i,500n,10000p,200000b,80000s
</
usr/local/texlive/2016/texmf-dist/fonts/type1/public/amsfonts/cm/cmbx10.pfb></u
sr/local/texlive/2016/texmf-dist/fonts/type1/public/amsfonts/cm/cmbx12.pfb></us
r/local/texlive/2016/texmf-dist/fonts/type1/public/amsfonts/cm/cmcsc10.pfb></us
r/local/texlive/2016/texmf-dist/fonts/type1/public/amsfonts/cm/cmmi10.pfb></usr
/local/texlive/2016/texmf-dist/fonts/type1/public/amsfonts/cm/cmr10.pfb></usr/l
ocal/texlive/2016/texmf-dist/fonts/type1/public/amsfonts/cm/cmr12.pfb></usr/loc
al/texlive/2016/texmf-dist/fonts/type1/public/amsfonts/cm/cmr17.pfb></usr/local
/texlive/2016/texmf-dist/fonts/type1/public/amsfonts/cm/cmr6.pfb></usr/local/te
xlive/2016/texmf-dist/fonts/type1/public/amsfonts/cm/cmr7.pfb></usr/local/texli
ve/2016/texmf-dist/fonts/type1/public/amsfonts/cm/cmr8.pfb></usr/local/texlive/
2016/texmf-dist/fonts/type1/public/amsfonts/cm/cmsy10.pfb></usr/local/texlive/2
016/texmf-dist/fonts/type1/public/amsfonts/cm/cmti10.pfb></usr/local/texlive/20
16/texmf-dist/fonts/type1/public/amsfonts/cm/cmti12.pfb></usr/local/texlive/201
6/texmf-dist/fonts/type1/public/amsfonts/cm/cmtt12.pfb></usr/local/texlive/2016
/texmf-dist/fonts/type1/public/cbfonts/grmn1000.pfb>
Output written on euclidI.pdf (56 pages, 1177266 bytes).
PDF statistics:
 329 PDF objects out of 1000 (max. 8388607)
 172 compressed objects within 2 object streams
 0 named destinations out of 1000 (max. 500000)
 206 words of extra memory for PDF output out of 10000 (max. 10000000)

