\BOOKMARK [1][-]{section.1}{\376\377\000I\000n\000t\000r\000o\000d\000u\000c\000t\000i\000o\000n}{}% 1
\BOOKMARK [1][-]{section.2}{\376\377\000Z\000/\000n\000Z}{}% 2
\BOOKMARK [1][-]{section.3}{\376\377\000H\000a\000a\000r\000\040\000m\000e\000a\000s\000u\000r\000e}{}% 3
\BOOKMARK [1][-]{section.4}{\376\377\000a}{}% 4
\BOOKMARK [1][-]{section.5}{\376\377\000C\000o\000n\000v\000o\000l\000u\000t\000i\000o\000n}{}% 5
\BOOKMARK [2][-]{subsection.5.1}{\376\377\000E\000x\000a\000m\000p\000l\000e}{section.5}% 6
\BOOKMARK [1][-]{section.6}{\376\377\000D\000u\000a\000l\000\040\000g\000r\000o\000u\000p}{}% 7
\BOOKMARK [1][-]{section.7}{\376\377\000F\000o\000u\000r\000i\000e\000r\000\040\000t\000r\000a\000n\000s\000f\000o\000r\000m}{}% 8
\BOOKMARK [1][-]{section.8}{\376\377\000P\000u\000l\000l\000b\000a\000c\000k}{}% 9
\BOOKMARK [2][-]{subsection.8.1}{\376\377\000E\000x\000a\000m\000p\000l\000e\000:\000\040\000n\000=\0007\000\040\000a\000n\000d\000\040\000f\000=\0003}{section.8}% 10
\BOOKMARK [1][-]{section.9}{\376\377\000Z\000n\000"\0000\0003\0006\0002\000Z\000n}{}% 11
\BOOKMARK [1][-]{section.10}{\376\377\000H\000a\000a\000r\000\040\000m\000e\000a\000s\000u\000r\000e}{}% 12
\BOOKMARK [2][-]{subsection.10.1}{\376\377\000F\000i\000n\000i\000t\000e\000\040\000L\000C\000A\000\040\000g\000r\000o\000u\000p\000s}{section.10}% 13
\BOOKMARK [1][-]{section.11}{\376\377\000L\0002\000\050\000Z\000n\000\051}{}% 14
\BOOKMARK [1][-]{section.12}{\376\377\000F\000o\000u\000r\000i\000e\000r\000\040\000t\000r\000a\000n\000s\000f\000o\000r\000m}{}% 15
\BOOKMARK [1][-]{section.13}{\376\377\000P\000u\000l\000l\000b\000a\000c\000k}{}% 16
\BOOKMARK [1][-]{section.14}{\376\377\000I\000n\000v\000e\000r\000s\000e\000\040\000F\000o\000u\000r\000i\000e\000r\000\040\000t\000r\000a\000n\000s\000f\000o\000r\000m}{}% 17
\BOOKMARK [1][-]{section.15}{\376\377\0001\000\050\000Z\000\051}{}% 18
\BOOKMARK [1][-]{section.16}{\376\377\0002\000\050\000Z\000\051}{}% 19
\BOOKMARK [1][-]{section*.2}{\376\377\000R\000e\000f\000e\000r\000e\000n\000c\000e\000s}{}% 20
