latexml (LaTeXML version 0.8.6) processing pontryagin.tex
(Digesting TeX pontryagin...
(Loading /usr/share/perl5/LaTeXML/Package/TeX.pool.ltxml...
(Loading /usr/share/perl5/LaTeXML/Package/eTeX.pool.ltxml... 0.00 sec)
(Loading /usr/share/perl5/LaTeXML/Package/pdfTeX.pool.ltxml... 0.00 sec) 0.07 sec)
(Processing content /mnt/c/Users/jorda/Documents/GitHub/LaTeX/pontryagin/pontryagin.tex...
(Loading /usr/share/perl5/LaTeXML/Package/LaTeX.pool.ltxml...
(Loading /usr/share/perl5/LaTeXML/Package/textcomp.sty.ltxml...
(Processing definitions /usr/share/texlive/texmf-dist/tex/latex-dev/base/ts1enc.dfu... 0.01 sec) 0.51 sec) 0.60 sec)
(Loading /usr/share/perl5/LaTeXML/Package/article.cls.ltxml... 0.01 sec)
(Loading /usr/share/perl5/LaTeXML/Package/inputenc.sty.ltxml...
(Loading /usr/share/perl5/LaTeXML/Package/utf8.def.ltxml... 0.00 sec) 0.01 sec)
(Loading /usr/share/perl5/LaTeXML/Package/hyperref.sty.ltxml...
(Loading /usr/share/perl5/LaTeXML/Package/keyval.sty.ltxml...
(Processing definitions /usr/share/texlive/texmf-dist/tex/latex-dev/graphics/keyval.sty... 0.01 sec) 0.01 sec)
(Loading /usr/share/perl5/LaTeXML/Package/nameref.sty.ltxml... 0.00 sec)
(Loading /usr/share/perl5/LaTeXML/Package/url.sty.ltxml... 0.00 sec) 0.04 sec)
(Loading /usr/share/perl5/LaTeXML/Package/amsmath.sty.ltxml...
(Loading /usr/share/perl5/LaTeXML/Package/amsbsy.sty.ltxml...
(Loading /usr/share/perl5/LaTeXML/Package/amsgen.sty.ltxml... 0.00 sec) 0.01 sec)
(Loading /usr/share/perl5/LaTeXML/Package/amstext.sty.ltxml... 0.00 sec)
(Loading /usr/share/perl5/LaTeXML/Package/amsopn.sty.ltxml... 0.01 sec) 0.03 sec)
(Loading /usr/share/perl5/LaTeXML/Package/amssymb.sty.ltxml...
(Loading /usr/share/perl5/LaTeXML/Package/amsfonts.sty.ltxml... 0.00 sec) 0.01 sec)
(Loading /usr/share/perl5/LaTeXML/Package/mathrsfs.sty.ltxml... 0.00 sec)
(Loading /usr/share/perl5/LaTeXML/Package/geometry.sty.ltxml...
(Loading /usr/share/perl5/LaTeXML/Package/ifpdf.sty.ltxml... 0.00 sec)
(Loading /usr/share/perl5/LaTeXML/Package/ifvtex.sty.ltxml... 0.00 sec)
(Loading /usr/share/perl5/LaTeXML/Package/ifxetex.sty.ltxml... 0.00 sec) 0.01 sec)
(Loading /usr/share/perl5/LaTeXML/Package/graphicx.sty.ltxml...
(Loading /usr/share/perl5/LaTeXML/Package/graphics.sty.ltxml... 0.00 sec) 0.02 sec)
(Loading /usr/share/perl5/LaTeXML/Package/booktabs.sty.ltxml... 0.00 sec)
(Loading /usr/share/perl5/LaTeXML/Package/array.sty.ltxml... 0.00 sec)
(Loading /usr/share/perl5/LaTeXML/Package/paralist.sty.ltxml... 0.01 sec)
(Loading /usr/share/perl5/LaTeXML/Package/verbatim.sty.ltxml... 0.00 sec)
(Loading /usr/share/perl5/LaTeXML/Package/subfig.sty.ltxml... 0.00 sec)
(Loading /usr/share/perl5/LaTeXML/Package/fancyhdr.sty.ltxml... 0.00 sec)
(Loading /usr/share/perl5/LaTeXML/Package/sectsty.sty.ltxml... 0.00 sec)
(Loading /usr/share/perl5/LaTeXML/Package/tocbibind.sty.ltxml... 0.00 sec)
Warning:missing_file:tocloft Can't find binding for package tocloft
	at pontryagin.tex; line 52 col 13 - line 52 col 13
	Anticipate undefined macros or environments
	search paths are /mnt/c/Users/jorda/Documents/GitHub/LaTeX/pontryagin
	In Core::Definition::Constructor[\usepac... /usr/share/perl5/LaTeXML/Package/LaTeX.pool.ltxml; line 806
 1.60 sec) 1.70 sec)
(Building...
(Loading compiled schema /usr/share/perl5/LaTeXML/resources/RelaxNG/LaTeXML.model... 0.01 sec) 1.05 sec)
(Rewriting... 0.06 sec)
(Math Parsing 279 formulae ......
Warning:not_parsed:UNKNOWN.POSTSUBSCRIPT>CLOSE MathParser failed to match rule 'Anything'
	at pontryagin.tex; line 212 col 85 - line 212 col 85
	In "$\mathscr{F}_{n}:L^{2}(Z_{n})\to L^{2}(\widehat{Z_{n})}$"
	Z[[UNKNOWN]] _{n}[[POSTSUBSCRIPT]]
	        > )[[CLOSE]]
Warning:not_parsed:ARROW.UNKNOWN.POSTSUPERSCRIPT>OPEN MathParser failed to match rule 'Anything'
	at pontryagin.tex; line 212 col 48 - line 212 col 86
	F[[UNKNOWN]] _{n}[[POSTSUBSCRIPT]] :[[METARELOP]] L[[UNKNOWN]] ^{2}[[POSTSUPERSCRIPT]] ([[OPEN]] Z[[UNKNOWN]] _{n}[[POSTSUBSCRIPT]] )[[CLOSE]] →[[ARROW]] L[[UNKNOWN]] ^{2}[[POSTSUPERSCRIPT]]
	        > ([[OPEN]] \widehat{Z_{n})}[[UNKNOWN]]
Warning:not_parsed:UNKNOWN.POSTSUBSCRIPT>CLOSE MathParser failed to match rule 'Anything'
	at pontryagin.tex; line 395 col 84 - line 395 col 84
	In "$\mathscr{F}_{n}:L^{2}(Z_{n})\to L^{2}(\widehat{Z_{n})}$"
	Z[[UNKNOWN]] _{n}[[POSTSUBSCRIPT]]
	        > )[[CLOSE]]
Warning:not_parsed:ARROW.UNKNOWN.POSTSUPERSCRIPT>OPEN MathParser failed to match rule 'Anything'
	at pontryagin.tex; line 395 col 47 - line 395 col 85
	F[[UNKNOWN]] _{n}[[POSTSUBSCRIPT]] :[[METARELOP]] L[[UNKNOWN]] ^{2}[[POSTSUPERSCRIPT]] ([[OPEN]] Z[[UNKNOWN]] _{n}[[POSTSUBSCRIPT]] )[[CLOSE]] →[[ARROW]] L[[UNKNOWN]] ^{2}[[POSTSUPERSCRIPT]]
	        > ([[OPEN]] \widehat{Z_{n})}[[UNKNOWN]]
 3.44 sec)
Math parsing succeeded:
   ltx:XMath: 277/279
   ltx:XMWrap: 0/6
   ltx:XMArg: 845/847
Symbols assumed as simple identifiers (with # of occurences):
   'A{italic}' (9), 'C{blackboard}' (19), 'F{italic}' (15), 'F{script}' (27), 'G{italic}' (8), 'L{italic}' (56), 'P{script}' (4), 'S{italic}' (9), 'T{italic}' (2), 'Z{blackboard}' (26), 'Z{italic}' (224), 'a{italic}' (76), 'b{italic}' (7), 'delta' (123), 'd{italic}' (3), 'ell' (9), 'e{italic}' (89), 'f{italic}' (116), 'gamma' (15), 'g{italic}' (16), 'h{italic}' (3), 'i{italic}' (9), 'k{italic}' (6), 'm{italic}' (10), 'n{italic}' (29), 'phi' (8), 'pi' (9), 'psi' (27), 'x{italic}' (178), 'y{italic}' (67), 'z{italic}' (2)
Set MATHPARSER_SPECULATE to speculate on possible notations.
(Finalizing... 0.32 sec)
Conversion complete 5 warnings; 1 missing file[tocloft.sty] (See /mnt/c/Users/jorda/Documents/GitHub/LaTeX/pontryagin/pontryagin.latexml.log) (reqd. 6.81s)
