latexmlpost (LaTeXML version 0.8.6) paginating /mnt/c/Users/jorda/Documents/GitHub/LaTeX/pontryagin/pontryagin.xml
(post-processing...
(Scan index.html processing...
Scan: DBStatus: 1101/0 objects
 0.09 sec)
(MakeBibliography index.html processing...
(Recursive MakeBibliography /mnt/c/Users/jorda/Documents/GitHub/LaTeX/pontryagin/pontryagin.bib...
(Loading /usr/share/perl5/LaTeXML/Package/TeX.pool.ltxml...
(Loading /usr/share/perl5/LaTeXML/Package/eTeX.pool.ltxml... 0.00 sec)
(Loading /usr/share/perl5/LaTeXML/Package/pdfTeX.pool.ltxml... 0.00 sec) 0.05 sec)
(Loading /usr/share/perl5/LaTeXML/Package/LaTeX.pool.ltxml...
(Loading /usr/share/perl5/LaTeXML/Package/textcomp.sty.ltxml...
(Processing definitions /usr/share/texlive/texmf-dist/tex/latex-dev/base/ts1enc.dfu... 0.01 sec) 0.43 sec) 0.51 sec)
(Loading /usr/share/perl5/LaTeXML/Package/BibTeX.pool.ltxml... 0.01 sec)
(Loading /usr/share/perl5/LaTeXML/Package/article.cls.ltxml... 0.00 sec)
(Loading /usr/share/perl5/LaTeXML/Package/inputenc.sty.ltxml...
(Loading /usr/share/perl5/LaTeXML/Package/utf8.def.ltxml... 0.00 sec) 0.01 sec)
(Loading /usr/share/perl5/LaTeXML/Package/hyperref.sty.ltxml...
(Loading /usr/share/perl5/LaTeXML/Package/keyval.sty.ltxml...
(Processing definitions /usr/share/texlive/texmf-dist/tex/latex-dev/graphics/keyval.sty... 0.00 sec) 0.01 sec)
(Loading /usr/share/perl5/LaTeXML/Package/nameref.sty.ltxml... 0.00 sec)
(Loading /usr/share/perl5/LaTeXML/Package/url.sty.ltxml... 0.00 sec) 0.03 sec)
(Loading /usr/share/perl5/LaTeXML/Package/amsmath.sty.ltxml...
(Loading /usr/share/perl5/LaTeXML/Package/amsbsy.sty.ltxml...
(Loading /usr/share/perl5/LaTeXML/Package/amsgen.sty.ltxml... 0.00 sec) 0.00 sec)
(Loading /usr/share/perl5/LaTeXML/Package/amstext.sty.ltxml... 0.00 sec)
(Loading /usr/share/perl5/LaTeXML/Package/amsopn.sty.ltxml... 0.00 sec) 0.02 sec)
(Loading /usr/share/perl5/LaTeXML/Package/amssymb.sty.ltxml...
(Loading /usr/share/perl5/LaTeXML/Package/amsfonts.sty.ltxml... 0.00 sec) 0.01 sec)
(Loading /usr/share/perl5/LaTeXML/Package/mathrsfs.sty.ltxml... 0.00 sec)
(Loading /usr/share/perl5/LaTeXML/Package/geometry.sty.ltxml...
(Loading /usr/share/perl5/LaTeXML/Package/ifpdf.sty.ltxml... 0.00 sec)
(Loading /usr/share/perl5/LaTeXML/Package/ifvtex.sty.ltxml... 0.00 sec)
(Loading /usr/share/perl5/LaTeXML/Package/ifxetex.sty.ltxml... 0.00 sec) 0.01 sec)
(Loading /usr/share/perl5/LaTeXML/Package/graphicx.sty.ltxml...
(Loading /usr/share/perl5/LaTeXML/Package/graphics.sty.ltxml... 0.00 sec) 0.01 sec)
(Loading /usr/share/perl5/LaTeXML/Package/booktabs.sty.ltxml... 0.00 sec)
(Loading /usr/share/perl5/LaTeXML/Package/array.sty.ltxml... 0.00 sec)
(Loading /usr/share/perl5/LaTeXML/Package/paralist.sty.ltxml... 0.01 sec)
(Loading /usr/share/perl5/LaTeXML/Package/verbatim.sty.ltxml... 0.00 sec)
(Loading /usr/share/perl5/LaTeXML/Package/subfig.sty.ltxml... 0.00 sec)
(Loading /usr/share/perl5/LaTeXML/Package/fancyhdr.sty.ltxml... 0.00 sec)
(Loading /usr/share/perl5/LaTeXML/Package/sectsty.sty.ltxml... 0.00 sec)
(Loading /usr/share/perl5/LaTeXML/Package/tocbibind.sty.ltxml... 0.00 sec)
(Processing definitions /usr/share/texlive/texmf-dist/tex/latex/tocloft/tocloft.sty...
Info:latex:(tocloft)  Package tocloft Info: The document has chapter divisions
	at tocloft.sty; line 51 col 0 - line 51 col 62
Warning:latex:(tocloft) Package tocloft Warning: \@starttoc has already been redefined; tocloft bailing out.
	at tocloft.sty; line 1156 col 0 - line 1156 col 100
	In Core::Definition::Primitive[\GenericW... /usr/share/perl5/LaTeXML/Package/LaTeX.pool.ltxml; line 5295
 0.07 sec)
latexmlpost (LaTeXML version 0.8.6)
invoked as [/usr/bin/latexmlpost ]
recursive processing started Sun Jul  2 18:28:47 2023
(Digesting BibTeX pontryagin...
(Processing content /mnt/c/Users/jorda/Documents/GitHub/LaTeX/pontryagin/pontryagin.bib... 0.00 sec)
(Preparsing Bibliography pontryagin... 0.00 sec)
(Processing content Literal String... 0.07 sec) 0.09 sec)
(Building...
(Loading compiled schema /usr/share/perl5/LaTeXML/resources/RelaxNG/LaTeXML.model... 0.00 sec) 0.05 sec)
(Rewriting... 0.00 sec)
(Finalizing... 0.00 sec)
recursive Conversion complete: No obvious problems
Status:conversion:0
 0.99 sec)
MakeBibliography: using bibliographies pontryagin]
MakeBibliography: 4 bibentries, 4 cited
Scan: DBStatus: 1106/0 objects
 1.11 sec)
(CrossRef index.html processing... 0.06 sec)
(MathML::Presentation index.html 295 to process...
converted 295 Maths
 0.40 sec)
(XSLT[using LaTeXML-html5.xsl] index.html processing... 0.11 sec)
(Writer index.html processing... 0.01 sec) 1.79 sec)
Postprocessing complete No obvious problems (reqd. 2.00s)
