latexmlpost (LaTeXML version 0.8.6) paginating /mnt/c/Users/jorda/Documents/GitHub/LaTeX/lambert/lambert.xml
(post-processing...
(Scan index.html processing...
Scan: DBStatus: 3338/0 objects
 0.32 sec)
(MakeBibliography index.html processing...
(Recursive MakeBibliography /mnt/c/Users/jorda/Documents/GitHub/LaTeX/lambert/lambert.bib...
(Loading /usr/share/perl5/LaTeXML/Package/TeX.pool.ltxml...
(Loading /usr/share/perl5/LaTeXML/Package/eTeX.pool.ltxml... 0.00 sec)
(Loading /usr/share/perl5/LaTeXML/Package/pdfTeX.pool.ltxml... 0.00 sec) 0.05 sec)
(Loading /usr/share/perl5/LaTeXML/Package/LaTeX.pool.ltxml...
(Loading /usr/share/perl5/LaTeXML/Package/textcomp.sty.ltxml...
(Processing definitions /usr/share/texlive/texmf-dist/tex/latex-dev/base/ts1enc.dfu... 0.01 sec) 0.41 sec) 0.49 sec)
(Loading /usr/share/perl5/LaTeXML/Package/BibTeX.pool.ltxml... 0.00 sec)
(Loading /usr/share/perl5/LaTeXML/Package/article.cls.ltxml... 0.00 sec)
(Loading /usr/share/perl5/LaTeXML/Package/amssymb.sty.ltxml...
(Loading /usr/share/perl5/LaTeXML/Package/amsfonts.sty.ltxml... 0.00 sec) 0.01 sec)
(Loading /usr/share/perl5/LaTeXML/Package/latexsym.sty.ltxml... 0.00 sec)
(Loading /usr/share/perl5/LaTeXML/Package/amsmath.sty.ltxml...
(Loading /usr/share/perl5/LaTeXML/Package/amsbsy.sty.ltxml...
(Loading /usr/share/perl5/LaTeXML/Package/amsgen.sty.ltxml... 0.00 sec) 0.00 sec)
(Loading /usr/share/perl5/LaTeXML/Package/amstext.sty.ltxml... 0.00 sec)
(Loading /usr/share/perl5/LaTeXML/Package/amsopn.sty.ltxml... 0.00 sec) 0.02 sec)
(Loading /usr/share/perl5/LaTeXML/Package/amsthm.sty.ltxml... 0.00 sec)
(Loading /usr/share/perl5/LaTeXML/Package/mathrsfs.sty.ltxml... 0.00 sec)
latexmlpost (LaTeXML version 0.8.6)
invoked as [/usr/bin/latexmlpost ]
recursive processing started Wed Feb 22 17:38:31 2023
(Digesting BibTeX lambert...
(Processing content /mnt/c/Users/jorda/Documents/GitHub/LaTeX/lambert/lambert.bib... 0.01 sec)
(Preparsing Bibliography lambert... 0.01 sec)
(Processing content Literal String... 1.12 sec) 1.15 sec)
(Building...
(Loading compiled schema /usr/share/perl5/LaTeXML/resources/RelaxNG/LaTeXML.model... 0.00 sec) 0.48 sec)
(Rewriting... 0.00 sec)
(Math Parsing 3 formulae ...... 0.04 sec)
Math parsing succeeded:
   ltx:XMath: 3/3
   ltx:XMArg: 16/16
Symbols assumed as simple identifiers (with # of occurences):
   'etc' (1), 'q{italic}' (3), 'x{italic}' (11)
Set MATHPARSER_SPECULATE to speculate on possible notations.
(Finalizing... 0.02 sec)
recursive Conversion complete: No obvious problems
Status:conversion:0
 2.37 sec)
MakeBibliography: using bibliographies lambert]
MakeBibliography: 90 bibentries, 90 cited
Scan: DBStatus: 3443/0 objects
 2.82 sec)
(CrossRef index.html processing... 0.27 sec)
(MathML::Presentation index.html 691 to process...
converted 691 Maths
 1.68 sec)
(XSLT[using LaTeXML-html5.xsl] index.html processing... 0.47 sec)
(Writer index.html processing... 0.02 sec) 5.62 sec)
Postprocessing complete No obvious problems (reqd. 5.91s)
