latexml (LaTeXML version 0.8.6) processing lambert.tex
(Digesting TeX lambert...
(Loading /usr/share/perl5/LaTeXML/Package/TeX.pool.ltxml...
(Loading /usr/share/perl5/LaTeXML/Package/eTeX.pool.ltxml... 0.00 sec)
(Loading /usr/share/perl5/LaTeXML/Package/pdfTeX.pool.ltxml... 0.00 sec) 0.06 sec)
(Processing content /mnt/c/Users/jorda/Documents/GitHub/LaTeX/lambert/lambert.tex...
(Loading /usr/share/perl5/LaTeXML/Package/LaTeX.pool.ltxml...
(Loading /usr/share/perl5/LaTeXML/Package/textcomp.sty.ltxml...
(Processing definitions /usr/share/texlive/texmf-dist/tex/latex-dev/base/ts1enc.dfu... 0.01 sec) 0.41 sec) 0.49 sec)
(Loading /usr/share/perl5/LaTeXML/Package/article.cls.ltxml... 0.00 sec)
(Loading /usr/share/perl5/LaTeXML/Package/amssymb.sty.ltxml...
(Loading /usr/share/perl5/LaTeXML/Package/amsfonts.sty.ltxml... 0.00 sec) 0.01 sec)
(Loading /usr/share/perl5/LaTeXML/Package/latexsym.sty.ltxml... 0.00 sec)
(Loading /usr/share/perl5/LaTeXML/Package/amsmath.sty.ltxml...
(Loading /usr/share/perl5/LaTeXML/Package/amsbsy.sty.ltxml...
(Loading /usr/share/perl5/LaTeXML/Package/amsgen.sty.ltxml... 0.00 sec) 0.00 sec)
(Loading /usr/share/perl5/LaTeXML/Package/amstext.sty.ltxml... 0.00 sec)
(Loading /usr/share/perl5/LaTeXML/Package/amsopn.sty.ltxml... 0.00 sec) 0.02 sec)
(Loading /usr/share/perl5/LaTeXML/Package/amsthm.sty.ltxml... 0.00 sec)
(Loading /usr/share/perl5/LaTeXML/Package/mathrsfs.sty.ltxml... 0.00 sec) 2.64 sec) 2.71 sec)
(Building...
(Loading compiled schema /usr/share/perl5/LaTeXML/resources/RelaxNG/LaTeXML.model... 0.00 sec) 3.96 sec)
(Rewriting... 0.26 sec)
(Math Parsing 685 formulae ......
Warning:not_parsed:POSTSUPERSCRIPT.ADDOP.UNKNOWN>PERIOD MathParser failed to match rule 'Anything'
	at lambert.tex; line 175 col 0 - line 177 col 2
	In "$$x+2x^{2}+2x^{3}+2x^{4}+\mathrm{etc.}=x\left(\frac{1+x}{1-x}\right).$$"
	x[[UNKNOWN]] +[[ADDOP]] 2[[NUMBER]] x[[UNKNOWN]] ^{2}[[POSTSUPERSCRIPT]] +[[ADDOP]] 2[[NUMBER]] x[[UNKNOWN]] ^{3}[[POSTSUPERSCRIPT]] +[[ADDOP]] 2[[NUMBER]] x[[UNKNOWN]] ^{4}[[POSTSUPERSCRIPT]] +[[ADDOP]] etc[[UNKNOWN]]
	        > .[[PERIOD]] =[[RELOP]] x[[UNKNOWN]] \left([[OPEN]] \frac{1+x}{1-x}[[UNKNOWN]] \right)[[CLOSE]]
Warning:not_parsed:POSTSUPERSCRIPT.ADDOP.UNKNOWN>PERIOD MathParser failed to match rule 'Anything'
	at lambert.tex; line 179 col 0 - line 181 col 2
	In "$$x^{4}+2x^{6}+2x^{8}+2x^{10}+\mathrm{etc.}=x^{4}\left(\frac{1+x^{2}}{1-x^{2}}%
	\right).$$"
	x[[UNKNOWN]] ^{4}[[POSTSUPERSCRIPT]] +[[ADDOP]] 2[[NUMBER]] x[[UNKNOWN]] ^{6}[[POSTSUPERSCRIPT]] +[[ADDOP]] 2[[NUMBER]] x[[UNKNOWN]] ^{8}[[POSTSUPERSCRIPT]] +[[ADDOP]] 2[[NUMBER]] x[[UNKNOWN]] ^{10}[[POSTSUPERSCRIPT]] +[[ADDOP]] etc[[UNKNOWN]]
	        > .[[PERIOD]] =[[RELOP]] x[[UNKNOWN]] ^{4}[[POSTSUPERSCRIPT]] \left([[OPEN]] \frac{1+x^{2}}{1-x^{2}}[[UNKNOWN]] \right)[[CLOSE]]
Warning:not_parsed:POSTSUPERSCRIPT.ADDOP.UNKNOWN>PERIOD MathParser failed to match rule 'Anything'
	at lambert.tex; line 184 col 0 - line 186 col 2
	In "$$x^{9}+2x^{12}+2x^{15}+2x^{18}+\mathrm{etc.}=x^{9}\left(\frac{1+x^{3}}{1-x^{3%
	}}\right),$$"
	x[[UNKNOWN]] ^{9}[[POSTSUPERSCRIPT]] +[[ADDOP]] 2[[NUMBER]] x[[UNKNOWN]] ^{12}[[POSTSUPERSCRIPT]] +[[ADDOP]] 2[[NUMBER]] x[[UNKNOWN]] ^{15}[[POSTSUPERSCRIPT]] +[[ADDOP]] 2[[NUMBER]] x[[UNKNOWN]] ^{18}[[POSTSUPERSCRIPT]] +[[ADDOP]] etc[[UNKNOWN]]
	        > .[[PERIOD]] =[[RELOP]] x[[UNKNOWN]] ^{9}[[POSTSUPERSCRIPT]] \left([[OPEN]] \frac{1+x^{3}}{1-x^{3}}[[UNKNOWN]] \right)[[CLOSE]]
 13.24 sec)
Math parsing succeeded:
   ltx:XMArg: 3771/3771
   ltx:XMWrap: 18/27
   ltx:XMath: 682/685
Symbols assumed as simple identifiers (with # of occurences):
   'A{italic}' (2), 'B{italic}' (75), 'C{blackboard}' (1), 'C{italic}' (4), 'Ei' (5), 'E{italic}' (12), 'F{italic}' (42), 'Gamma' (17), 'H{italic}' (11), 'I{italic}' (22), 'K{italic}' (8), 'Lambda' (33), 'L{italic}' (2), 'M{italic}' (29), 'N{blackboard}' (1), 'N{italic}' (47), 'Omega' (2), 'O{italic}' (66), 'P{italic}' (20), 'Re' (11), 'R{blackboard}' (5), 'R{italic}' (10), 'Y{italic}' (4), 'Z{blackboard}' (1), 'alpha' (29), 'a{italic}' (59), 'beta' (5), 'b{italic}' (5), 'delta' (42), 'd{italic}' (221), 'eta' (35), 'etc' (16), 'e{italic}' (216), 'f{italic}' (53), 'gamma' (40), 'g{italic}' (24), 'h{italic}' (138), 'i{italic}' (103), 'k{italic}' (187), 'lambda' (17), 'mu' (11), 'm{italic}' (325), 'n{italic}' (580), 'o{italic}' (3), 'phi' (14), 'pi' (180), 'psi' (12), 'p{italic}' (88), 'q{italic}' (43), 'rho' (25), 'r{italic}' (87), 'sigma' (35), 's{italic}' (210), 'theta' (19), 't{italic}' (582), 'u{italic}' (4), 'varrho' (26), 'vartheta' (24), 'v{italic}' (5), 'xi' (164), 'x{italic}' (570), 'y{italic}' (4), 'zeta' (44), 'z{italic}' (161)
Set MATHPARSER_SPECULATE to speculate on possible notations.
(Finalizing... 1.37 sec)
Conversion complete 3 warnings (See /mnt/c/Users/jorda/Documents/GitHub/LaTeX/lambert/lambert.latexml.log) (reqd. 22.26s)
