This is pdfTeX, Version 3.141592653-2.6-1.40.22 (TeX Live 2022/dev/Debian) (preloaded format=pdflatex 2023.2.11)  22 FEB 2023 17:37
entering extended mode
 restricted \write18 enabled.
 %&-line parsing enabled.
**lambert
(./lambert.tex
LaTeX2e <2021-11-15> patch level 1
L3 programming layer <2022-01-21>
(/usr/share/texlive/texmf-dist/tex/latex/base/article.cls
Document Class: article 2021/10/04 v1.4n Standard LaTeX document class
(/usr/share/texlive/texmf-dist/tex/latex/base/size10.clo
File: size10.clo 2021/10/04 v1.4n Standard LaTeX file (size option)
)
\c@part=\count185
\c@section=\count186
\c@subsection=\count187
\c@subsubsection=\count188
\c@paragraph=\count189
\c@subparagraph=\count190
\c@figure=\count191
\c@table=\count192
\abovecaptionskip=\skip47
\belowcaptionskip=\skip48
\bibindent=\dimen138
)
(/usr/share/texlive/texmf-dist/tex/latex/amsfonts/amssymb.sty
Package: amssymb 2013/01/14 v3.01 AMS font symbols

(/usr/share/texlive/texmf-dist/tex/latex/amsfonts/amsfonts.sty
Package: amsfonts 2013/01/14 v3.01 Basic AMSFonts support
\@emptytoks=\toks16
\symAMSa=\mathgroup4
\symAMSb=\mathgroup5
LaTeX Font Info:    Redeclaring math symbol \hbar on input line 98.
LaTeX Font Info:    Overwriting math alphabet `\mathfrak' in version `bold'
(Font)                  U/euf/m/n --> U/euf/b/n on input line 106.
))
(/usr/share/texlive/texmf-dist/tex/latex/base/latexsym.sty
Package: latexsym 1998/08/17 v2.2e Standard LaTeX package (lasy symbols)
\symlasy=\mathgroup6
LaTeX Font Info:    Overwriting symbol font `lasy' in version `bold'
(Font)                  U/lasy/m/n --> U/lasy/b/n on input line 52.
)
(/usr/share/texlive/texmf-dist/tex/latex/amsmath/amsmath.sty
Package: amsmath 2021/10/15 v2.17l AMS math features
\@mathmargin=\skip49

For additional information on amsmath, use the `?' option.
(/usr/share/texlive/texmf-dist/tex/latex/amsmath/amstext.sty
Package: amstext 2021/08/26 v2.01 AMS text

(/usr/share/texlive/texmf-dist/tex/latex/amsmath/amsgen.sty
File: amsgen.sty 1999/11/30 v2.0 generic functions
\@emptytoks=\toks17
\ex@=\dimen139
))
(/usr/share/texlive/texmf-dist/tex/latex/amsmath/amsbsy.sty
Package: amsbsy 1999/11/29 v1.2d Bold Symbols
\pmbraise@=\dimen140
)
(/usr/share/texlive/texmf-dist/tex/latex/amsmath/amsopn.sty
Package: amsopn 2021/08/26 v2.02 operator names
)
\inf@bad=\count193
LaTeX Info: Redefining \frac on input line 234.
\uproot@=\count194
\leftroot@=\count195
LaTeX Info: Redefining \overline on input line 399.
\classnum@=\count196
\DOTSCASE@=\count197
LaTeX Info: Redefining \ldots on input line 496.
LaTeX Info: Redefining \dots on input line 499.
LaTeX Info: Redefining \cdots on input line 620.
\Mathstrutbox@=\box50
\strutbox@=\box51
\big@size=\dimen141
LaTeX Font Info:    Redeclaring font encoding OML on input line 743.
LaTeX Font Info:    Redeclaring font encoding OMS on input line 744.
\macc@depth=\count198
\c@MaxMatrixCols=\count199
\dotsspace@=\muskip16
\c@parentequation=\count266
\dspbrk@lvl=\count267
\tag@help=\toks18
\row@=\count268
\column@=\count269
\maxfields@=\count270
\andhelp@=\toks19
\eqnshift@=\dimen142
\alignsep@=\dimen143
\tagshift@=\dimen144
\tagwidth@=\dimen145
\totwidth@=\dimen146
\lineht@=\dimen147
\@envbody=\toks20
\multlinegap=\skip50
\multlinetaggap=\skip51
\mathdisplay@stack=\toks21
LaTeX Info: Redefining \[ on input line 2938.
LaTeX Info: Redefining \] on input line 2939.
)
(/usr/share/texlive/texmf-dist/tex/latex/amscls/amsthm.sty
Package: amsthm 2020/05/29 v2.20.6
\thm@style=\toks22
\thm@bodyfont=\toks23
\thm@headfont=\toks24
\thm@notefont=\toks25
\thm@headpunct=\toks26
\thm@preskip=\skip52
\thm@postskip=\skip53
\thm@headsep=\skip54
\dth@everypar=\toks27
)
(/usr/share/texlive/texmf-dist/tex/latex/jknapltx/mathrsfs.sty
Package: mathrsfs 1996/01/01 Math RSFS package v1.0 (jk)
\symrsfs=\mathgroup7
)
\c@theorem=\count271

(/usr/share/texlive/texmf-dist/tex/latex/l3backend/l3backend-pdftex.def
File: l3backend-pdftex.def 2022-01-12 L3 backend support: PDF output (pdfTeX)
\l__color_backend_stack_int=\count272
\l__pdf_internal_box=\box52
)
(./lambert.aux)
\openout1 = `lambert.aux'.

LaTeX Font Info:    Checking defaults for OML/cmm/m/it on input line 11.
LaTeX Font Info:    ... okay on input line 11.
LaTeX Font Info:    Checking defaults for OMS/cmsy/m/n on input line 11.
LaTeX Font Info:    ... okay on input line 11.
LaTeX Font Info:    Checking defaults for OT1/cmr/m/n on input line 11.
LaTeX Font Info:    ... okay on input line 11.
LaTeX Font Info:    Checking defaults for T1/cmr/m/n on input line 11.
LaTeX Font Info:    ... okay on input line 11.
LaTeX Font Info:    Checking defaults for TS1/cmr/m/n on input line 11.
LaTeX Font Info:    ... okay on input line 11.
LaTeX Font Info:    Checking defaults for OMX/cmex/m/n on input line 11.
LaTeX Font Info:    ... okay on input line 11.
LaTeX Font Info:    Checking defaults for U/cmr/m/n on input line 11.
LaTeX Font Info:    ... okay on input line 11.
LaTeX Font Info:    Trying to load font information for U+msa on input line 20.

 (/usr/share/texlive/texmf-dist/tex/latex/amsfonts/umsa.fd
File: umsa.fd 2013/01/14 v3.01 AMS symbols A
)
LaTeX Font Info:    Trying to load font information for U+msb on input line 20.


(/usr/share/texlive/texmf-dist/tex/latex/amsfonts/umsb.fd
File: umsb.fd 2013/01/14 v3.01 AMS symbols B
)
LaTeX Font Info:    Trying to load font information for U+lasy on input line 20
.

(/usr/share/texlive/texmf-dist/tex/latex/base/ulasy.fd
File: ulasy.fd 1998/08/17 v2.2e LaTeX symbol font definitions
)
LaTeX Font Info:    Trying to load font information for U+rsfs on input line 20
.

(/usr/share/texlive/texmf-dist/tex/latex/jknapltx/ursfs.fd
File: ursfs.fd 1998/03/24 rsfs font definition file (jk)
) [1

{/var/lib/texmf/fonts/map/pdftex/updmap/pdftex.map}] [2]
Overfull \hbox (2.16716pt too wide) in paragraph at lines 134--137
\OT1/cmr/m/n/10 jeder Co-ef-fi-cient so viele Ein-heiten, als der Ex-po-nent de
r entsprechen-
 []


Overfull \hbox (8.33076pt too wide) detected at line 157
\OT1/cmr/m/n/10 1 + 2\OML/cmm/m/it/10 t \OT1/cmr/m/n/10 + 2\OML/cmm/m/it/10 t[]
 \OT1/cmr/m/n/10 + 2\OML/cmm/m/it/10 t[] \OT1/cmr/m/n/10 + 2\OML/cmm/m/it/10 t[
] \OT1/cmr/m/n/10 + [] = (1 + \OML/cmm/m/it/10 t \OT1/cmr/m/n/10 + \OML/cmm/m/i
t/10 t[] \OT1/cmr/m/n/10 + \OML/cmm/m/it/10 t[] \OT1/cmr/m/n/10 + \OML/cmm/m/it
/10 t[] \OT1/cmr/m/n/10 + [] ) + \OML/cmm/m/it/10 t\OT1/cmr/m/n/10 (1 + \OML/cm
m/m/it/10 t \OT1/cmr/m/n/10 + \OML/cmm/m/it/10 t[] \OT1/cmr/m/n/10 + \OML/cmm/m
/it/10 t[] \OT1/cmr/m/n/10 + \OML/cmm/m/it/10 t[] \OT1/cmr/m/n/10 + [] ) = []\O
ML/cmm/m/it/10 :
 []

[3] [4] [5]
Overfull \hbox (2.09746pt too wide) detected at line 295
[]
 []

[6] [7]
Overfull \hbox (11.13402pt too wide) detected at line 379
\OML/cmm/m/it/10 f\OT1/cmr/m/n/10 (0) = [][] \OML/cmm/m/it/10 f\OT1/cmr/m/n/10 
(\OML/cmm/m/it/10 t\OT1/cmr/m/n/10 )\OML/cmm/m/it/10 dt \OT1/cmr/m/n/10 + \OML/
cmm/m/it/10 B[]\OT1/cmr/m/n/10 (\OML/cmm/m/it/10 f\OT1/cmr/m/n/10 (1) \OMS/cmsy
/m/n/10 ^^@ \OML/cmm/m/it/10 f\OT1/cmr/m/n/10 (0)) + [] []\OML/cmm/m/it/10 B[]\
OT1/cmr/m/n/10 (\OML/cmm/m/it/10 f[]\OT1/cmr/m/n/10 (1) \OMS/cmsy/m/n/10 ^^@ \O
ML/cmm/m/it/10 f[]\OT1/cmr/m/n/10 (0)) + \OML/cmm/m/it/10 R[];
 []

[8] [9]
Overfull \hbox (4.83743pt too wide) in paragraph at lines 468--472
\OT1/cmr/m/n/10 (\OMS/cmsy/m/n/10 ^^@\OT1/cmr/m/n/10 1)[]\OML/cmm/m/it/10 h[] [
] ht$ \OT1/cmr/m/n/10 and $\OML/cmm/m/it/10 f[]\OT1/cmr/m/n/10 (\OML/cmm/m/it/1
0 t\OT1/cmr/m/n/10 ) = (\OMS/cmsy/m/n/10 ^^@\OT1/cmr/m/n/10 1)[]\OML/cmm/m/it/1
0 h[] [] ht$\OT1/cmr/m/n/10 . Thus the Euler-Maclaurin
 []


Overfull \hbox (3.05281pt too wide) detected at line 490
[]
 []

[10] [11]
Overfull \hbox (4.4547pt too wide) detected at line 571
[]
 []

[12]
Overfull \hbox (1.07404pt too wide) detected at line 652
[]
 []

[13] [14] [15] [16] [17] [18] [19] [20] [21] [22] [23] [24] [25] [26] [27]
[28] [29] [30] [31]
Overfull \hbox (29.04971pt too wide) detected at line 1599
[][] \OML/cmm/m/it/10 F\OT1/cmr/m/n/10 (\OML/cmm/m/it/10 s\OT1/cmr/m/n/10 )\OML
/cmm/m/it/10 ds \OT1/cmr/m/n/10 = [][] \OML/cmm/m/it/10 F\OT1/cmr/m/n/10 (\OML/
cmm/m/it/10 s\OT1/cmr/m/n/10 )\OML/cmm/m/it/10 ds \OT1/cmr/m/n/10 + [][] \OML/c
mm/m/it/10 F\OT1/cmr/m/n/10 (\OML/cmm/m/it/10 s\OT1/cmr/m/n/10 )\OML/cmm/m/it/1
0 ds \OT1/cmr/m/n/10 + [][] \OML/cmm/m/it/10 F\OT1/cmr/m/n/10 (\OML/cmm/m/it/10
 s\OT1/cmr/m/n/10 )\OML/cmm/m/it/10 ds \OT1/cmr/m/n/10 + [][] \OML/cmm/m/it/10 
F\OT1/cmr/m/n/10 (\OML/cmm/m/it/10 s\OT1/cmr/m/n/10 )\OML/cmm/m/it/10 ds:
 []

[32]
Overfull \hbox (27.54147pt too wide) detected at line 1625
[] \OMS/cmsy/m/n/10 ^^T \OT1/cmr/m/n/10 (2 + 2\OML/cmm/m/it/10 N\OT1/cmr/m/n/10
 ) [] \OMS/cmsy/m/n/10 j\OML/cmm/m/it/10 F\OT1/cmr/m/n/10 (\OML/cmm/m/it/10 ^^[
 \OT1/cmr/m/n/10 + \OML/cmm/m/it/10 iM\OT1/cmr/m/n/10 )\OMS/cmsy/m/n/10 j \OT1/
cmr/m/n/10 = \OML/cmm/m/it/10 O\OT1/cmr/m/n/10 (\OML/cmm/m/it/10 e[]M[]M[]\OMS/
cmsy/m/n/10 j\OML/cmm/m/it/10 z\OMS/cmsy/m/n/10 j[]\OML/cmm/m/it/10 e[]\OT1/cmr
/m/n/10 )\OML/cmm/m/it/10 ;
 []


Overfull \hbox (26.41496pt too wide) detected at line 1652
[] \OMS/cmsy/m/n/10 ^^T [][] j\OT1/cmr/m/n/10 ^^@(\OML/cmm/m/it/10 s\OT1/cmr/m/
n/10 )\OML/cmm/m/it/10 ^^P[]\OT1/cmr/m/n/10 (\OML/cmm/m/it/10 s\OT1/cmr/m/n/10 
)\OMS/cmsy/m/n/10 jj\OML/cmm/m/it/10 z\OMS/cmsy/m/n/10 j[]\OML/cmm/m/it/10 e[]d
s \OT1/cmr/m/n/10 = \OMS/cmsy/m/n/10 j\OML/cmm/m/it/10 z\OMS/cmsy/m/n/10 j[] ^^
A \OML/cmm/m/it/10 O\OT1/cmr/m/n/10 (1) = \OML/cmm/m/it/10 O\OT1/cmr/m/n/10 (\O
MS/cmsy/m/n/10 j\OML/cmm/m/it/10 z\OMS/cmsy/m/n/10 j[]\OT1/cmr/m/n/10 )\OML/cmm
/m/it/10 ;
 []

[33] [34] [35] (./lambert.bbl [36] [37] [38]
Underfull \hbox (badness 1009) in paragraph at lines 276--283
[]\OT1/cmr/m/n/10 Georg Si-mon Kl^^?ugel, Carl Bran-dan Moll-weide, and Jo-hann
 Au-gust
 []

[39]
Underfull \hbox (badness 5077) in paragraph at lines 398--402
[]\OT1/cmr/m/n/10 Franz Ro-gel.  Darstel-lun-gen za-len-the-o-retis-cher Func-t
io-nen durch
 []

[40] [41]) [42] (./lambert.aux) ) 
Here is how much of TeX's memory you used:
 1989 strings out of 478287
 28286 string characters out of 5849289
 329097 words of memory out of 5000000
 20187 multiletter control sequences out of 15000+600000
 479728 words of font info for 74 fonts, out of 8000000 for 9000
 1141 hyphenation exceptions out of 8191
 54i,17n,62p,230b,232s stack positions out of 5000i,500n,10000p,200000b,80000s
{/usr/share/texmf/fonts/enc/dvips/cm-super/cm-
super-ts1.enc}</usr/share/texlive/texmf-dist/fonts/type1/public/amsfonts/cm/cmb
x10.pfb></usr/share/texlive/texmf-dist/fonts/type1/public/amsfonts/cm/cmbx12.pf
b></usr/share/texlive/texmf-dist/fonts/type1/public/amsfonts/cm/cmbx9.pfb></usr
/share/texlive/texmf-dist/fonts/type1/public/amsfonts/cm/cmex10.pfb></usr/share
/texlive/texmf-dist/fonts/type1/public/amsfonts/cm/cmmi10.pfb></usr/share/texli
ve/texmf-dist/fonts/type1/public/amsfonts/cm/cmmi5.pfb></usr/share/texlive/texm
f-dist/fonts/type1/public/amsfonts/cm/cmmi7.pfb></usr/share/texlive/texmf-dist/
fonts/type1/public/amsfonts/cm/cmr10.pfb></usr/share/texlive/texmf-dist/fonts/t
ype1/public/amsfonts/cm/cmr12.pfb></usr/share/texlive/texmf-dist/fonts/type1/pu
blic/amsfonts/cm/cmr17.pfb></usr/share/texlive/texmf-dist/fonts/type1/public/am
sfonts/cm/cmr5.pfb></usr/share/texlive/texmf-dist/fonts/type1/public/amsfonts/c
m/cmr7.pfb></usr/share/texlive/texmf-dist/fonts/type1/public/amsfonts/cm/cmr9.p
fb></usr/share/texlive/texmf-dist/fonts/type1/public/amsfonts/cm/cmsy10.pfb></u
sr/share/texlive/texmf-dist/fonts/type1/public/amsfonts/cm/cmsy5.pfb></usr/shar
e/texlive/texmf-dist/fonts/type1/public/amsfonts/cm/cmsy7.pfb></usr/share/texli
ve/texmf-dist/fonts/type1/public/amsfonts/cm/cmti10.pfb></usr/share/texlive/tex
mf-dist/fonts/type1/public/amsfonts/symbols/msbm10.pfb></usr/share/texmf/fonts/
type1/public/cm-super/sfrm1000.pfb>
Output written on lambert.pdf (42 pages, 348038 bytes).
PDF statistics:
 237 PDF objects out of 1000 (max. 8388607)
 153 compressed objects within 2 object streams
 0 named destinations out of 1000 (max. 500000)
 1 words of extra memory for PDF output out of 10000 (max. 10000000)

