latexmlpost (LaTeXML version 0.8.6) paginating /mnt/c/Users/jorda/Documents/GitHub/LaTeX/historical/minoan/minoan.xml
(post-processing...
(Scan index.html processing...
Scan: DBStatus: 97/0 objects
 0.01 sec)
(MakeBibliography index.html processing...
(Recursive MakeBibliography /mnt/c/Users/jorda/Documents/GitHub/LaTeX/historical/minoan/minoan.bib...
(Loading /usr/share/perl5/LaTeXML/Package/TeX.pool.ltxml...
(Loading /usr/share/perl5/LaTeXML/Package/eTeX.pool.ltxml... 0.00 sec)
(Loading /usr/share/perl5/LaTeXML/Package/pdfTeX.pool.ltxml... 0.01 sec) 0.16 sec)
(Loading /usr/share/perl5/LaTeXML/Package/LaTeX.pool.ltxml...
(Loading /usr/share/perl5/LaTeXML/Package/textcomp.sty.ltxml...
(Processing definitions /usr/share/texlive/texmf-dist/tex/latex-dev/base/ts1enc.dfu... 0.01 sec) 0.77 sec) 0.94 sec)
(Loading /usr/share/perl5/LaTeXML/Package/BibTeX.pool.ltxml... 0.01 sec)
(Loading /usr/share/perl5/LaTeXML/Package/article.cls.ltxml... 0.01 sec)
(Loading /usr/share/perl5/LaTeXML/Package/amsmath.sty.ltxml...
(Loading /usr/share/perl5/LaTeXML/Package/amsbsy.sty.ltxml...
(Loading /usr/share/perl5/LaTeXML/Package/amsgen.sty.ltxml... 0.00 sec) 0.01 sec)
(Loading /usr/share/perl5/LaTeXML/Package/amstext.sty.ltxml... 0.00 sec)
(Loading /usr/share/perl5/LaTeXML/Package/amsopn.sty.ltxml... 0.00 sec) 0.04 sec)
(Processing definitions /usr/share/texlive/texmf-dist/tex/latex/archaic/linearb.sty... 0.04 sec)
latexmlpost (LaTeXML version 0.8.6)
invoked as [/usr/bin/latexmlpost ]
recursive processing started Wed Mar  8 01:27:55 2023
(Digesting BibTeX minoan...
(Processing content /mnt/c/Users/jorda/Documents/GitHub/LaTeX/historical/minoan/minoan.bib... 0.03 sec)
(Preparsing Bibliography minoan... 0.03 sec)
(Processing content Literal String... 2.38 sec) 2.46 sec)
(Building...
(Loading compiled schema /usr/share/perl5/LaTeXML/resources/RelaxNG/LaTeXML.model... 0.01 sec) 1.05 sec)
(Rewriting... 0.00 sec)
(Finalizing... 0.04 sec)
recursive Conversion complete: No obvious problems
Status:conversion:0
 4.91 sec)
MakeBibliography: using bibliographies minoan]
MakeBibliography: 102 bibentries, 6 cited
Scan: DBStatus: 104/0 objects
 5.00 sec)
(CrossRef index.html processing... 0.01 sec)
(MathML::Presentation index.html 13 to process...
converted 13 Maths
 0.01 sec)
(XSLT[using LaTeXML-html5.xsl] index.html processing... 0.03 sec)
(Writer index.html processing... 0.02 sec) 5.08 sec)
Postprocessing complete No obvious problems (reqd. 5.37s)
