latexmlpost (LaTeXML version 0.8.6) paginating /mnt/c/Users/jorda/Documents/GitHub/LaTeX/balance/balance.xml
(post-processing...
(Scan index.html processing...
Scan: DBStatus: 32/0 objects
 0.00 sec)
(MakeBibliography index.html processing...
(Recursive MakeBibliography /mnt/c/Users/jorda/Documents/GitHub/LaTeX/balance/balance.bib...
(Loading /usr/share/perl5/LaTeXML/Package/TeX.pool.ltxml...
(Loading /usr/share/perl5/LaTeXML/Package/eTeX.pool.ltxml... 0.00 sec)
(Loading /usr/share/perl5/LaTeXML/Package/pdfTeX.pool.ltxml... 0.00 sec) 0.05 sec)
(Loading /usr/share/perl5/LaTeXML/Package/LaTeX.pool.ltxml...
(Loading /usr/share/perl5/LaTeXML/Package/textcomp.sty.ltxml...
(Processing definitions /usr/share/texlive/texmf-dist/tex/latex-dev/base/ts1enc.dfu... 0.01 sec) 0.41 sec) 0.49 sec)
(Loading /usr/share/perl5/LaTeXML/Package/BibTeX.pool.ltxml... 0.01 sec)
(Loading /usr/share/perl5/LaTeXML/Package/article.cls.ltxml... 0.00 sec)
(Loading /usr/share/perl5/LaTeXML/Package/amsmath.sty.ltxml...
(Loading /usr/share/perl5/LaTeXML/Package/amsbsy.sty.ltxml...
(Loading /usr/share/perl5/LaTeXML/Package/amsgen.sty.ltxml... 0.00 sec) 0.00 sec)
(Loading /usr/share/perl5/LaTeXML/Package/amstext.sty.ltxml... 0.00 sec)
(Loading /usr/share/perl5/LaTeXML/Package/amsopn.sty.ltxml... 0.00 sec) 0.02 sec)
latexmlpost (LaTeXML version 0.8.6)
invoked as [/usr/bin/latexmlpost ]
recursive processing started Wed Feb 22 17:16:52 2023
(Digesting BibTeX balance...
(Processing content /mnt/c/Users/jorda/Documents/GitHub/LaTeX/balance/balance.bib... 0.00 sec)
(Preparsing Bibliography balance... 0.00 sec)
(Processing content Literal String... 0.16 sec) 0.18 sec)
(Building...
(Loading compiled schema /usr/share/perl5/LaTeXML/resources/RelaxNG/LaTeXML.model... 0.00 sec) 0.09 sec)
(Rewriting... 0.00 sec)
(Finalizing... 0.00 sec)
recursive Conversion complete: No obvious problems
Status:conversion:0
 0.92 sec)
MakeBibliography: using bibliographies balance]
MakeBibliography: 14 bibentries, 3 cited
Scan: DBStatus: 36/0 objects
 0.95 sec)
(CrossRef index.html processing... 0.00 sec)
(XSLT[using LaTeXML-html5.xsl] index.html processing... 0.02 sec)
(Writer index.html processing... 0.00 sec) 0.98 sec)
Postprocessing complete No obvious problems (reqd. 1.14s)
