latexml (LaTeXML version 0.8.6) processing archytas.tex
(Digesting TeX archytas...
(Loading /usr/share/perl5/LaTeXML/Package/TeX.pool.ltxml...
(Loading /usr/share/perl5/LaTeXML/Package/eTeX.pool.ltxml... 0.00 sec)
(Loading /usr/share/perl5/LaTeXML/Package/pdfTeX.pool.ltxml... 0.00 sec) 0.06 sec)
(Processing content /mnt/c/Users/jorda/Documents/GitHub/jordanbell2357.github.io/LaTeX/archytas/archytas.tex...
(Loading /usr/share/perl5/LaTeXML/Package/LaTeX.pool.ltxml...
(Loading /usr/share/perl5/LaTeXML/Package/textcomp.sty.ltxml...
(Processing definitions /usr/share/texlive/texmf-dist/tex/latex-dev/base/ts1enc.dfu... 0.01 sec) 0.43 sec) 0.52 sec)
(Loading /usr/share/perl5/LaTeXML/Package/article.cls.ltxml... 0.00 sec)
(Loading /usr/share/perl5/LaTeXML/Package/amsmath.sty.ltxml...
(Loading /usr/share/perl5/LaTeXML/Package/amsbsy.sty.ltxml...
(Loading /usr/share/perl5/LaTeXML/Package/amsgen.sty.ltxml... 0.00 sec) 0.00 sec)
(Loading /usr/share/perl5/LaTeXML/Package/amstext.sty.ltxml... 0.00 sec)
(Loading /usr/share/perl5/LaTeXML/Package/amsopn.sty.ltxml... 0.00 sec) 0.02 sec)
(Loading /usr/share/perl5/LaTeXML/Package/amssymb.sty.ltxml...
(Loading /usr/share/perl5/LaTeXML/Package/amsfonts.sty.ltxml... 0.00 sec) 0.01 sec)
(Loading /usr/share/perl5/LaTeXML/Package/graphicx.sty.ltxml...
(Loading /usr/share/perl5/LaTeXML/Package/graphics.sty.ltxml... 0.00 sec) 0.01 sec)
(Loading /usr/share/perl5/LaTeXML/Package/subfig.sty.ltxml... 0.00 sec)
(Loading /usr/share/perl5/LaTeXML/Package/mathrsfs.sty.ltxml... 0.00 sec)
(Loading /usr/share/perl5/LaTeXML/Package/amsthm.sty.ltxml... 0.00 sec)
(Loading /usr/share/perl5/LaTeXML/Package/enumitem.sty.ltxml... 0.00 sec)
(Loading /usr/share/perl5/LaTeXML/Package/inputenc.sty.ltxml...
(Loading /usr/share/perl5/LaTeXML/Package/utf8.def.ltxml... 0.00 sec) 0.00 sec)
(Loading /usr/share/perl5/LaTeXML/Package/fontenc.sty.ltxml...
(Processing definitions /usr/share/texlive/texmf-dist/tex/latex/greek-fontenc/lgrenc.def...
(Processing definitions /usr/share/texlive/texmf-dist/tex/latex/greek-inputenc/lgrenc.dfu... 0.05 sec)
(Loading /usr/share/perl5/LaTeXML/Package/lgr.fontmap.ltxml... 0.00 sec)
(Processing definitions /usr/share/texlive/texmf-dist/tex/latex/greek-fontenc/greek-fontenc.def... 0.03 sec) 0.22 sec)
(Loading /usr/share/perl5/LaTeXML/Package/t1enc.def.ltxml...
(Processing definitions /usr/share/texlive/texmf-dist/tex/latex-dev/base/t1enc.def...
(Processing definitions /usr/share/texlive/texmf-dist/tex/latex-dev/base/t1enc.dfu... 0.03 sec)
(Loading /usr/share/perl5/LaTeXML/Package/t1.fontmap.ltxml... 0.00 sec) 0.06 sec) 0.06 sec) 0.28 sec)
Error:undefined:\accpsilioxia The token T_CS[\accpsilioxia] is not defined.
	at archytas.tex; line 33 col 0 - line 33 col 40
	Defining it now as <ltx:ERROR/>
	Next token is T_CS[\textepsilon] ( == Core::Definition::Expandable[\textepsilon]) more: }στιν αὑτοῖς ἃ διὰ τεττάρων ἔχει\\
κοινωνίαν, διὰ πέντε, διὰ πασῶν πάλιν\\
ταῦτα προσάγω πρὸς αὐτὰ τὰ διαστήματα\\
καὶ ταῖς ἐπιφοραῖς εὐθὺς οἰκείως πλέκω.\endgroup
	In Core::Gullet[@0x55fdd535a118] /mnt/c/Users/jorda/Documents/GitHub/jordanbell2357.github.io/LaTeX/archytas/archytas.tex; from line 33 col 0 to line 33 col 40
	 <= Core::Stomach[@0x55fdd535a250] <= Core::Definition::Primitive[Begin] <= Core::Stomach[@0x55fdd535a250] <= ...
Error:undefined:\accdasia The token T_CS[\accdasia] is not defined.
	at archytas.tex; line 33 col 0 - line 33 col 40
	Defining it now as <ltx:ERROR/>
	Next token is T_CS[\textupsilon] ( == Core::Definition::Expandable[\textupsilon]) more: }τοῖς ἃ διὰ τεττάρων ἔχει\\
κοινωνίαν, διὰ πέντε, διὰ πασῶν πάλιν\\
ταῦτα προσάγω πρὸς αὐτὰ τὰ διαστήματα\\
καὶ ταῖς ἐπιφοραῖς εὐθὺς οἰκείως πλέκω.\endgroup
	In Core::Gullet[@0x55fdd535a118] /mnt/c/Users/jorda/Documents/GitHub/jordanbell2357.github.io/LaTeX/archytas/archytas.tex; from line 33 col 0 to line 33 col 40
	 <= Core::Stomach[@0x55fdd535a250] <= Core::Definition::Primitive[Begin] <= Core::Stomach[@0x55fdd535a250] <= ...
Error:undefined:\accperispomeni The token T_CS[\accperispomeni] is not defined.
	at archytas.tex; line 33 col 0 - line 33 col 40
	Defining it now as <ltx:ERROR/>
	Next token is T_CS[\textiota] ( == Core::Definition::Expandable[\textiota]) more: }ς ἃ διὰ τεττάρων ἔχει\\
κοινωνίαν, διὰ πέντε, διὰ πασῶν πάλιν\\
ταῦτα προσάγω πρὸς αὐτὰ τὰ διαστήματα\\
καὶ ταῖς ἐπιφοραῖς εὐθὺς οἰκείως πλέκω.\endgroup
	In Core::Gullet[@0x55fdd535a118] /mnt/c/Users/jorda/Documents/GitHub/jordanbell2357.github.io/LaTeX/archytas/archytas.tex; from line 33 col 0 to line 33 col 40
	 <= Core::Stomach[@0x55fdd535a250] <= Core::Definition::Primitive[Begin] <= Core::Stomach[@0x55fdd535a250] <= ...
Error:undefined:\accdasiavaria The token T_CS[\accdasiavaria] is not defined.
	at archytas.tex; line 33 col 0 - line 33 col 40
	Defining it now as <ltx:ERROR/>
	Next token is T_CS[\textalpha] ( == Core::Definition::Expandable[\textalpha]) more: } διὰ τεττάρων ἔχει\\
κοινωνίαν, διὰ πέντε, διὰ πασῶν πάλιν\\
ταῦτα προσάγω πρὸς αὐτὰ τὰ διαστήματα\\
καὶ ταῖς ἐπιφοραῖς εὐθὺς οἰκείως πλέκω.\endgroup
	In Core::Gullet[@0x55fdd535a118] /mnt/c/Users/jorda/Documents/GitHub/jordanbell2357.github.io/LaTeX/archytas/archytas.tex; from line 33 col 0 to line 33 col 40
	 <= Core::Stomach[@0x55fdd535a250] <= Core::Definition::Primitive[Begin] <= Core::Stomach[@0x55fdd535a250] <= ...
Error:undefined:\accvaria The token T_CS[\accvaria] is not defined.
	at archytas.tex; line 33 col 0 - line 33 col 40
	Defining it now as <ltx:ERROR/>
	Next token is T_CS[\textalpha] ( == Core::Definition::Expandable[\textalpha]) more: } τεττάρων ἔχει\\
κοινωνίαν, διὰ πέντε, διὰ πασῶν πάλιν\\
ταῦτα προσάγω πρὸς αὐτὰ τὰ διαστήματα\\
καὶ ταῖς ἐπιφοραῖς εὐθὺς οἰκείως πλέκω.\endgroup
	In Core::Gullet[@0x55fdd535a118] /mnt/c/Users/jorda/Documents/GitHub/jordanbell2357.github.io/LaTeX/archytas/archytas.tex; from line 33 col 0 to line 33 col 40
	 <= Core::Stomach[@0x55fdd535a250] <= Core::Definition::Primitive[Begin] <= Core::Stomach[@0x55fdd535a250] <= ...
Error:undefined:\acctonos The token T_CS[\acctonos] is not defined.
	at archytas.tex; line 33 col 0 - line 33 col 40
	Defining it now as <ltx:ERROR/>
	Next token is T_CS[\textalpha] ( == Core::Definition::Expandable[\textalpha]) more: }ρων ἔχει\\
κοινωνίαν, διὰ πέντε, διὰ πασῶν πάλιν\\
ταῦτα προσάγω πρὸς αὐτὰ τὰ διαστήματα\\
καὶ ταῖς ἐπιφοραῖς εὐθὺς οἰκείως πλέκω.\endgroup
	In Core::Gullet[@0x55fdd535a118] /mnt/c/Users/jorda/Documents/GitHub/jordanbell2357.github.io/LaTeX/archytas/archytas.tex; from line 33 col 0 to line 33 col 40
	 <= Core::Stomach[@0x55fdd535a250] <= Core::Definition::Primitive[Begin] <= Core::Stomach[@0x55fdd535a250] <= ...
Error:undefined:\accpsili The token T_CS[\accpsili] is not defined.
	at archytas.tex; line 33 col 0 - line 33 col 40
	Defining it now as <ltx:ERROR/>
	Next token is T_CS[\textupsilon] ( == Core::Definition::Expandable[\textupsilon]) more: }τὰ τὰ διαστήματα\\
καὶ ταῖς ἐπιφοραῖς εὐθὺς οἰκείως πλέκω.\endgroup
	In Core::Gullet[@0x55fdd535a118] /mnt/c/Users/jorda/Documents/GitHub/jordanbell2357.github.io/LaTeX/archytas/archytas.tex; from line 33 col 0 to line 33 col 40
	 <= Core::Stomach[@0x55fdd535a250] <= Core::Definition::Primitive[Begin] <= Core::Stomach[@0x55fdd535a250] <= ...
Warning:expected:<number> Missing number (Dimension), treated as zero.
	at archytas.tex; line 991 col 3 - line 991 col 3
	while processing \par
	Next token is T_LETTER[I] ( == T_LETTER[I])
	In Core::Gullet[@0x55fdd535a118] /mnt/c/Users/jorda/Documents/GitHub/jordanbell2357.github.io/LaTeX/archytas/archytas.tex; from line 991 col 3 to line 991 col 3
Warning:expected:<unit> Illegal unit of measure (pt inserted).
	at archytas.tex; line 1027 col 4 - line 1027 col 4
	In Core::Gullet[@0x55fdd535a118] /mnt/c/Users/jorda/Documents/GitHub/jordanbell2357.github.io/LaTeX/archytas/archytas.tex; from line 1027 col 4 to line 1027 col 4
Warning:expected:<unit> Illegal unit of measure (pt inserted).
	at archytas.tex; line 1030 col 4 - line 1030 col 4
	In Core::Gullet[@0x55fdd535a118] /mnt/c/Users/jorda/Documents/GitHub/jordanbell2357.github.io/LaTeX/archytas/archytas.tex; from line 1030 col 4 to line 1030 col 4
 2.19 sec) 2.26 sec)
(Building...
(Loading compiled schema /usr/share/perl5/LaTeXML/resources/RelaxNG/LaTeXML.model... 0.01 sec) 2.40 sec)
(Rewriting... 0.01 sec)
(Math Parsing 108 formulae ...... 0.16 sec)
Math parsing succeeded:
   ltx:XMath: 108/108
   ltx:XMArg: 15/15
Symbols assumed as simple identifiers (with # of occurences):
   'A{italic}' (6), 'B{italic}' (7), 'C{italic}' (2), 'D{italic}' (7), 'E{italic}' (7), 'e{italic}' (1), 'f{italic}' (1), 'g{italic}' (1), 'h{italic}' (1), 'x{italic}' (4), 'y{italic}' (2)
Set MATHPARSER_SPECULATE to speculate on possible notations.
(Finalizing... 0.04 sec)
Conversion complete 3 warnings; 7 errors; 7 undefined macros[\accpsilioxia, \accdasia, \accperispomeni, \accpsili, \accvaria, \acctonos, \accdasiavaria] (See /mnt/c/Users/jorda/Documents/GitHub/jordanbell2357.github.io/LaTeX/archytas/archytas.latexml.log) (reqd. 5.11s)
