latexmlpost (LaTeXML version 0.8.6) paginating /mnt/c/Users/jorda/Documents/GitHub/LaTeX/archytas/archytas.xml
(post-processing...
(Scan index.html processing...
Scan: DBStatus: 277/0 objects
 0.02 sec)
(MakeBibliography index.html processing...
(Recursive MakeBibliography /mnt/c/Users/jorda/Documents/GitHub/LaTeX/archytas/archytas.bib...
(Loading /usr/share/perl5/LaTeXML/Package/TeX.pool.ltxml...
(Loading /usr/share/perl5/LaTeXML/Package/eTeX.pool.ltxml... 0.00 sec)
(Loading /usr/share/perl5/LaTeXML/Package/pdfTeX.pool.ltxml... 0.00 sec) 0.06 sec)
(Loading /usr/share/perl5/LaTeXML/Package/LaTeX.pool.ltxml...
(Loading /usr/share/perl5/LaTeXML/Package/textcomp.sty.ltxml...
(Processing definitions /usr/share/texlive/texmf-dist/tex/latex-dev/base/ts1enc.dfu... 0.01 sec) 0.43 sec) 0.51 sec)
(Loading /usr/share/perl5/LaTeXML/Package/BibTeX.pool.ltxml... 0.01 sec)
(Loading /usr/share/perl5/LaTeXML/Package/article.cls.ltxml... 0.00 sec)
(Loading /usr/share/perl5/LaTeXML/Package/amsmath.sty.ltxml...
(Loading /usr/share/perl5/LaTeXML/Package/amsbsy.sty.ltxml...
(Loading /usr/share/perl5/LaTeXML/Package/amsgen.sty.ltxml... 0.00 sec) 0.00 sec)
(Loading /usr/share/perl5/LaTeXML/Package/amstext.sty.ltxml... 0.00 sec)
(Loading /usr/share/perl5/LaTeXML/Package/amsopn.sty.ltxml... 0.00 sec) 0.02 sec)
(Loading /usr/share/perl5/LaTeXML/Package/amssymb.sty.ltxml...
(Loading /usr/share/perl5/LaTeXML/Package/amsfonts.sty.ltxml... 0.00 sec) 0.01 sec)
(Loading /usr/share/perl5/LaTeXML/Package/graphicx.sty.ltxml...
(Loading /usr/share/perl5/LaTeXML/Package/graphics.sty.ltxml... 0.00 sec) 0.01 sec)
(Loading /usr/share/perl5/LaTeXML/Package/subfig.sty.ltxml... 0.00 sec)
(Loading /usr/share/perl5/LaTeXML/Package/mathrsfs.sty.ltxml... 0.00 sec)
(Loading /usr/share/perl5/LaTeXML/Package/amsthm.sty.ltxml... 0.00 sec)
(Loading /usr/share/perl5/LaTeXML/Package/enumitem.sty.ltxml... 0.00 sec)
(Loading /usr/share/perl5/LaTeXML/Package/fontenc.sty.ltxml...
(Processing definitions /usr/share/texlive/texmf-dist/tex/latex/greek-fontenc/lgrenc.def...
(Processing definitions /usr/share/texlive/texmf-dist/tex/latex/greek-inputenc/lgrenc.dfu... 0.05 sec)
(Loading /usr/share/perl5/LaTeXML/Package/lgr.fontmap.ltxml... 0.00 sec)
(Processing definitions /usr/share/texlive/texmf-dist/tex/latex/greek-fontenc/greek-fontenc.def... 0.03 sec) 0.23 sec)
(Loading /usr/share/perl5/LaTeXML/Package/t1enc.def.ltxml...
(Processing definitions /usr/share/texlive/texmf-dist/tex/latex-dev/base/t1enc.def...
(Processing definitions /usr/share/texlive/texmf-dist/tex/latex-dev/base/t1enc.dfu... 0.03 sec)
(Loading /usr/share/perl5/LaTeXML/Package/t1.fontmap.ltxml... 0.00 sec) 0.06 sec) 0.06 sec) 0.30 sec)
latexmlpost (LaTeXML version 0.8.6)
invoked as [/usr/bin/latexmlpost ]
recursive processing started Tue Feb 21 23:28:58 2023
(Digesting BibTeX archytas...
(Processing content /mnt/c/Users/jorda/Documents/GitHub/LaTeX/archytas/archytas.bib... 0.01 sec)
(Preparsing Bibliography archytas... 0.02 sec)
(Processing content Literal String... 1.39 sec) 1.42 sec)
(Building...
(Loading compiled schema /usr/share/perl5/LaTeXML/resources/RelaxNG/LaTeXML.model... 0.00 sec) 0.91 sec)
(Rewriting... 0.00 sec)
(Finalizing... 0.02 sec)
recursive Conversion complete: No obvious problems
Status:conversion:0
 3.36 sec)
MakeBibliography: using bibliographies archytas]
MakeBibliography: 114 bibentries, 49 cited
Scan: DBStatus: 327/0 objects
 3.47 sec)
(CrossRef index.html processing... 0.04 sec)
(MathML::Presentation index.html 59 to process...
converted 59 Maths
 0.01 sec)
(XSLT[using LaTeXML-html5.xsl] index.html processing... 0.04 sec)
(Writer index.html processing... 0.01 sec) 3.59 sec)
Postprocessing complete No obvious problems (reqd. 3.71s)
