latexmlpost (LaTeXML version 0.8.6) paginating /mnt/c/Users/jorda/Documents/GitHub/LaTeX/euclidVII/euclidVII.xml
(post-processing...
(Scan index.html processing...
Scan: DBStatus: 1430/0 objects
 0.18 sec)
(MakeBibliography index.html processing...
(Recursive MakeBibliography /mnt/c/Users/jorda/Documents/GitHub/LaTeX/euclidVII/euclidVII.bib...
(Loading /usr/share/perl5/LaTeXML/Package/TeX.pool.ltxml...
(Loading /usr/share/perl5/LaTeXML/Package/eTeX.pool.ltxml... 0.00 sec)
(Loading /usr/share/perl5/LaTeXML/Package/pdfTeX.pool.ltxml... 0.00 sec) 0.10 sec)
(Loading /usr/share/perl5/LaTeXML/Package/LaTeX.pool.ltxml...
(Loading /usr/share/perl5/LaTeXML/Package/textcomp.sty.ltxml...
(Processing definitions /usr/share/texlive/texmf-dist/tex/latex-dev/base/ts1enc.dfu... 0.02 sec) 0.77 sec) 0.90 sec)
(Loading /usr/share/perl5/LaTeXML/Package/BibTeX.pool.ltxml... 0.01 sec)
(Loading /usr/share/perl5/LaTeXML/Package/article.cls.ltxml... 0.01 sec)
(Loading /usr/share/perl5/LaTeXML/Package/amsmath.sty.ltxml...
(Loading /usr/share/perl5/LaTeXML/Package/amsbsy.sty.ltxml...
(Loading /usr/share/perl5/LaTeXML/Package/amsgen.sty.ltxml... 0.00 sec) 0.01 sec)
(Loading /usr/share/perl5/LaTeXML/Package/amstext.sty.ltxml... 0.00 sec)
(Loading /usr/share/perl5/LaTeXML/Package/amsopn.sty.ltxml... 0.00 sec) 0.03 sec)
(Loading /usr/share/perl5/LaTeXML/Package/amssymb.sty.ltxml...
(Loading /usr/share/perl5/LaTeXML/Package/amsfonts.sty.ltxml... 0.00 sec) 0.01 sec)
(Loading /usr/share/perl5/LaTeXML/Package/mathrsfs.sty.ltxml... 0.00 sec)
(Loading /usr/share/perl5/LaTeXML/Package/amsthm.sty.ltxml... 0.00 sec)
(Loading /usr/share/perl5/LaTeXML/Package/enumitem.sty.ltxml... 0.00 sec)
(Loading /usr/share/perl5/LaTeXML/Package/babel.sty.ltxml...
(Processing definitions /usr/share/texlive/texmf-dist/tex/generic/babel/babel.sty...
(Processing definitions /usr/share/texlive/texmf-dist/tex/generic/config/language.def... 0.03 sec)
(Loading /usr/share/perl5/LaTeXML/Package/txtbabel.def.ltxml...
(Processing definitions /usr/share/texlive/texmf-dist/tex/generic/babel/txtbabel.def... 0.00 sec)
(Loading /usr/share/perl5/LaTeXML/Package/babel_support.sty.ltxml... 0.00 sec) 0.01 sec)
(Processing definitions /usr/share/texlive/texmf-dist/tex/generic/babel-greek/greek.ldf...
(Processing definitions /usr/share/texlive/texmf-dist/tex/latex/greek-fontenc/lgrenc.def...
(Processing definitions /usr/share/texlive/texmf-dist/tex/latex/greek-inputenc/lgrenc.dfu... 0.08 sec)
(Loading /usr/share/perl5/LaTeXML/Package/lgr.fontmap.ltxml... 0.00 sec)
(Processing definitions /usr/share/texlive/texmf-dist/tex/latex/greek-fontenc/greek-fontenc.def... 0.04 sec) 0.40 sec) 1.09 sec)
(Processing definitions /usr/share/texlive/texmf-dist/tex/generic/babel-english/english.ldf... 0.43 sec) 4.19 sec) 4.19 sec)
latexmlpost (LaTeXML version 0.8.6)
invoked as [/usr/bin/latexmlpost ]
recursive processing started Sun Feb 12 20:28:05 2023
(Digesting BibTeX euclidVII...
(Processing content /mnt/c/Users/jorda/Documents/GitHub/LaTeX/euclidVII/euclidVII.bib...
Info:misdefined:utf-8 input isn't valid under encoding utf-8
	at euclidVII.bib; line 433 col 0 - line 433 col 26
 0.01 sec)
(Preparsing Bibliography euclidVII... 0.01 sec)
(Processing content Literal String... 0.99 sec) 1.03 sec)
(Building...
(Loading compiled schema /usr/share/perl5/LaTeXML/resources/RelaxNG/LaTeXML.model... 0.01 sec) 0.75 sec)
(Rewriting... 0.00 sec)
(Math Parsing 2 formulae ...... 0.01 sec)
Math parsing succeeded:
   ltx:XMath: 2/2
(Finalizing... 0.01 sec)
recursive Conversion complete: No obvious problems
Status:conversion:0
 7.21 sec)
MakeBibliography: using bibliographies euclidVII]
MakeBibliography: 51 bibentries, 24 cited
Scan: DBStatus: 1459/0 objects
 7.51 sec)
(CrossRef index.html processing... 0.08 sec)
(MathML::Presentation index.html 871 to process...
converted 871 Maths
 0.49 sec)
(XSLT[using LaTeXML-html5.xsl] index.html processing... 0.10 sec)
(Writer index.html processing... 0.02 sec) 8.39 sec)
Postprocessing complete No obvious problems (reqd. 8.66s)
