This is pdfTeX, Version 3.141592653-2.6-1.40.23 (TeX Live 2021/W32TeX) (preloaded format=pdflatex 2021.11.24)  22 FEB 2022 15:23
entering extended mode
 restricted \write18 enabled.
 %&-line parsing enabled.
**balance-scales.tex
(./balance-scales.tex
LaTeX2e <2021-11-15>
L3 programming layer <2021-11-22>
(c:/texlive/2021/texmf-dist/tex/latex/base/article.cls
Document Class: article 2021/10/04 v1.4n Standard LaTeX document class
(c:/texlive/2021/texmf-dist/tex/latex/base/size10.clo
File: size10.clo 2021/10/04 v1.4n Standard LaTeX file (size option)
)
\c@part=\count183
\c@section=\count184
\c@subsection=\count185
\c@subsubsection=\count186
\c@paragraph=\count187
\c@subparagraph=\count188
\c@figure=\count189
\c@table=\count190
\abovecaptionskip=\skip47
\belowcaptionskip=\skip48
\bibindent=\dimen138
)
(c:/texlive/2021/texmf-dist/tex/latex/l3backend/l3backend-pdftex.def
File: l3backend-pdftex.def 2021-10-18 L3 backend support: PDF output (pdfTeX)
\l__color_backend_stack_int=\count191
\l__pdf_internal_box=\box50
)
(./balance-scales.aux)
\openout1 = `balance-scales.aux'.

LaTeX Font Info:    Checking defaults for OML/cmm/m/it on input line 10.
LaTeX Font Info:    ... okay on input line 10.
LaTeX Font Info:    Checking defaults for OMS/cmsy/m/n on input line 10.
LaTeX Font Info:    ... okay on input line 10.
LaTeX Font Info:    Checking defaults for OT1/cmr/m/n on input line 10.
LaTeX Font Info:    ... okay on input line 10.
LaTeX Font Info:    Checking defaults for T1/cmr/m/n on input line 10.
LaTeX Font Info:    ... okay on input line 10.
LaTeX Font Info:    Checking defaults for TS1/cmr/m/n on input line 10.
LaTeX Font Info:    ... okay on input line 10.
LaTeX Font Info:    Checking defaults for OMX/cmex/m/n on input line 10.
LaTeX Font Info:    ... okay on input line 10.
LaTeX Font Info:    Checking defaults for U/cmr/m/n on input line 10.
LaTeX Font Info:    ... okay on input line 10.
LaTeX Font Info:    External font `cmex10' loaded for size
(Font)              <12> on input line 11.
LaTeX Font Info:    External font `cmex10' loaded for size
(Font)              <8> on input line 11.
LaTeX Font Info:    External font `cmex10' loaded for size
(Font)              <6> on input line 11.
LaTeX Font Info:    External font `cmex10' loaded for size
(Font)              <7> on input line 16.
LaTeX Font Info:    External font `cmex10' loaded for size
(Font)              <5> on input line 16.

Overfull \hbox (1.72282pt too wide) in paragraph at lines 31--32
[]\OT1/cmr/m/n/10 ``The Ada Small Moore Col-lec-tion of An-cient Near East-ern 
Seals'', Sotheyby's
 []

[1

{c:/texlive/2021/texmf-var/fonts/map/pdftex/updmap/pdftex.map}] [2] [3]
[4]
Overfull \hbox (31.24147pt too wide) in paragraph at lines 204--205
\OT1/cmr/m/n/10 o-rated with small fu-ner-ary fig-urines and ser-vants for the 
Here-after. Wood/stucco/paint,
 []


Overfull \hbox (8.21364pt too wide) in paragraph at lines 216--218
[]\OT1/cmr/m/n/10 The Ras-sam obelisk from Nim-rud, Mesopotamia, north-ern Iraq
. Neo-Assyrian,
 []

[5] [6] [7]
Overfull \hbox (2.98204pt too wide) in paragraph at lines 365--366
[]\OT1/cmr/m/n/10 Varbanov 1913 Nemesis-Aequitas stand-ing with scales and cor-
nu-copiae; wheel
 []

[8]
Overfull \hbox (22.73672pt too wide) in paragraph at lines 429--430
[]\OT1/cmr/m/n/10 Steelyard: Gaius Fir-mius Severus In-stru-men-tar-ium, Rheims
: Mus^^See d'Arch^^Seologie
 []

(./balance-scales.bbl [9]) [10] (./balance-scales.aux) ) 
Here is how much of TeX's memory you used:
 446 strings out of 478353
 7994 string characters out of 5852100
 311507 words of memory out of 5000000
 18641 multiletter control sequences out of 15000+600000
 407751 words of font info for 41 fonts, out of 8000000 for 9000
 1141 hyphenation exceptions out of 8191
 34i,6n,38p,914b,215s stack positions out of 5000i,500n,10000p,200000b,80000s
{c:/texlive/2021/texmf-
dist/fonts/enc/dvips/cm-super/cm-super-ts1.enc}<c:/texlive/2021/texmf-dist/font
s/type1/public/amsfonts/cm/cmbx12.pfb><c:/texlive/2021/texmf-dist/fonts/type1/p
ublic/amsfonts/cm/cmr10.pfb><c:/texlive/2021/texmf-dist/fonts/type1/public/amsf
onts/cm/cmr12.pfb><c:/texlive/2021/texmf-dist/fonts/type1/public/amsfonts/cm/cm
r17.pfb><c:/texlive/2021/texmf-dist/fonts/type1/public/amsfonts/cm/cmsy10.pfb><
c:/texlive/2021/texmf-dist/fonts/type1/public/amsfonts/cm/cmti10.pfb><c:/texliv
e/2021/texmf-dist/fonts/type1/public/cm-super/sfrm1000.pfb>
Output written on balance-scales.pdf (10 pages, 110214 bytes).
PDF statistics:
 73 PDF objects out of 1000 (max. 8388607)
 46 compressed objects within 1 object stream
 0 named destinations out of 1000 (max. 500000)
 1 words of extra memory for PDF output out of 10000 (max. 10000000)

