latexml (LaTeXML version 0.8.6) processing euclideanalgorithm.tex
(Digesting TeX euclideanalgorithm...
(Loading /usr/share/perl5/LaTeXML/Package/TeX.pool.ltxml...
(Loading /usr/share/perl5/LaTeXML/Package/eTeX.pool.ltxml... 0.00 sec)
(Loading /usr/share/perl5/LaTeXML/Package/pdfTeX.pool.ltxml... 0.00 sec) 0.07 sec)
(Processing content /mnt/c/Users/jorda/repos/euclideanalgorithm/euclideanalgorithm.tex...
(Loading /usr/share/perl5/LaTeXML/Package/LaTeX.pool.ltxml...
(Loading /usr/share/perl5/LaTeXML/Package/textcomp.sty.ltxml...
(Processing definitions /usr/share/texlive/texmf-dist/tex/latex-dev/base/ts1enc.dfu... 0.01 sec) 0.47 sec) 0.56 sec)
(Loading /usr/share/perl5/LaTeXML/Package/article.cls.ltxml... 0.00 sec)
(Loading /usr/share/perl5/LaTeXML/Package/fontenc.sty.ltxml...
(Loading /usr/share/perl5/LaTeXML/Package/t1enc.def.ltxml...
(Processing definitions /usr/share/texlive/texmf-dist/tex/latex-dev/base/t1enc.def...
(Processing definitions /usr/share/texlive/texmf-dist/tex/latex-dev/base/t1enc.dfu... 0.03 sec)
(Loading /usr/share/perl5/LaTeXML/Package/t1.fontmap.ltxml... 0.00 sec) 0.07 sec) 0.07 sec) 0.07 sec)
(Loading /usr/share/perl5/LaTeXML/Package/inputenc.sty.ltxml...
(Loading /usr/share/perl5/LaTeXML/Package/utf8.def.ltxml... 0.00 sec) 0.01 sec)
Warning:missing_file:textalpha Can't find binding for package textalpha
	at euclideanalgorithm.tex; line 5 col 11 - line 5 col 11
	Anticipate undefined macros or environments
	search paths are /mnt/c/Users/jorda/repos/euclideanalgorithm
	In Core::Definition::Constructor[\usepac... /usr/share/perl5/LaTeXML/Package/LaTeX.pool.ltxml; line 806
(Loading /usr/share/perl5/LaTeXML/Package/amsmath.sty.ltxml...
(Loading /usr/share/perl5/LaTeXML/Package/amsbsy.sty.ltxml...
(Loading /usr/share/perl5/LaTeXML/Package/amsgen.sty.ltxml... 0.00 sec) 0.00 sec)
(Loading /usr/share/perl5/LaTeXML/Package/amstext.sty.ltxml... 0.00 sec)
(Loading /usr/share/perl5/LaTeXML/Package/amsopn.sty.ltxml... 0.00 sec) 0.02 sec)
(Loading /usr/share/perl5/LaTeXML/Package/amssymb.sty.ltxml...
(Loading /usr/share/perl5/LaTeXML/Package/amsfonts.sty.ltxml... 0.00 sec) 0.01 sec)
(Loading /usr/share/perl5/LaTeXML/Package/mathrsfs.sty.ltxml... 0.00 sec)
(Loading /usr/share/perl5/LaTeXML/Package/amsthm.sty.ltxml... 0.00 sec)
(Loading /usr/share/perl5/LaTeXML/Package/xfrac.sty.ltxml...
(Loading /usr/share/perl5/LaTeXML/Package/nicefrac.sty.ltxml... 0.00 sec) 0.00 sec) 2.91 sec) 2.99 sec)
(Building...
(Loading compiled schema /usr/share/perl5/LaTeXML/resources/RelaxNG/LaTeXML.model... 0.00 sec) 3.59 sec)
(Rewriting... 0.11 sec)
(Math Parsing 746 formulae ......
Warning:not_parsed:CLOSE.RELOP.LIMITOP>OPEN MathParser failed to match rule 'Anything'
	at euclideanalgorithm.tex; line 113 col 0 - line 115 col 2
	In "$$T(x,y)=\sup(k\in\mathbb{Z}_{\geq 0}:x-ky\geq 0),$$"
	T[[UNKNOWN]] ([[OPEN]] x[[UNKNOWN]] ,[[PUNCT]] y[[UNKNOWN]] )[[CLOSE]] =[[RELOP]] sup[[LIMITOP]]
	        > ([[OPEN]] k[[UNKNOWN]] ∈[[RELOP]] Z[[UNKNOWN]] _{\geq0}[[POSTSUBSCRIPT]] :[[METARELOP]] x[[UNKNOWN]] -[[ADDOP]] k[[UNKNOWN]] y[[UNKNOWN]] ≥[[RELOP]] 0[[NUMBER]] )[[CLOSE]]
Warning:not_parsed:CLOSE.RELOP.LIMITOP>OPEN MathParser failed to match rule 'Anything'
	at euclideanalgorithm.tex; line 123 col 0 - line 125 col 2
	In "$$\lfloor x\rfloor=\sup(n\in\mathbb{Z}:n\leq x),$$"
	\lfloor[[OPEN]] x[[UNKNOWN]] \rfloor[[CLOSE]] =[[RELOP]] sup[[LIMITOP]]
	        > ([[OPEN]] n[[UNKNOWN]] ∈[[RELOP]] Z[[UNKNOWN]] :[[METARELOP]] n[[UNKNOWN]] ≤[[RELOP]] x[[UNKNOWN]] )[[CLOSE]]
Warning:not_parsed:CLOSE.RELOP.LIMITOP>OPEN MathParser failed to match rule 'Anything'
	at euclideanalgorithm.tex; line 146 col 0 - line 148 col 2
	In "$$\lfloor x/y\rfloor=\sup(k\in\mathbb{Z}_{\geq 0}:x-ky\geq 0)=T(x,y).$$"
	\lfloor[[OPEN]] x[[UNKNOWN]] /[[MULOP]] y[[UNKNOWN]] \rfloor[[CLOSE]] =[[RELOP]] sup[[LIMITOP]]
	        > ([[OPEN]] k[[UNKNOWN]] ∈[[RELOP]] Z[[UNKNOWN]] _{\geq0}[[POSTSUBSCRIPT]] :[[METARELOP]] x[[UNKNOWN]] -[[ADDOP]] k[[UNKNOWN]] y[[UNKNOWN]] ≥[[RELOP]] 0[[NUMBER]] )[[CLOSE]] =[[RELOP]] T[[UNKNOWN]] ([[OPEN]] x[[UNKNOWN]] ,[[PUNCT]] y[[UNKNOWN]] )[[CLOSE]]
Warning:not_parsed:UNKNOWN.POSTSUBSCRIPT.ADDOP>OPEN MathParser failed to match rule 'Anything'
	at euclideanalgorithm.tex; line 414 col 2 - line 414 col 2
	In "$\displaystyle=a_{0}+(v_{1}:v_{2})^{-1}\@@ENDINLINEMATH"
	=[[RELOP]] a[[UNKNOWN]] _{0}[[POSTSUBSCRIPT]] +[[ADDOP]]
	        > ([[OPEN]] v[[UNKNOWN]] _{1}[[POSTSUBSCRIPT]] :[[METARELOP]] v[[UNKNOWN]] _{2}[[POSTSUBSCRIPT]] )[[CLOSE]] ^{-1}[[POSTSUPERSCRIPT]]
Warning:not_parsed:UNKNOWN.POSTSUBSCRIPT.ADDOP>OPEN MathParser failed to match rule 'Anything'
	at euclideanalgorithm.tex; line 414 col 2 - line 414 col 23
	In "$\displaystyle=a_{0}+(v_{1}:v_{2})^{-1}$"
	=[[RELOP]] a[[UNKNOWN]] _{0}[[POSTSUBSCRIPT]] +[[ADDOP]]
	        > ([[OPEN]] v[[UNKNOWN]] _{1}[[POSTSUBSCRIPT]] :[[METARELOP]] v[[UNKNOWN]] _{2}[[POSTSUBSCRIPT]] )[[CLOSE]] ^{-1}[[POSTSUPERSCRIPT]]
Warning:not_parsed:UNKNOWN.POSTSUBSCRIPT.ADDOP>OPEN MathParser failed to match rule 'Anything'
	at euclideanalgorithm.tex; line 415 col 2 - line 415 col 2
	In "$\displaystyle=a_{0}+(a_{1}+v_{3}:v_{2})^{-1}\@@ENDINLINEMATH"
	=[[RELOP]] a[[UNKNOWN]] _{0}[[POSTSUBSCRIPT]] +[[ADDOP]]
	        > ([[OPEN]] a[[UNKNOWN]] _{1}[[POSTSUBSCRIPT]] +[[ADDOP]] v[[UNKNOWN]] _{3}[[POSTSUBSCRIPT]] :[[METARELOP]] v[[UNKNOWN]] _{2}[[POSTSUBSCRIPT]] )[[CLOSE]] ^{-1}[[POSTSUPERSCRIPT]]
Warning:not_parsed:UNKNOWN.POSTSUBSCRIPT.ADDOP>OPEN MathParser failed to match rule 'Anything'
	at euclideanalgorithm.tex; line 415 col 2 - line 415 col 27
	In "$\displaystyle=a_{0}+(a_{1}+v_{3}:v_{2})^{-1}$"
	=[[RELOP]] a[[UNKNOWN]] _{0}[[POSTSUBSCRIPT]] +[[ADDOP]]
	        > ([[OPEN]] a[[UNKNOWN]] _{1}[[POSTSUBSCRIPT]] +[[ADDOP]] v[[UNKNOWN]] _{3}[[POSTSUBSCRIPT]] :[[METARELOP]] v[[UNKNOWN]] _{2}[[POSTSUBSCRIPT]] )[[CLOSE]] ^{-1}[[POSTSUPERSCRIPT]]
Warning:not_parsed:UNKNOWN.POSTSUBSCRIPT.ADDOP>OPEN MathParser failed to match rule 'Anything'
	at euclideanalgorithm.tex; line 416 col 2 - line 416 col 2
	In "$\displaystyle=a_{0}+(a_{1}+(v_{2}:v_{3})^{-1})^{-1}\@@ENDINLINEMATH"
	=[[RELOP]] a[[UNKNOWN]] _{0}[[POSTSUBSCRIPT]] +[[ADDOP]]
	        > ([[OPEN]] a[[UNKNOWN]] _{1}[[POSTSUBSCRIPT]] +[[ADDOP]] ([[OPEN]] v[[UNKNOWN]] _{2}[[POSTSUBSCRIPT]] :[[METARELOP]] v[[UNKNOWN]] _{3}[[POSTSUBSCRIPT]] )[[CLOSE]] ^{-1}[[POSTSUPERSCRIPT]] )[[CLOSE]] ^{-1}[[POSTSUPERSCRIPT]]
Warning:not_parsed:UNKNOWN.POSTSUBSCRIPT.ADDOP>OPEN MathParser failed to match rule 'Anything'
	at euclideanalgorithm.tex; line 416 col 2 - line 416 col 34
	In "$\displaystyle=a_{0}+(a_{1}+(v_{2}:v_{3})^{-1})^{-1}$"
	=[[RELOP]] a[[UNKNOWN]] _{0}[[POSTSUBSCRIPT]] +[[ADDOP]]
	        > ([[OPEN]] a[[UNKNOWN]] _{1}[[POSTSUBSCRIPT]] +[[ADDOP]] ([[OPEN]] v[[UNKNOWN]] _{2}[[POSTSUBSCRIPT]] :[[METARELOP]] v[[UNKNOWN]] _{3}[[POSTSUBSCRIPT]] )[[CLOSE]] ^{-1}[[POSTSUPERSCRIPT]] )[[CLOSE]] ^{-1}[[POSTSUPERSCRIPT]]
Warning:not_parsed:UNKNOWN.POSTSUBSCRIPT.ADDOP>OPEN MathParser failed to match rule 'Anything'
	at euclideanalgorithm.tex; line 417 col 2 - line 417 col 2
	In "$\displaystyle=a_{0}+(a_{1}+(a_{2}+v_{4}:v_{3})^{-1})^{-1}\@@ENDINLINEMATH"
	=[[RELOP]] a[[UNKNOWN]] _{0}[[POSTSUBSCRIPT]] +[[ADDOP]]
	        > ([[OPEN]] a[[UNKNOWN]] _{1}[[POSTSUBSCRIPT]] +[[ADDOP]] ([[OPEN]] a[[UNKNOWN]] _{2}[[POSTSUBSCRIPT]] +[[ADDOP]] v[[UNKNOWN]] _{4}[[POSTSUBSCRIPT]] :[[METARELOP]] v[[UNKNOWN]] _{3}[[POSTSUBSCRIPT]] )[[CLOSE]] ^{-1}[[POSTSUPERSCRIPT]] )[[CLOSE]] ^{-1}[[POSTSUPERSCRIPT]]
Warning:not_parsed:UNKNOWN.POSTSUBSCRIPT.ADDOP>OPEN MathParser failed to match rule 'Anything'
	at euclideanalgorithm.tex; line 417 col 2 - line 417 col 38
	In "$\displaystyle=a_{0}+(a_{1}+(a_{2}+v_{4}:v_{3})^{-1})^{-1}$"
	=[[RELOP]] a[[UNKNOWN]] _{0}[[POSTSUBSCRIPT]] +[[ADDOP]]
	        > ([[OPEN]] a[[UNKNOWN]] _{1}[[POSTSUBSCRIPT]] +[[ADDOP]] ([[OPEN]] a[[UNKNOWN]] _{2}[[POSTSUBSCRIPT]] +[[ADDOP]] v[[UNKNOWN]] _{4}[[POSTSUBSCRIPT]] :[[METARELOP]] v[[UNKNOWN]] _{3}[[POSTSUBSCRIPT]] )[[CLOSE]] ^{-1}[[POSTSUPERSCRIPT]] )[[CLOSE]] ^{-1}[[POSTSUPERSCRIPT]]
 6.50 sec)
Math parsing succeeded:
   ltx:XMath: 735/746
   ltx:XMArg: 1202/1202
   ltx:XMWrap: 49/49
Symbols assumed as simple identifiers (with # of occurences):
   'A{italic}' (98), 'B{italic}' (67), 'C{italic}' (109), 'D{italic}' (98), 'E{italic}' (52), 'F{italic}' (60), 'G{italic}' (20), 'H{italic}' (10), 'M{italic}' (26), 'N{italic}' (55), 'R{blackboard}' (10), 'T{italic}' (59), 'Y{italic}' (8), 'Z{blackboard}' (27), 'a{italic}' (119), 'b{italic}' (25), 'c{italic}' (8), 'd{italic}' (34), 'e{italic}' (2), 'gcm' (12), 'j{italic}' (12), 'k{italic}' (12), 'mu' (18), 'm{italic}' (42), 'nu' (2), 'n{italic}' (21), 'p{italic}' (52), 'q{italic}' (45), 's{italic}' (2), 'u{italic}' (47), 'v{italic}' (361), 'w{italic}' (58), 'x{italic}' (59), 'y{italic}' (48), 'z{italic}' (5)
Set MATHPARSER_SPECULATE to speculate on possible notations.
(Finalizing... 0.63 sec)
Conversion complete 12 warnings; 1 missing file[textalpha.sty] (See /mnt/c/Users/jorda/repos/euclideanalgorithm/euclideanalgorithm.latexml.log) (reqd. 14.25s)
