latexmlpost (LaTeXML version 0.8.6) paginating /mnt/c/Users/jorda/repos/euclideanalgorithm/euclideanalgorithm.xml
(post-processing...
(Scan index.html processing...
Scan: DBStatus: 1991/0 objects
 0.17 sec)
(MakeBibliography index.html processing...
(Recursive MakeBibliography /mnt/c/Users/jorda/repos/euclideanalgorithm/euclideanalgorithm.bib...
(Loading /usr/share/perl5/LaTeXML/Package/TeX.pool.ltxml...
(Loading /usr/share/perl5/LaTeXML/Package/eTeX.pool.ltxml... 0.00 sec)
(Loading /usr/share/perl5/LaTeXML/Package/pdfTeX.pool.ltxml... 0.00 sec) 0.06 sec)
(Loading /usr/share/perl5/LaTeXML/Package/LaTeX.pool.ltxml...
(Loading /usr/share/perl5/LaTeXML/Package/textcomp.sty.ltxml...
(Processing definitions /usr/share/texlive/texmf-dist/tex/latex-dev/base/ts1enc.dfu... 0.01 sec) 0.46 sec) 0.54 sec)
(Loading /usr/share/perl5/LaTeXML/Package/BibTeX.pool.ltxml... 0.01 sec)
(Loading /usr/share/perl5/LaTeXML/Package/article.cls.ltxml... 0.00 sec)
(Loading /usr/share/perl5/LaTeXML/Package/fontenc.sty.ltxml...
(Loading /usr/share/perl5/LaTeXML/Package/t1enc.def.ltxml...
(Processing definitions /usr/share/texlive/texmf-dist/tex/latex-dev/base/t1enc.def...
(Processing definitions /usr/share/texlive/texmf-dist/tex/latex-dev/base/t1enc.dfu... 0.03 sec)
(Loading /usr/share/perl5/LaTeXML/Package/t1.fontmap.ltxml... 0.00 sec) 0.06 sec) 0.06 sec) 0.07 sec)
(Loading /usr/share/perl5/LaTeXML/Package/inputenc.sty.ltxml...
(Loading /usr/share/perl5/LaTeXML/Package/utf8.def.ltxml... 0.00 sec) 0.01 sec)
(Processing definitions /usr/share/texlive/texmf-dist/tex/latex/greek-fontenc/textalpha.sty...
(Processing definitions /usr/share/texlive/texmf-dist/tex/latex/greek-fontenc/lgrenc.def...
(Processing definitions /usr/share/texlive/texmf-dist/tex/latex/greek-inputenc/lgrenc.dfu... 0.06 sec)
(Loading /usr/share/perl5/LaTeXML/Package/lgr.fontmap.ltxml... 0.00 sec)
(Processing definitions /usr/share/texlive/texmf-dist/tex/latex/greek-fontenc/greek-fontenc.def... 0.03 sec) 0.24 sec) 0.35 sec)
(Loading /usr/share/perl5/LaTeXML/Package/amsmath.sty.ltxml...
(Loading /usr/share/perl5/LaTeXML/Package/amsbsy.sty.ltxml...
(Loading /usr/share/perl5/LaTeXML/Package/amsgen.sty.ltxml... 0.00 sec) 0.00 sec)
(Loading /usr/share/perl5/LaTeXML/Package/amstext.sty.ltxml... 0.00 sec)
(Loading /usr/share/perl5/LaTeXML/Package/amsopn.sty.ltxml... 0.00 sec) 0.02 sec)
(Loading /usr/share/perl5/LaTeXML/Package/amssymb.sty.ltxml...
(Loading /usr/share/perl5/LaTeXML/Package/amsfonts.sty.ltxml... 0.00 sec) 0.01 sec)
(Loading /usr/share/perl5/LaTeXML/Package/mathrsfs.sty.ltxml... 0.00 sec)
(Loading /usr/share/perl5/LaTeXML/Package/amsthm.sty.ltxml... 0.00 sec)
(Loading /usr/share/perl5/LaTeXML/Package/xfrac.sty.ltxml...
(Loading /usr/share/perl5/LaTeXML/Package/nicefrac.sty.ltxml... 0.00 sec) 0.00 sec)
latexmlpost (LaTeXML version 0.8.6)
invoked as [/usr/bin/latexmlpost ]
recursive processing started Tue Feb 21 19:06:31 2023
(Digesting BibTeX euclideanalgorithm...
(Processing content /mnt/c/Users/jorda/repos/euclideanalgorithm/euclideanalgorithm.bib... 0.01 sec)
(Preparsing Bibliography euclideanalgorithm... 0.02 sec)
(Processing content Literal String... 1.49 sec) 1.53 sec)
(Building...
(Loading compiled schema /usr/share/perl5/LaTeXML/resources/RelaxNG/LaTeXML.model... 0.00 sec) 0.98 sec)
(Rewriting... 0.00 sec)
(Finalizing... 0.02 sec)
recursive Conversion complete: No obvious problems
Status:conversion:0
 3.71 sec)
MakeBibliography: using bibliographies euclideanalgorithm]
MakeBibliography: 117 bibentries, 74 cited
Scan: DBStatus: 2066/0 objects
 4.02 sec)
(CrossRef index.html processing... 0.15 sec)
(MathML::Presentation index.html 746 to process...
converted 746 Maths
 0.71 sec)
(XSLT[using LaTeXML-html5.xsl] index.html processing... 0.19 sec)
(Writer index.html processing... 0.01 sec) 5.25 sec)
Postprocessing complete No obvious problems (reqd. 5.45s)
