latexml (LaTeXML version 0.8.6) processing squareroots.tex
(Digesting TeX squareroots...
(Loading /usr/share/perl5/LaTeXML/Package/TeX.pool.ltxml...
(Loading /usr/share/perl5/LaTeXML/Package/eTeX.pool.ltxml... 0.00 sec)
(Loading /usr/share/perl5/LaTeXML/Package/pdfTeX.pool.ltxml... 0.01 sec) 0.17 sec)
(Processing content /mnt/c/Users/jorda/Documents/GitHub/LaTeX/squareroots/squareroots.tex...
(Loading /usr/share/perl5/LaTeXML/Package/LaTeX.pool.ltxml...
(Loading /usr/share/perl5/LaTeXML/Package/textcomp.sty.ltxml...
(Processing definitions /usr/share/texlive/texmf-dist/tex/latex-dev/base/ts1enc.dfu... 0.02 sec) 0.81 sec) 0.99 sec)
(Loading /usr/share/perl5/LaTeXML/Package/article.cls.ltxml... 0.01 sec)
(Loading /usr/share/perl5/LaTeXML/Package/amsmath.sty.ltxml...
(Loading /usr/share/perl5/LaTeXML/Package/amsbsy.sty.ltxml...
(Loading /usr/share/perl5/LaTeXML/Package/amsgen.sty.ltxml... 0.00 sec) 0.01 sec)
(Loading /usr/share/perl5/LaTeXML/Package/amstext.sty.ltxml... 0.00 sec)
(Loading /usr/share/perl5/LaTeXML/Package/amsopn.sty.ltxml... 0.00 sec) 0.04 sec)
(Loading /usr/share/perl5/LaTeXML/Package/amssymb.sty.ltxml...
(Loading /usr/share/perl5/LaTeXML/Package/amsfonts.sty.ltxml... 0.00 sec) 0.01 sec)
(Loading /usr/share/perl5/LaTeXML/Package/graphicx.sty.ltxml...
(Loading /usr/share/perl5/LaTeXML/Package/graphics.sty.ltxml... 0.00 sec) 0.02 sec)
(Loading /usr/share/perl5/LaTeXML/Package/subfig.sty.ltxml... 0.00 sec)
(Loading /usr/share/perl5/LaTeXML/Package/mathrsfs.sty.ltxml... 0.00 sec)
(Loading /usr/share/perl5/LaTeXML/Package/amsthm.sty.ltxml... 0.00 sec)
(Loading /usr/share/perl5/LaTeXML/Package/hyperref.sty.ltxml...
(Loading /usr/share/perl5/LaTeXML/Package/keyval.sty.ltxml...
(Processing definitions /usr/share/texlive/texmf-dist/tex/latex-dev/graphics/keyval.sty... 0.01 sec) 0.01 sec)
(Loading /usr/share/perl5/LaTeXML/Package/nameref.sty.ltxml... 0.00 sec)
(Loading /usr/share/perl5/LaTeXML/Package/url.sty.ltxml... 0.00 sec) 0.05 sec)
(Loading /usr/share/perl5/LaTeXML/Package/fontenc.sty.ltxml...
(Processing definitions /usr/share/texlive/texmf-dist/tex/latex/greek-fontenc/lgrenc.def...
(Processing definitions /usr/share/texlive/texmf-dist/tex/latex/greek-inputenc/lgrenc.dfu... 0.10 sec)
(Loading /usr/share/perl5/LaTeXML/Package/lgr.fontmap.ltxml... 0.00 sec)
(Processing definitions /usr/share/texlive/texmf-dist/tex/latex/greek-fontenc/greek-fontenc.def... 0.04 sec) 0.49 sec)
(Loading /usr/share/perl5/LaTeXML/Package/t1enc.def.ltxml...
(Processing definitions /usr/share/texlive/texmf-dist/tex/latex-dev/base/t1enc.def...
(Processing definitions /usr/share/texlive/texmf-dist/tex/latex-dev/base/t1enc.dfu... 0.05 sec)
(Loading /usr/share/perl5/LaTeXML/Package/t1.fontmap.ltxml... 0.00 sec) 0.09 sec) 0.10 sec) 0.60 sec)
Warning:expected:<number> Missing number (Dimension), treated as zero.
	at squareroots.tex; line 830 col 18 - line 830 col 18
	while processing \par
	Next token is T_LETTER[T] ( == T_LETTER[T]) more: heon's comment.
	In Core::Gullet[@0x5566454a1288] /mnt/c/Users/jorda/Documents/GitHub/LaTeX/squareroots/squareroots.tex; from line 830 col 18 to line 830 col 18
Warning:expected:<unit> Illegal unit of measure (pt inserted).
	at squareroots.tex; line 1966 col 3 - line 1966 col 3
	In Core::Gullet[@0x5566454a1288] /mnt/c/Users/jorda/Documents/GitHub/LaTeX/squareroots/squareroots.tex; from line 1966 col 3 to line 1966 col 3
 6.83 sec) 7.07 sec)
(Building...
(Loading compiled schema /usr/share/perl5/LaTeXML/resources/RelaxNG/LaTeXML.model... 0.01 sec) 10.52 sec)
(Rewriting... 0.26 sec)
(Math Parsing 1302 formulae ......
Warning:not_parsed:>PUNCT MathParser failed to match rule 'Anything'
	at squareroots.tex; line 99 col 2 - line 99 col 8
	In "$;2615$"
	> ;[[PUNCT]] 2615[[NUMBER]]
Warning:not_parsed:TRIGFUNCTION.NUMBER.POSTSUPERSCRIPT>RELOP MathParser failed to match rule 'Anything'
	at squareroots.tex; line 693 col 5 - line 693 col 31
	In "$\tan 1^{\circ}=;1,2,50,\ldots$"
	tan[[TRIGFUNCTION]] 1[[NUMBER]] ^{\circ}[[POSTSUPERSCRIPT]]
	        > =[[RELOP]] ;[[PUNCT]] 1[[NUMBER]] ,[[PUNCT]] 2[[NUMBER]] ,[[PUNCT]] 50[[NUMBER]] ,[[PUNCT]] \ldots[[ID]]
Warning:not_parsed:ATOM>RELOP MathParser failed to match rule 'Anything'
	at squareroots.tex; line 693 col 42 - line 693 col 60
	In "$\frac{1}{45}=;1,20$"
	\frac{1}{45}[[UNKNOWN]]
	        > =[[RELOP]] ;[[PUNCT]] 1[[NUMBER]] ,[[PUNCT]] 20[[NUMBER]]
Warning:not_parsed:>PUNCT MathParser failed to match rule 'Anything'
	at squareroots.tex; line 1086 col 0 - line 1088 col 2
	In "$$;1,2,49,28,50,\ldots\;<\;\sin 1^{\circ}\;<\;;1,2,49,48,12,\ldots,$$"
	> ;[[PUNCT]] 1[[NUMBER]] ,[[PUNCT]] 2[[NUMBER]] ,[[PUNCT]] 49[[NUMBER]] ,[[PUNCT]] 28[[NUMBER]] ,[[PUNCT]] 50[[NUMBER]] ,[[PUNCT]] \ldots[[ID]] <[[RELOP]] sin[[TRIGFUNCTION]] 1[[NUMBER]] ^{\circ}[[POSTSUPERSCRIPT]] <[[RELOP]] ;[[PUNCT]] 1[[NUMBER]] ,[[PUNCT]] 2[[NUMBER]] ,[[PUNCT]] 49[[NUMBER]] ,[[PUNCT]] 48[[NUMBER]] ,[[PUNCT]] 12[[NUMBER]] ,[[PUNCT]] \ldots[[ID]]
Warning:not_parsed:TRIGFUNCTION.NUMBER.POSTSUPERSCRIPT>RELOP MathParser failed to match rule 'Anything'
	at squareroots.tex; line 1089 col 8 - line 1089 col 34
	In "$\sin 1^{\circ}=;1,2,49,\ldots$"
	sin[[TRIGFUNCTION]] 1[[NUMBER]] ^{\circ}[[POSTSUPERSCRIPT]]
	        > =[[RELOP]] ;[[PUNCT]] 1[[NUMBER]] ,[[PUNCT]] 2[[NUMBER]] ,[[PUNCT]] 49[[NUMBER]] ,[[PUNCT]] \ldots[[ID]]
Warning:not_parsed:TRIGFUNCTION.NUMBER.POSTSUPERSCRIPT>RELOP MathParser failed to match rule 'Anything'
	at squareroots.tex; line 1089 col 50 - line 1089 col 85
	In "$\sin 1^{\circ}=;1,2,49,43,11,14,\ldots$"
	sin[[TRIGFUNCTION]] 1[[NUMBER]] ^{\circ}[[POSTSUPERSCRIPT]]
	        > =[[RELOP]] ;[[PUNCT]] 1[[NUMBER]] ,[[PUNCT]] 2[[NUMBER]] ,[[PUNCT]] 49[[NUMBER]] ,[[PUNCT]] 43[[NUMBER]] ,[[PUNCT]] 11[[NUMBER]] ,[[PUNCT]] 14[[NUMBER]] ,[[PUNCT]] \ldots[[ID]]
 9.53 sec)
Math parsing succeeded:
   ltx:XMath: 1296/1302
   ltx:XMArg: 2498/2498
Symbols assumed as simple identifiers (with # of occurences):
   'A{italic}' (325), 'B{italic}' (279), 'C{italic}' (82), 'Delta' (19), 'D{italic}' (224), 'E{italic}' (48), 'F{italic}' (37), 'Gamma' (4), 'G{italic}' (47), 'H{italic}' (75), 'K{italic}' (59), 'L{italic}' (78), 'M{italic}' (66), 'N{italic}' (12), 'O{italic}' (3), 'P{italic}' (1), 'S{italic}' (3), 'Theta' (53), 'T{italic}' (5), 'W{italic}' (6), 'X{italic}' (7), 'Y{italic}' (5), 'Z{italic}' (68), 'alpha' (37), 'a{italic}' (126), 'beta' (28), 'b{italic}' (47), 'chord' (10), 'c{italic}' (26), 'd{italic}' (8), 'f{italic}' (2), 'g{italic}' (2), 'h{italic}' (14), 'm{italic}' (44), 'n{italic}' (4), 'omega' (1), 'phi' (1), 'pi' (6), 'p{italic}' (43), 'q{italic}' (46), 'r{italic}' (7), 's{italic}' (38), 'theta' (7), 't{italic}' (1), 'u{italic}' (9), 'v{italic}' (8), 'xi' (22), 'x{italic}' (48), 'y{italic}' (21), 'z{italic}' (3)
Set MATHPARSER_SPECULATE to speculate on possible notations.
(Finalizing... 1.13 sec)
Conversion complete 8 warnings (See /mnt/c/Users/jorda/Documents/GitHub/LaTeX/squareroots/squareroots.latexml.log) (reqd. 29.35s)
