latexml (LaTeXML version 0.8.6) processing euclidI.tex
(Digesting TeX euclidI...
(Loading /usr/share/perl5/LaTeXML/Package/TeX.pool.ltxml...
(Loading /usr/share/perl5/LaTeXML/Package/eTeX.pool.ltxml... 0.00 sec)
(Loading /usr/share/perl5/LaTeXML/Package/pdfTeX.pool.ltxml... 0.00 sec) 0.06 sec)
(Processing content /mnt/c/Users/jorda/Documents/GitHub/LaTeX/euclidI/euclidI.tex...
(Loading /usr/share/perl5/LaTeXML/Package/LaTeX.pool.ltxml...
(Loading /usr/share/perl5/LaTeXML/Package/textcomp.sty.ltxml...
(Processing definitions /usr/share/texlive/texmf-dist/tex/latex-dev/base/ts1enc.dfu... 0.01 sec) 0.41 sec) 0.49 sec)
(Loading /usr/share/perl5/LaTeXML/Package/article.cls.ltxml... 0.00 sec)
(Loading /usr/share/perl5/LaTeXML/Package/fontenc.sty.ltxml...
(Loading /usr/share/perl5/LaTeXML/Package/t1enc.def.ltxml...
(Processing definitions /usr/share/texlive/texmf-dist/tex/latex-dev/base/t1enc.def...
(Processing definitions /usr/share/texlive/texmf-dist/tex/latex-dev/base/t1enc.dfu... 0.03 sec)
(Loading /usr/share/perl5/LaTeXML/Package/t1.fontmap.ltxml... 0.00 sec) 0.06 sec) 0.06 sec) 0.06 sec)
(Loading /usr/share/perl5/LaTeXML/Package/inputenc.sty.ltxml...
(Loading /usr/share/perl5/LaTeXML/Package/utf8.def.ltxml... 0.00 sec) 0.00 sec)
Warning:missing_file:textalpha Can't find binding for package textalpha
	at euclidI.tex; line 5 col 11 - line 5 col 11
	Anticipate undefined macros or environments
	search paths are /mnt/c/Users/jorda/Documents/GitHub/LaTeX/euclidI
	In Core::Definition::Constructor[\usepac... /usr/share/perl5/LaTeXML/Package/LaTeX.pool.ltxml; line 806
(Loading /usr/share/perl5/LaTeXML/Package/amsmath.sty.ltxml...
(Loading /usr/share/perl5/LaTeXML/Package/amsbsy.sty.ltxml...
(Loading /usr/share/perl5/LaTeXML/Package/amsgen.sty.ltxml... 0.00 sec) 0.00 sec)
(Loading /usr/share/perl5/LaTeXML/Package/amstext.sty.ltxml... 0.00 sec)
(Loading /usr/share/perl5/LaTeXML/Package/amsopn.sty.ltxml... 0.00 sec) 0.02 sec)
(Loading /usr/share/perl5/LaTeXML/Package/amssymb.sty.ltxml...
(Loading /usr/share/perl5/LaTeXML/Package/amsfonts.sty.ltxml... 0.00 sec) 0.01 sec)
(Loading /usr/share/perl5/LaTeXML/Package/graphicx.sty.ltxml...
(Loading /usr/share/perl5/LaTeXML/Package/graphics.sty.ltxml... 0.00 sec) 0.01 sec)
(Loading /usr/share/perl5/LaTeXML/Package/subfig.sty.ltxml... 0.00 sec)
(Loading /usr/share/perl5/LaTeXML/Package/mathrsfs.sty.ltxml... 0.00 sec)
(Loading /usr/share/perl5/LaTeXML/Package/amsthm.sty.ltxml... 0.00 sec)
Warning:expected:<unit> Illegal unit of measure (pt inserted).
	at euclidI.tex; line 2394 col 5 - line 2394 col 5
	In Core::Gullet[@0x556c552e0560] /mnt/c/Users/jorda/Documents/GitHub/LaTeX/euclidI/euclidI.tex; from line 2394 col 5 to line 2394 col 5
 3.29 sec) 3.38 sec)
(Building...
(Loading compiled schema /usr/share/perl5/LaTeXML/resources/RelaxNG/LaTeXML.model... 0.00 sec) 3.48 sec)
(Rewriting... 0.05 sec)
(Math Parsing 1432 formulae ...... 2.22 sec)
Math parsing succeeded:
   ltx:XMath: 1432/1432
Symbols assumed as simple identifiers (with # of occurences):
   'A{italic}' (434), 'B{italic}' (510), 'C{italic}' (409), 'D{italic}' (328), 'E{italic}' (319), 'F{italic}' (201), 'G{italic}' (255), 'H{italic}' (194), 'I{italic}' (6), 'K{italic}' (65), 'L{italic}' (36), 'M{italic}' (26), 'N{italic}' (13), 'Theta' (11), 'Xi' (7), 'Z{italic}' (9), 'a{italic}' (110), 'b{italic}' (99), 'c{italic}' (42), 'd{italic}' (61), 'e{italic}' (33), 'f{italic}' (46), 'g{italic}' (54), 'h{italic}' (40), 'i{italic}' (6), 'k{italic}' (44), 'l{italic}' (15), 'm{italic}' (13), 'n{italic}' (10), 'o{italic}' (17), 'p{italic}' (10), 'q{italic}' (7), 't{italic}' (5), 'x{italic}' (3)
Set MATHPARSER_SPECULATE to speculate on possible notations.
(Finalizing... 0.39 sec)
Conversion complete 2 warnings; 1 missing file[textalpha.sty] (See /mnt/c/Users/jorda/Documents/GitHub/LaTeX/euclidI/euclidI.latexml.log) (reqd. 9.88s)
