latexmlpost (LaTeXML version 0.8.6) paginating /mnt/c/Users/jorda/Documents/GitHub/LaTeX/euclidI/euclidI.xml
(post-processing...
(Scan index.html processing...
Scan: DBStatus: 2493/0 objects
 0.24 sec)
(MakeBibliography index.html processing...
(Recursive MakeBibliography /mnt/c/Users/jorda/Documents/GitHub/LaTeX/euclidI/euclidI.bib...
(Loading /usr/share/perl5/LaTeXML/Package/TeX.pool.ltxml...
(Loading /usr/share/perl5/LaTeXML/Package/eTeX.pool.ltxml... 0.00 sec)
(Loading /usr/share/perl5/LaTeXML/Package/pdfTeX.pool.ltxml... 0.00 sec) 0.05 sec)
(Loading /usr/share/perl5/LaTeXML/Package/LaTeX.pool.ltxml...
(Loading /usr/share/perl5/LaTeXML/Package/textcomp.sty.ltxml...
(Processing definitions /usr/share/texlive/texmf-dist/tex/latex-dev/base/ts1enc.dfu... 0.01 sec) 0.42 sec) 0.50 sec)
(Loading /usr/share/perl5/LaTeXML/Package/BibTeX.pool.ltxml... 0.00 sec)
(Loading /usr/share/perl5/LaTeXML/Package/article.cls.ltxml... 0.00 sec)
(Loading /usr/share/perl5/LaTeXML/Package/fontenc.sty.ltxml...
(Loading /usr/share/perl5/LaTeXML/Package/t1enc.def.ltxml...
(Processing definitions /usr/share/texlive/texmf-dist/tex/latex-dev/base/t1enc.def...
(Processing definitions /usr/share/texlive/texmf-dist/tex/latex-dev/base/t1enc.dfu... 0.03 sec)
(Loading /usr/share/perl5/LaTeXML/Package/t1.fontmap.ltxml... 0.00 sec) 0.06 sec) 0.06 sec) 0.07 sec)
(Loading /usr/share/perl5/LaTeXML/Package/inputenc.sty.ltxml...
(Loading /usr/share/perl5/LaTeXML/Package/utf8.def.ltxml... 0.00 sec) 0.01 sec)
(Processing definitions /usr/share/texlive/texmf-dist/tex/latex/greek-fontenc/textalpha.sty...
(Processing definitions /usr/share/texlive/texmf-dist/tex/latex/greek-fontenc/lgrenc.def...
(Processing definitions /usr/share/texlive/texmf-dist/tex/latex/greek-inputenc/lgrenc.dfu... 0.05 sec)
(Loading /usr/share/perl5/LaTeXML/Package/lgr.fontmap.ltxml... 0.00 sec)
(Processing definitions /usr/share/texlive/texmf-dist/tex/latex/greek-fontenc/greek-fontenc.def... 0.03 sec) 0.23 sec) 0.33 sec)
(Loading /usr/share/perl5/LaTeXML/Package/amsmath.sty.ltxml...
(Loading /usr/share/perl5/LaTeXML/Package/amsbsy.sty.ltxml...
(Loading /usr/share/perl5/LaTeXML/Package/amsgen.sty.ltxml... 0.00 sec) 0.00 sec)
(Loading /usr/share/perl5/LaTeXML/Package/amstext.sty.ltxml... 0.00 sec)
(Loading /usr/share/perl5/LaTeXML/Package/amsopn.sty.ltxml... 0.00 sec) 0.02 sec)
(Loading /usr/share/perl5/LaTeXML/Package/amssymb.sty.ltxml...
(Loading /usr/share/perl5/LaTeXML/Package/amsfonts.sty.ltxml... 0.00 sec) 0.01 sec)
(Loading /usr/share/perl5/LaTeXML/Package/graphicx.sty.ltxml...
(Loading /usr/share/perl5/LaTeXML/Package/graphics.sty.ltxml... 0.00 sec) 0.01 sec)
(Loading /usr/share/perl5/LaTeXML/Package/subfig.sty.ltxml... 0.00 sec)
(Loading /usr/share/perl5/LaTeXML/Package/mathrsfs.sty.ltxml... 0.00 sec)
(Loading /usr/share/perl5/LaTeXML/Package/amsthm.sty.ltxml... 0.00 sec)
latexmlpost (LaTeXML version 0.8.6)
invoked as [/usr/bin/latexmlpost ]
recursive processing started Wed Feb 22 18:02:32 2023
(Digesting BibTeX euclidI...
(Processing content /mnt/c/Users/jorda/Documents/GitHub/LaTeX/euclidI/euclidI.bib... 0.00 sec)
(Preparsing Bibliography euclidI... 0.01 sec)
(Processing content Literal String... 0.43 sec) 0.44 sec)
(Building...
(Loading compiled schema /usr/share/perl5/LaTeXML/resources/RelaxNG/LaTeXML.model... 0.00 sec) 0.29 sec)
(Rewriting... 0.00 sec)
(Finalizing... 0.01 sec)
recursive Conversion complete: No obvious problems
Status:conversion:0
 1.83 sec)
MakeBibliography: using bibliographies euclidI]
MakeBibliography: 37 bibentries, 35 cited
Scan: DBStatus: 2529/0 objects
 2.13 sec)
(CrossRef index.html processing... 0.10 sec)
(Graphics index.html 41 to process... 0.48 sec)
(MathML::Presentation index.html 1432 to process...
converted 1432 Maths
 0.56 sec)
(XSLT[using LaTeXML-html5.xsl] index.html processing... 0.13 sec)
(Writer index.html processing... 0.02 sec) 3.66 sec)
Postprocessing complete No obvious problems (reqd. 3.89s)
