This is pdfTeX, Version 3.141592653-2.6-1.40.22 (TeX Live 2022/dev/Debian) (preloaded format=pdflatex 2023.2.11)  22 FEB 2023 18:02
entering extended mode
 restricted \write18 enabled.
 %&-line parsing enabled.
**euclidI
(./euclidI.tex
LaTeX2e <2021-11-15> patch level 1
L3 programming layer <2022-01-21>
(/usr/share/texlive/texmf-dist/tex/latex/base/article.cls
Document Class: article 2021/10/04 v1.4n Standard LaTeX document class
(/usr/share/texlive/texmf-dist/tex/latex/base/size10.clo
File: size10.clo 2021/10/04 v1.4n Standard LaTeX file (size option)
)
\c@part=\count185
\c@section=\count186
\c@subsection=\count187
\c@subsubsection=\count188
\c@paragraph=\count189
\c@subparagraph=\count190
\c@figure=\count191
\c@table=\count192
\abovecaptionskip=\skip47
\belowcaptionskip=\skip48
\bibindent=\dimen138
)
(/usr/share/texlive/texmf-dist/tex/latex/base/fontenc.sty
Package: fontenc 2021/04/29 v2.0v Standard LaTeX package
)
(/usr/share/texlive/texmf-dist/tex/latex/base/inputenc.sty
Package: inputenc 2021/02/14 v1.3d Input encoding file
\inpenc@prehook=\toks16
\inpenc@posthook=\toks17
)
(/usr/share/texlive/texmf-dist/tex/latex/greek-fontenc/textalpha.sty
Package: textalpha 2020/10/30 2.0 macros for Greek letters in text

(/usr/share/texlive/texmf-dist/tex/latex/greek-fontenc/lgrenc.def
File: lgrenc.def 2020/10/13 2.0 LGR Greek font encoding definitions
Now handling font encoding LGR ...
... processing UTF-8 mapping file for font encoding LGR

(/usr/share/texlive/texmf-dist/tex/latex/greek-inputenc/lgrenc.dfu
File: lgrenc.dfu 2019/07/11 1.7 UTF-8 support for Greek
   defining Unicode char U+00A8 (decimal 168)
   defining Unicode char U+00AB (decimal 171)
   defining Unicode char U+00AF (decimal 175)
   defining Unicode char U+00B4 (decimal 180)
   defining Unicode char U+00B7 (decimal 183)
   defining Unicode char U+00BB (decimal 187)
   defining Unicode char U+0259 (decimal 601)
   defining Unicode char U+02D8 (decimal 728)
   defining Unicode char U+0374 (decimal 884)
   defining Unicode char U+0375 (decimal 885)
   defining Unicode char U+037A (decimal 890)
   defining Unicode char U+037E (decimal 894)
   defining Unicode char U+0384 (decimal 900)
   defining Unicode char U+0385 (decimal 901)
   defining Unicode char U+0386 (decimal 902)
   defining Unicode char U+0387 (decimal 903)
   defining Unicode char U+0388 (decimal 904)
   defining Unicode char U+0389 (decimal 905)
   defining Unicode char U+038A (decimal 906)
   defining Unicode char U+038C (decimal 908)
   defining Unicode char U+038E (decimal 910)
   defining Unicode char U+038F (decimal 911)
   defining Unicode char U+0390 (decimal 912)
   defining Unicode char U+0391 (decimal 913)
   defining Unicode char U+0392 (decimal 914)
   defining Unicode char U+0393 (decimal 915)
   defining Unicode char U+0394 (decimal 916)
   defining Unicode char U+0395 (decimal 917)
   defining Unicode char U+0396 (decimal 918)
   defining Unicode char U+0397 (decimal 919)
   defining Unicode char U+0398 (decimal 920)
   defining Unicode char U+0399 (decimal 921)
   defining Unicode char U+039A (decimal 922)
   defining Unicode char U+039B (decimal 923)
   defining Unicode char U+039C (decimal 924)
   defining Unicode char U+039D (decimal 925)
   defining Unicode char U+039E (decimal 926)
   defining Unicode char U+039F (decimal 927)
   defining Unicode char U+03A0 (decimal 928)
   defining Unicode char U+03A1 (decimal 929)
   defining Unicode char U+03A3 (decimal 931)
   defining Unicode char U+03A4 (decimal 932)
   defining Unicode char U+03A5 (decimal 933)
   defining Unicode char U+03A6 (decimal 934)
   defining Unicode char U+03A7 (decimal 935)
   defining Unicode char U+03A8 (decimal 936)
   defining Unicode char U+03A9 (decimal 937)
   defining Unicode char U+03AA (decimal 938)
   defining Unicode char U+03AB (decimal 939)
   defining Unicode char U+03AC (decimal 940)
   defining Unicode char U+03AD (decimal 941)
   defining Unicode char U+03AE (decimal 942)
   defining Unicode char U+03AF (decimal 943)
   defining Unicode char U+03B0 (decimal 944)
   defining Unicode char U+03B1 (decimal 945)
   defining Unicode char U+03B2 (decimal 946)
   defining Unicode char U+03B3 (decimal 947)
   defining Unicode char U+03B4 (decimal 948)
   defining Unicode char U+03B5 (decimal 949)
   defining Unicode char U+03B6 (decimal 950)
   defining Unicode char U+03B7 (decimal 951)
   defining Unicode char U+03B8 (decimal 952)
   defining Unicode char U+03B9 (decimal 953)
   defining Unicode char U+03BA (decimal 954)
   defining Unicode char U+03BB (decimal 955)
   defining Unicode char U+03BC (decimal 956)
   defining Unicode char U+03BD (decimal 957)
   defining Unicode char U+03BE (decimal 958)
   defining Unicode char U+03BF (decimal 959)
   defining Unicode char U+03C0 (decimal 960)
   defining Unicode char U+03C1 (decimal 961)
   defining Unicode char U+03C2 (decimal 962)
   defining Unicode char U+03C3 (decimal 963)
   defining Unicode char U+03C4 (decimal 964)
   defining Unicode char U+03C5 (decimal 965)
   defining Unicode char U+03C6 (decimal 966)
   defining Unicode char U+03C7 (decimal 967)
   defining Unicode char U+03C8 (decimal 968)
   defining Unicode char U+03C9 (decimal 969)
   defining Unicode char U+03CA (decimal 970)
   defining Unicode char U+03CB (decimal 971)
   defining Unicode char U+03CC (decimal 972)
   defining Unicode char U+03CD (decimal 973)
   defining Unicode char U+03CE (decimal 974)
   defining Unicode char U+03D0 (decimal 976)
   defining Unicode char U+03D1 (decimal 977)
   defining Unicode char U+03D5 (decimal 981)
   defining Unicode char U+03D6 (decimal 982)
   defining Unicode char U+03D8 (decimal 984)
   defining Unicode char U+03D9 (decimal 985)
   defining Unicode char U+03DA (decimal 986)
   defining Unicode char U+03DB (decimal 987)
   defining Unicode char U+03DC (decimal 988)
   defining Unicode char U+03DD (decimal 989)
   defining Unicode char U+03DF (decimal 991)
   defining Unicode char U+03E0 (decimal 992)
   defining Unicode char U+03E1 (decimal 993)
   defining Unicode char U+03F0 (decimal 1008)
   defining Unicode char U+03F1 (decimal 1009)
   defining Unicode char U+03F4 (decimal 1012)
   defining Unicode char U+03F5 (decimal 1013)
   defining Unicode char U+1F00 (decimal 7936)
   defining Unicode char U+1F01 (decimal 7937)
   defining Unicode char U+1F02 (decimal 7938)
   defining Unicode char U+1F03 (decimal 7939)
   defining Unicode char U+1F04 (decimal 7940)
   defining Unicode char U+1F05 (decimal 7941)
   defining Unicode char U+1F06 (decimal 7942)
   defining Unicode char U+1F07 (decimal 7943)
   defining Unicode char U+1F08 (decimal 7944)
   defining Unicode char U+1F09 (decimal 7945)
   defining Unicode char U+1F0A (decimal 7946)
   defining Unicode char U+1F0B (decimal 7947)
   defining Unicode char U+1F0C (decimal 7948)
   defining Unicode char U+1F0D (decimal 7949)
   defining Unicode char U+1F0E (decimal 7950)
   defining Unicode char U+1F0F (decimal 7951)
   defining Unicode char U+1F10 (decimal 7952)
   defining Unicode char U+1F11 (decimal 7953)
   defining Unicode char U+1F12 (decimal 7954)
   defining Unicode char U+1F13 (decimal 7955)
   defining Unicode char U+1F14 (decimal 7956)
   defining Unicode char U+1F15 (decimal 7957)
   defining Unicode char U+1F18 (decimal 7960)
   defining Unicode char U+1F19 (decimal 7961)
   defining Unicode char U+1F1A (decimal 7962)
   defining Unicode char U+1F1B (decimal 7963)
   defining Unicode char U+1F1C (decimal 7964)
   defining Unicode char U+1F1D (decimal 7965)
   defining Unicode char U+1F20 (decimal 7968)
   defining Unicode char U+1F21 (decimal 7969)
   defining Unicode char U+1F22 (decimal 7970)
   defining Unicode char U+1F23 (decimal 7971)
   defining Unicode char U+1F24 (decimal 7972)
   defining Unicode char U+1F25 (decimal 7973)
   defining Unicode char U+1F26 (decimal 7974)
   defining Unicode char U+1F27 (decimal 7975)
   defining Unicode char U+1F28 (decimal 7976)
   defining Unicode char U+1F29 (decimal 7977)
   defining Unicode char U+1F2A (decimal 7978)
   defining Unicode char U+1F2B (decimal 7979)
   defining Unicode char U+1F2C (decimal 7980)
   defining Unicode char U+1F2D (decimal 7981)
   defining Unicode char U+1F2E (decimal 7982)
   defining Unicode char U+1F2F (decimal 7983)
   defining Unicode char U+1F30 (decimal 7984)
   defining Unicode char U+1F31 (decimal 7985)
   defining Unicode char U+1F32 (decimal 7986)
   defining Unicode char U+1F33 (decimal 7987)
   defining Unicode char U+1F34 (decimal 7988)
   defining Unicode char U+1F35 (decimal 7989)
   defining Unicode char U+1F36 (decimal 7990)
   defining Unicode char U+1F37 (decimal 7991)
   defining Unicode char U+1F38 (decimal 7992)
   defining Unicode char U+1F39 (decimal 7993)
   defining Unicode char U+1F3A (decimal 7994)
   defining Unicode char U+1F3B (decimal 7995)
   defining Unicode char U+1F3C (decimal 7996)
   defining Unicode char U+1F3D (decimal 7997)
   defining Unicode char U+1F3E (decimal 7998)
   defining Unicode char U+1F3F (decimal 7999)
   defining Unicode char U+1F40 (decimal 8000)
   defining Unicode char U+1F41 (decimal 8001)
   defining Unicode char U+1F42 (decimal 8002)
   defining Unicode char U+1F43 (decimal 8003)
   defining Unicode char U+1F44 (decimal 8004)
   defining Unicode char U+1F45 (decimal 8005)
   defining Unicode char U+1F48 (decimal 8008)
   defining Unicode char U+1F49 (decimal 8009)
   defining Unicode char U+1F4A (decimal 8010)
   defining Unicode char U+1F4B (decimal 8011)
   defining Unicode char U+1F4C (decimal 8012)
   defining Unicode char U+1F4D (decimal 8013)
   defining Unicode char U+1F50 (decimal 8016)
   defining Unicode char U+1F51 (decimal 8017)
   defining Unicode char U+1F52 (decimal 8018)
   defining Unicode char U+1F53 (decimal 8019)
   defining Unicode char U+1F54 (decimal 8020)
   defining Unicode char U+1F55 (decimal 8021)
   defining Unicode char U+1F56 (decimal 8022)
   defining Unicode char U+1F57 (decimal 8023)
   defining Unicode char U+1F59 (decimal 8025)
   defining Unicode char U+1F5B (decimal 8027)
   defining Unicode char U+1F5D (decimal 8029)
   defining Unicode char U+1F5F (decimal 8031)
   defining Unicode char U+1F60 (decimal 8032)
   defining Unicode char U+1F61 (decimal 8033)
   defining Unicode char U+1F62 (decimal 8034)
   defining Unicode char U+1F63 (decimal 8035)
   defining Unicode char U+1F64 (decimal 8036)
   defining Unicode char U+1F65 (decimal 8037)
   defining Unicode char U+1F66 (decimal 8038)
   defining Unicode char U+1F67 (decimal 8039)
   defining Unicode char U+1F68 (decimal 8040)
   defining Unicode char U+1F69 (decimal 8041)
   defining Unicode char U+1F6A (decimal 8042)
   defining Unicode char U+1F6B (decimal 8043)
   defining Unicode char U+1F6C (decimal 8044)
   defining Unicode char U+1F6D (decimal 8045)
   defining Unicode char U+1F6E (decimal 8046)
   defining Unicode char U+1F6F (decimal 8047)
   defining Unicode char U+1F70 (decimal 8048)
   defining Unicode char U+1F71 (decimal 8049)
   defining Unicode char U+1F72 (decimal 8050)
   defining Unicode char U+1F73 (decimal 8051)
   defining Unicode char U+1F74 (decimal 8052)
   defining Unicode char U+1F75 (decimal 8053)
   defining Unicode char U+1F76 (decimal 8054)
   defining Unicode char U+1F77 (decimal 8055)
   defining Unicode char U+1F78 (decimal 8056)
   defining Unicode char U+1F79 (decimal 8057)
   defining Unicode char U+1F7A (decimal 8058)
   defining Unicode char U+1F7B (decimal 8059)
   defining Unicode char U+1F7C (decimal 8060)
   defining Unicode char U+1F7D (decimal 8061)
   defining Unicode char U+1F80 (decimal 8064)
   defining Unicode char U+1F81 (decimal 8065)
   defining Unicode char U+1F82 (decimal 8066)
   defining Unicode char U+1F83 (decimal 8067)
   defining Unicode char U+1F84 (decimal 8068)
   defining Unicode char U+1F85 (decimal 8069)
   defining Unicode char U+1F86 (decimal 8070)
   defining Unicode char U+1F87 (decimal 8071)
   defining Unicode char U+1F88 (decimal 8072)
   defining Unicode char U+1F89 (decimal 8073)
   defining Unicode char U+1F8A (decimal 8074)
   defining Unicode char U+1F8B (decimal 8075)
   defining Unicode char U+1F8C (decimal 8076)
   defining Unicode char U+1F8D (decimal 8077)
   defining Unicode char U+1F8E (decimal 8078)
   defining Unicode char U+1F8F (decimal 8079)
   defining Unicode char U+1F90 (decimal 8080)
   defining Unicode char U+1F91 (decimal 8081)
   defining Unicode char U+1F92 (decimal 8082)
   defining Unicode char U+1F93 (decimal 8083)
   defining Unicode char U+1F94 (decimal 8084)
   defining Unicode char U+1F95 (decimal 8085)
   defining Unicode char U+1F96 (decimal 8086)
   defining Unicode char U+1F97 (decimal 8087)
   defining Unicode char U+1F98 (decimal 8088)
   defining Unicode char U+1F99 (decimal 8089)
   defining Unicode char U+1F9A (decimal 8090)
   defining Unicode char U+1F9B (decimal 8091)
   defining Unicode char U+1F9C (decimal 8092)
   defining Unicode char U+1F9D (decimal 8093)
   defining Unicode char U+1F9E (decimal 8094)
   defining Unicode char U+1F9F (decimal 8095)
   defining Unicode char U+1FA0 (decimal 8096)
   defining Unicode char U+1FA1 (decimal 8097)
   defining Unicode char U+1FA2 (decimal 8098)
   defining Unicode char U+1FA3 (decimal 8099)
   defining Unicode char U+1FA4 (decimal 8100)
   defining Unicode char U+1FA5 (decimal 8101)
   defining Unicode char U+1FA6 (decimal 8102)
   defining Unicode char U+1FA7 (decimal 8103)
   defining Unicode char U+1FA8 (decimal 8104)
   defining Unicode char U+1FA9 (decimal 8105)
   defining Unicode char U+1FAA (decimal 8106)
   defining Unicode char U+1FAB (decimal 8107)
   defining Unicode char U+1FAC (decimal 8108)
   defining Unicode char U+1FAD (decimal 8109)
   defining Unicode char U+1FAE (decimal 8110)
   defining Unicode char U+1FAF (decimal 8111)
   defining Unicode char U+1FB0 (decimal 8112)
   defining Unicode char U+1FB1 (decimal 8113)
   defining Unicode char U+1FB2 (decimal 8114)
   defining Unicode char U+1FB3 (decimal 8115)
   defining Unicode char U+1FB4 (decimal 8116)
   defining Unicode char U+1FB6 (decimal 8118)
   defining Unicode char U+1FB7 (decimal 8119)
   defining Unicode char U+1FB8 (decimal 8120)
   defining Unicode char U+1FB9 (decimal 8121)
   defining Unicode char U+1FBA (decimal 8122)
   defining Unicode char U+1FBB (decimal 8123)
   defining Unicode char U+1FBC (decimal 8124)
   defining Unicode char U+1FBD (decimal 8125)
   defining Unicode char U+1FBE (decimal 8126)
   defining Unicode char U+1FBF (decimal 8127)
   defining Unicode char U+1FC0 (decimal 8128)
   defining Unicode char U+1FC1 (decimal 8129)
   defining Unicode char U+1FC2 (decimal 8130)
   defining Unicode char U+1FC3 (decimal 8131)
   defining Unicode char U+1FC4 (decimal 8132)
   defining Unicode char U+1FC6 (decimal 8134)
   defining Unicode char U+1FC7 (decimal 8135)
   defining Unicode char U+1FC8 (decimal 8136)
   defining Unicode char U+1FC9 (decimal 8137)
   defining Unicode char U+1FCA (decimal 8138)
   defining Unicode char U+1FCB (decimal 8139)
   defining Unicode char U+1FCC (decimal 8140)
   defining Unicode char U+1FCD (decimal 8141)
   defining Unicode char U+1FCE (decimal 8142)
   defining Unicode char U+1FCF (decimal 8143)
   defining Unicode char U+1FD0 (decimal 8144)
   defining Unicode char U+1FD1 (decimal 8145)
   defining Unicode char U+1FD2 (decimal 8146)
   defining Unicode char U+1FD3 (decimal 8147)
   defining Unicode char U+1FD6 (decimal 8150)
   defining Unicode char U+1FD7 (decimal 8151)
   defining Unicode char U+1FD8 (decimal 8152)
   defining Unicode char U+1FD9 (decimal 8153)
   defining Unicode char U+1FDA (decimal 8154)
   defining Unicode char U+1FDB (decimal 8155)
   defining Unicode char U+1FDD (decimal 8157)
   defining Unicode char U+1FDE (decimal 8158)
   defining Unicode char U+1FDF (decimal 8159)
   defining Unicode char U+1FE0 (decimal 8160)
   defining Unicode char U+1FE1 (decimal 8161)
   defining Unicode char U+1FE2 (decimal 8162)
   defining Unicode char U+1FE3 (decimal 8163)
   defining Unicode char U+1FE4 (decimal 8164)
   defining Unicode char U+1FE5 (decimal 8165)
   defining Unicode char U+1FE6 (decimal 8166)
   defining Unicode char U+1FE7 (decimal 8167)
   defining Unicode char U+1FE8 (decimal 8168)
   defining Unicode char U+1FE9 (decimal 8169)
   defining Unicode char U+1FEA (decimal 8170)
   defining Unicode char U+1FEB (decimal 8171)
   defining Unicode char U+1FEC (decimal 8172)
   defining Unicode char U+1FED (decimal 8173)
   defining Unicode char U+1FEE (decimal 8174)
   defining Unicode char U+1FEF (decimal 8175)
   defining Unicode char U+1FF2 (decimal 8178)
   defining Unicode char U+1FF3 (decimal 8179)
   defining Unicode char U+1FF4 (decimal 8180)
   defining Unicode char U+1FF6 (decimal 8182)
   defining Unicode char U+1FF7 (decimal 8183)
   defining Unicode char U+1FF8 (decimal 8184)
   defining Unicode char U+1FF9 (decimal 8185)
   defining Unicode char U+1FFA (decimal 8186)
   defining Unicode char U+1FFB (decimal 8187)
   defining Unicode char U+1FFC (decimal 8188)
   defining Unicode char U+1FFD (decimal 8189)
   defining Unicode char U+1FFE (decimal 8190)
   defining Unicode char U+2013 (decimal 8211)
   defining Unicode char U+2014 (decimal 8212)
   defining Unicode char U+2018 (decimal 8216)
   defining Unicode char U+2019 (decimal 8217)
   defining Unicode char U+201A (decimal 8218)
   defining Unicode char U+2030 (decimal 8240)
   defining Unicode char U+2039 (decimal 8249)
   defining Unicode char U+203A (decimal 8250)
   defining Unicode char U+20AC (decimal 8364)
   defining Unicode char U+2126 (decimal 8486)
   defining Unicode char U+10144 (decimal 65860)
   defining Unicode char U+10145 (decimal 65861)
   defining Unicode char U+10146 (decimal 65862)
   defining Unicode char U+10147 (decimal 65863)
)
(/usr/share/texlive/texmf-dist/tex/latex/greek-fontenc/greek-fontenc.def
File: greek-fontenc.def 2020/10/30 2.0 Common Greek font encoding definitions
)))
(/usr/share/texlive/texmf-dist/tex/latex/amsmath/amsmath.sty
Package: amsmath 2021/10/15 v2.17l AMS math features
\@mathmargin=\skip49

For additional information on amsmath, use the `?' option.
(/usr/share/texlive/texmf-dist/tex/latex/amsmath/amstext.sty
Package: amstext 2021/08/26 v2.01 AMS text

(/usr/share/texlive/texmf-dist/tex/latex/amsmath/amsgen.sty
File: amsgen.sty 1999/11/30 v2.0 generic functions
\@emptytoks=\toks18
\ex@=\dimen139
))
(/usr/share/texlive/texmf-dist/tex/latex/amsmath/amsbsy.sty
Package: amsbsy 1999/11/29 v1.2d Bold Symbols
\pmbraise@=\dimen140
)
(/usr/share/texlive/texmf-dist/tex/latex/amsmath/amsopn.sty
Package: amsopn 2021/08/26 v2.02 operator names
)
\inf@bad=\count193
LaTeX Info: Redefining \frac on input line 234.
\uproot@=\count194
\leftroot@=\count195
LaTeX Info: Redefining \overline on input line 399.
\classnum@=\count196
\DOTSCASE@=\count197
LaTeX Info: Redefining \ldots on input line 496.
LaTeX Info: Redefining \dots on input line 499.
LaTeX Info: Redefining \cdots on input line 620.
\Mathstrutbox@=\box50
\strutbox@=\box51
\big@size=\dimen141
LaTeX Font Info:    Redeclaring font encoding OML on input line 743.
LaTeX Font Info:    Redeclaring font encoding OMS on input line 744.
\macc@depth=\count198
\c@MaxMatrixCols=\count199
\dotsspace@=\muskip16
\c@parentequation=\count266
\dspbrk@lvl=\count267
\tag@help=\toks19
\row@=\count268
\column@=\count269
\maxfields@=\count270
\andhelp@=\toks20
\eqnshift@=\dimen142
\alignsep@=\dimen143
\tagshift@=\dimen144
\tagwidth@=\dimen145
\totwidth@=\dimen146
\lineht@=\dimen147
\@envbody=\toks21
\multlinegap=\skip50
\multlinetaggap=\skip51
\mathdisplay@stack=\toks22
LaTeX Info: Redefining \[ on input line 2938.
LaTeX Info: Redefining \] on input line 2939.
)
(/usr/share/texlive/texmf-dist/tex/latex/amsfonts/amssymb.sty
Package: amssymb 2013/01/14 v3.01 AMS font symbols

(/usr/share/texlive/texmf-dist/tex/latex/amsfonts/amsfonts.sty
Package: amsfonts 2013/01/14 v3.01 Basic AMSFonts support
\symAMSa=\mathgroup4
\symAMSb=\mathgroup5
LaTeX Font Info:    Redeclaring math symbol \hbar on input line 98.
LaTeX Font Info:    Overwriting math alphabet `\mathfrak' in version `bold'
(Font)                  U/euf/m/n --> U/euf/b/n on input line 106.
))
(/usr/share/texlive/texmf-dist/tex/latex/graphics/graphicx.sty
Package: graphicx 2021/09/16 v1.2d Enhanced LaTeX Graphics (DPC,SPQR)

(/usr/share/texlive/texmf-dist/tex/latex/graphics/keyval.sty
Package: keyval 2014/10/28 v1.15 key=value parser (DPC)
\KV@toks@=\toks23
)
(/usr/share/texlive/texmf-dist/tex/latex/graphics/graphics.sty
Package: graphics 2021/03/04 v1.4d Standard LaTeX Graphics (DPC,SPQR)

(/usr/share/texlive/texmf-dist/tex/latex/graphics/trig.sty
Package: trig 2021/08/11 v1.11 sin cos tan (DPC)
)
(/usr/share/texlive/texmf-dist/tex/latex/graphics-cfg/graphics.cfg
File: graphics.cfg 2016/06/04 v1.11 sample graphics configuration
)
Package graphics Info: Driver file: pdftex.def on input line 107.

(/usr/share/texlive/texmf-dist/tex/latex/graphics-def/pdftex.def
File: pdftex.def 2020/10/05 v1.2a Graphics/color driver for pdftex
))
\Gin@req@height=\dimen148
\Gin@req@width=\dimen149
)
(/usr/share/texlive/texmf-dist/tex/latex/subfig/subfig.sty
Package: subfig 2005/06/28 ver: 1.3 subfig package

(/usr/share/texlive/texmf-dist/tex/latex/caption/caption.sty
Package: caption 2020/10/26 v3.5g Customizing captions (AR)

(/usr/share/texlive/texmf-dist/tex/latex/caption/caption3.sty
Package: caption3 2020/10/21 v2.2e caption3 kernel (AR)
\captionmargin=\dimen150
\captionmargin@=\dimen151
\captionwidth=\dimen152
\caption@tempdima=\dimen153
\caption@indent=\dimen154
\caption@parindent=\dimen155
\caption@hangindent=\dimen156
Package caption Info: Standard document class detected.
)
\c@caption@flags=\count271
\c@continuedfloat=\count272
)
\c@KVtest=\count273
\sf@farskip=\skip52
\sf@captopadj=\dimen157
\sf@capskip=\skip53
\sf@nearskip=\skip54
\c@subfigure=\count274
\c@subfigure@save=\count275
\c@lofdepth=\count276
\c@subtable=\count277
\c@subtable@save=\count278
\c@lotdepth=\count279
\sf@top=\skip55
\sf@bottom=\skip56
)
(/usr/share/texlive/texmf-dist/tex/latex/jknapltx/mathrsfs.sty
Package: mathrsfs 1996/01/01 Math RSFS package v1.0 (jk)
\symrsfs=\mathgroup6
)
(/usr/share/texlive/texmf-dist/tex/latex/amscls/amsthm.sty
Package: amsthm 2020/05/29 v2.20.6
\thm@style=\toks24
\thm@bodyfont=\toks25
\thm@headfont=\toks26
\thm@notefont=\toks27
\thm@headpunct=\toks28
\thm@preskip=\skip57
\thm@postskip=\skip58
\thm@headsep=\skip59
\dth@everypar=\toks29
)
\c@theorem=\count280

(/usr/share/texlive/texmf-dist/tex/latex/l3backend/l3backend-pdftex.def
File: l3backend-pdftex.def 2022-01-12 L3 backend support: PDF output (pdfTeX)
\l__color_backend_stack_int=\count281
\l__pdf_internal_box=\box52
)
(./euclidI.aux)
\openout1 = `euclidI.aux'.

LaTeX Font Info:    Checking defaults for OML/cmm/m/it on input line 23.
LaTeX Font Info:    ... okay on input line 23.
LaTeX Font Info:    Checking defaults for OMS/cmsy/m/n on input line 23.
LaTeX Font Info:    ... okay on input line 23.
LaTeX Font Info:    Checking defaults for OT1/cmr/m/n on input line 23.
LaTeX Font Info:    ... okay on input line 23.
LaTeX Font Info:    Checking defaults for T1/cmr/m/n on input line 23.
LaTeX Font Info:    ... okay on input line 23.
LaTeX Font Info:    Checking defaults for TS1/cmr/m/n on input line 23.
LaTeX Font Info:    ... okay on input line 23.
LaTeX Font Info:    Checking defaults for OMX/cmex/m/n on input line 23.
LaTeX Font Info:    ... okay on input line 23.
LaTeX Font Info:    Checking defaults for U/cmr/m/n on input line 23.
LaTeX Font Info:    ... okay on input line 23.
LaTeX Font Info:    Checking defaults for LGR/cmr/m/n on input line 23.
LaTeX Font Info:    Trying to load font information for LGR+cmr on input line 2
3.
 (/usr/share/texlive/texmf-dist/tex/latex/cbfonts-fd/lgrcmr.fd
File: lgrcmr.fd 2017/07/29 v1.2 Greek European Computer Regular
)
LaTeX Font Info:    ... okay on input line 23.

(/usr/share/texlive/texmf-dist/tex/context/base/mkii/supp-pdf.mkii
[Loading MPS to PDF converter (version 2006.09.02).]
\scratchcounter=\count282
\scratchdimen=\dimen158
\scratchbox=\box53
\nofMPsegments=\count283
\nofMParguments=\count284
\everyMPshowfont=\toks30
\MPscratchCnt=\count285
\MPscratchDim=\dimen159
\MPnumerator=\count286
\makeMPintoPDFobject=\count287
\everyMPtoPDFconversion=\toks31
) (/usr/share/texlive/texmf-dist/tex/latex/epstopdf-pkg/epstopdf-base.sty
Package: epstopdf-base 2020-01-24 v2.11 Base part for package epstopdf
Package epstopdf-base Info: Redefining graphics rule for `.eps' on input line 4
85.

(/usr/share/texlive/texmf-dist/tex/latex/latexconfig/epstopdf-sys.cfg
File: epstopdf-sys.cfg 2010/07/13 v1.3 Configuration of (r)epstopdf for TeX Liv
e
))
Package caption Info: Begin \AtBeginDocument code.
Package caption Info: subfig package v1.3 is loaded.
Package caption Info: End \AtBeginDocument code.
LaTeX Font Info:    Trying to load font information for U+msa on input line 28.


(/usr/share/texlive/texmf-dist/tex/latex/amsfonts/umsa.fd
File: umsa.fd 2013/01/14 v3.01 AMS symbols A
)
LaTeX Font Info:    Trying to load font information for U+msb on input line 28.


(/usr/share/texlive/texmf-dist/tex/latex/amsfonts/umsb.fd
File: umsb.fd 2013/01/14 v3.01 AMS symbols B
)
LaTeX Font Info:    Trying to load font information for U+rsfs on input line 28
.

(/usr/share/texlive/texmf-dist/tex/latex/jknapltx/ursfs.fd
File: ursfs.fd 1998/03/24 rsfs font definition file (jk)
)
LaTeX Font Info:    Trying to load font information for T1+cmtt on input line 2
8.

(/usr/share/texlive/texmf-dist/tex/latex/base/t1cmtt.fd
File: t1cmtt.fd 2019/12/16 v2.5j Standard LaTeX font definitions
) [1

{/var/lib/texmf/fonts/map/pdftex/updmap/pdftex.map}] [2] [3]
Overfull \hbox (21.76366pt too wide) in paragraph at lines 216--218
[]\T1/cmr/m/n/10 Mueller [[], p. 11]: \T1/cmr/m/it/10 pro-ta-sis\T1/cmr/m/n/10 
, \T1/cmr/m/it/10 ek-the-sis\T1/cmr/m/n/10 , \T1/cmr/m/it/10 dior-is-mos\T1/cmr
/m/n/10 , \T1/cmr/m/it/10 kataskeu	e\T1/cmr/m/n/10 , \T1/cmr/m/it/10 apodeixis\
T1/cmr/m/n/10 , \T1/cmr/m/it/10 sumperasma 
 []

[4] [5] [6] [7]
<I2.png, id=34, 212.7147pt x 216.5691pt>
File: I2.png Graphic file (type png)
<use I2.png>
Package pdftex.def Info: I2.png  used on input line 432.
(pdftex.def)             Requested size: 345.0pt x 351.29276pt.
 [8] [9 <./I2.png>] [10]
<I8.png, id=46, 352.6776pt x 138.2766pt>
File: I8.png Graphic file (type png)
<use I8.png>
Package pdftex.def Info: I8.png  used on input line 566.
(pdftex.def)             Requested size: 345.0pt x 135.2738pt.
 [11 <./I8.png>]
<I12.png, id=51, 313.4109pt x 199.7061pt>
File: I12.png Graphic file (type png)
<use I12.png>
Package pdftex.def Info: I12.png  used on input line 610.
(pdftex.def)             Requested size: 345.0pt x 219.83585pt.
 [12 <./I12.png>]
<I13.png, id=56, 199.7061pt x 112.0185pt>
File: I13.png Graphic file (type png)
<use I13.png>
Package pdftex.def Info: I13.png  used on input line 643.
(pdftex.def)             Requested size: 345.0pt x 193.53291pt.

[13 <./I13.png>]
<I15.png, id=62, 169.3527pt x 112.5003pt>
File: I15.png Graphic file (type png)
<use I15.png>
Package pdftex.def Info: I15.png  used on input line 690.
(pdftex.def)             Requested size: 345.0pt x 229.192pt.
 [14 <./I15.png>]
<I22.png, id=67, 890.1255pt x 459.8781pt>
File: I22.png Graphic file (type png)
<use I22.png>
Package pdftex.def Info: I22.png  used on input line 735.
(pdftex.def)             Requested size: 345.0pt x 178.24301pt.
 [15 <./I22.png>]
<I23.png, id=72, 470.7186pt x 267.8808pt>
File: I23.png Graphic file (type png)
<use I23.png>
Package pdftex.def Info: I23.png  used on input line 766.
(pdftex.def)             Requested size: 345.0pt x 196.34433pt.
 [16 <./I23.png>]
<proclusI23.png, id=80, 425.1885pt x 254.8722pt>
File: proclusI23.png Graphic file (type png)
<use proclusI23.png>
Package pdftex.def Info: proclusI23.png  used on input line 801.
(pdftex.def)             Requested size: 345.0pt x 206.81868pt.
 [17 <./proclusI23.png>]
Overfull \hbox (3.39941pt too wide) in paragraph at lines 829--831
[]\T1/cmr/m/n/10 Data recta linea supra ter-minum eius cuili-bet an-gulo propos
-ito equum
 []

<tinemueI23.png, id=85, 1099.2267pt x 433.62pt>
File: tinemueI23.png Graphic file (type png)
<use tinemueI23.png>
Package pdftex.def Info: tinemueI23.png  used on input line 835.
(pdftex.def)             Requested size: 345.0pt x 136.09479pt.
<albertI23a.png, id=86, 287.1528pt x 155.8623pt>
File: albertI23a.png Graphic file (type png)
<use albertI23a.png>
Package pdftex.def Info: albertI23a.png  used on input line 857.
(pdftex.def)             Requested size: 345.0pt x 187.27638pt.
<albertI23b.png, id=87, 276.5532pt x 181.8795pt>
File: albertI23b.png Graphic file (type png)
<use albertI23b.png>
Package pdftex.def Info: albertI23b.png  used on input line 865.
(pdftex.def)             Requested size: 345.0pt x 226.91031pt.
[18 <./tinemueI23.png>] [19 <./albertI23a.png> <./albertI23b.png>]
Overfull \hbox (3.1217pt too wide) in paragraph at lines 903--905
[]\T1/cmr/m/n/10 Data recta linea su-per ter-minum eius cuili-bet an-gulo propo
s-ito equum
 []

<campanusI23.png, id=98, 330.033pt x 252.4632pt>
File: campanusI23.png Graphic file (type png)
<use campanusI23.png>
Package pdftex.def Info: campanusI23.png  used on input line 909.
(pdftex.def)             Requested size: 345.0pt x 263.91151pt.
[20 <./campanusI23.png>]
<commandinusI23.png, id=103, 966.2499pt x 536.7252pt>
File: commandinusI23.png Graphic file (type png)
<use commandinusI23.png>
Package pdftex.def Info: commandinusI23.png  used on input line 951.
(pdftex.def)             Requested size: 345.0pt x 191.6403pt.
 [21 <./commandinusI23.png>]
<claviusI23.png, id=108, 442.2924pt x 391.9443pt>
File: claviusI23.png Graphic file (type png)
<use claviusI23.png>
Package pdftex.def Info: claviusI23.png  used on input line 973.
(pdftex.def)             Requested size: 345.0pt x 305.73326pt.
<I26.png, id=109, 255.1131pt x 116.8365pt>
File: I26.png Graphic file (type png)
<use I26.png>
Package pdftex.def Info: I26.png  used on input line 1001.
(pdftex.def)             Requested size: 345.0pt x 158.01305pt.
 [22 <./claviusI23.png>]
[23 <./I26.png>]
<I27.png, id=118, 243.5499pt x 118.7637pt>
File: I27.png Graphic file (type png)
<use I27.png>
Package pdftex.def Info: I27.png  used on input line 1056.
(pdftex.def)             Requested size: 243.5493pt x 118.7634pt.
<I28.png, id=119, 207.6558pt x 156.3441pt>
File: I28.png Graphic file (type png)
<use I28.png>
Package pdftex.def Info: I28.png  used on input line 1090.
(pdftex.def)             Requested size: 207.65529pt x 156.3437pt.
 [24 <./I27.png>]
<I29.png, id=124, 207.6558pt x 156.3441pt>
File: I29.png Graphic file (type png)
<use I29.png>
Package pdftex.def Info: I29.png  used on input line 1123.
(pdftex.def)             Requested size: 207.65529pt x 156.3437pt.
 [25 <./I28.png>]
<I30.png, id=130, 200.1879pt x 167.6664pt>
File: I30.png Graphic file (type png)
<use I30.png>
Package pdftex.def Info: I30.png  used on input line 1161.
(pdftex.def)             Requested size: 200.1874pt x 167.66597pt.
<I31.png, id=131, 242.3454pt x 115.3911pt>
File: I31.png Graphic file (type png)
<use I31.png>
Package pdftex.def Info: I31.png  used on input line 1186.
(pdftex.def)             Requested size: 242.3448pt x 115.39081pt.
 [26 <./I29.png>] [27 <./I30.png> <./I31.png>]
Overfull \hbox (6.01225pt too wide) in paragraph at lines 1209--1210
[]\T1/cmr/m/n/10 Proclus 381--382 [[], pp. 300--301], on \T1/cmr/m/it/10 El-e-m
ents \T1/cmr/m/n/10 I.32 (Pro-clus refers to \T1/cmr/m/it/10 Timaeus
 []

<I33.png, id=141, 228.6141pt x 114.1866pt>
File: I33.png Graphic file (type png)
<use I33.png>
Package pdftex.def Info: I33.png  used on input line 1250.
(pdftex.def)             Requested size: 228.61354pt x 114.18631pt.
[28]
<I34.png, id=145, 228.6141pt x 114.1866pt>
File: I34.png Graphic file (type png)
<use I34.png>
Package pdftex.def Info: I34.png  used on input line 1278.
(pdftex.def)             Requested size: 228.61354pt x 114.18631pt.
 [29 <./I33.png> <./I34.png>]
<I35.png, id=151, 262.0992pt x 114.1866pt>
File: I35.png Graphic file (type png)
<use I35.png>
Package pdftex.def Info: I35.png  used on input line 1334.
(pdftex.def)             Requested size: 262.09854pt x 114.18631pt.
 [30 <./I35.png>] [31]
<I36.png, id=160, 263.3037pt x 104.5506pt>
File: I36.png Graphic file (type png)
<use I36.png>
Package pdftex.def Info: I36.png  used on input line 1418.
(pdftex.def)             Requested size: 263.30304pt x 104.55034pt.
<I37.png, id=161, 244.0317pt x 121.1727pt>
File: I37.png Graphic file (type png)
<use I37.png>
Package pdftex.def Info: I37.png  used on input line 1444.
(pdftex.def)             Requested size: 244.0311pt x 121.1724pt.
 [32 <./I36.png>]
<I38.png, id=166, 243.5499pt x 107.4414pt>
File: I38.png Graphic file (type png)
<use I38.png>
Package pdftex.def Info: I38.png  used on input line 1472.
(pdftex.def)             Requested size: 243.5493pt x 107.44113pt.

[33 <./I37.png> <./I38.png>]
<I41.png, id=172, 198.0198pt x 104.0688pt>
File: I41.png Graphic file (type png)
<use I41.png>
Package pdftex.def Info: I41.png  used on input line 1503.
(pdftex.def)             Requested size: 198.01932pt x 104.06854pt.
<I42.png, id=173, 247.8861pt x 96.6009pt>
File: I42.png Graphic file (type png)
<use I42.png>
Package pdftex.def Info: I42.png  used on input line 1525.
(pdftex.def)             Requested size: 247.88547pt x 96.60065pt.
 [34 <./I41.png> <./I42.png>]
<nayriziI42.png, id=179, 267.8808pt x 127.9179pt>
File: nayriziI42.png Graphic file (type png)
<use nayriziI42.png>
Package pdftex.def Info: nayriziI42.png  used on input line 1560.
(pdftex.def)             Requested size: 267.88014pt x 127.91757pt.
 [35 <./nayriziI42.png>]
<I43.png, id=184, 213.9192pt x 122.1363pt>
File: I43.png Graphic file (type png)
<use I43.png>
Package pdftex.def Info: I43.png  used on input line 1599.
(pdftex.def)             Requested size: 213.91867pt x 122.136pt.
 [36 <./I43.png>]
<I44.png, id=189, 342.5598pt x 171.2799pt>
File: I44.png Graphic file (type png)
<use I44.png>
Package pdftex.def Info: I44.png  used on input line 1671.
(pdftex.def)             Requested size: 342.55894pt x 171.27948pt.
 [37] [38 <./I44.png>]
<nayriziI44.png, id=199, 359.1819pt x 212.4738pt>
File: nayriziI44.png Graphic file (type png)
<use nayriziI44.png>
Package pdftex.def Info: nayriziI44.png  used on input line 1740.
(pdftex.def)             Requested size: 359.18102pt x 212.47327pt.

Overfull \hbox (14.18102pt too wide) in paragraph at lines 1740--1741
 [] 
 []

[39 <./nayriziI44.png>]
<adelardI44.png, id=205, 389.7762pt x 209.8239pt>
File: adelardI44.png Graphic file (type png)
<use adelardI44.png>
Package pdftex.def Info: adelardI44.png  used on input line 1790.
(pdftex.def)             Requested size: 389.77524pt x 209.82338pt.

Overfull \hbox (44.77524pt too wide) in paragraph at lines 1790--1791
 [] 
 []

<chesterI44.png, id=206, 448.7967pt x 265.7127pt>
File: chesterI44.png Graphic file (type png)
<use chesterI44.png>
Package pdftex.def Info: chesterI44.png  used on input line 1804.
(pdftex.def)             Requested size: 448.7956pt x 265.71205pt.

Overfull \hbox (103.7956pt too wide) in paragraph at lines 1804--1805
 [] 
 []

[40 <./adelardI44.png>] [41 <./chesterI44.png>]
<tinemueI44a.png, id=215, 308.352pt x 134.6631pt>
File: tinemueI44a.png Graphic file (type png)
<use tinemueI44a.png>
Package pdftex.def Info: tinemueI44a.png  used on input line 1839.
(pdftex.def)             Requested size: 308.35124pt x 134.66277pt.
 [42 <./tinemueI44a.png>]
<tinemueI44b.png, id=220, 309.5565pt x 149.5989pt>
File: tinemueI44b.png Graphic file (type png)
<use tinemueI44b.png>
Package pdftex.def Info: tinemueI44b.png  used on input line 1866.
(pdftex.def)             Requested size: 309.55574pt x 149.59853pt.

[43 <./tinemueI44b.png>]
<campanusI44.png, id=227, 359.1819pt x 136.3494pt>
File: campanusI44.png Graphic file (type png)
<use campanusI44.png>
Package pdftex.def Info: campanusI44.png  used on input line 1925.
(pdftex.def)             Requested size: 359.18102pt x 136.34904pt.

Overfull \hbox (14.18102pt too wide) in paragraph at lines 1925--1926
 [] 
 []

[44 <./campanusI44.png>] [45]
<I45.png, id=235, 289.08pt x 250.7769pt>
File: I45.png Graphic file (type png)
<use I45.png>
Package pdftex.def Info: I45.png  used on input line 2071.
(pdftex.def)             Requested size: 289.07928pt x 250.77628pt.
 [46] [47 <./I45.png>]
<I46.png, id=243, 133.6995pt x 135.3858pt>
File: I46.png Graphic file (type png)
<use I46.png>
Package pdftex.def Info: I46.png  used on input line 2134.
(pdftex.def)             Requested size: 133.69916pt x 135.38547pt.
 [48]
<campanusI45.png, id=247, 111.5367pt x 137.0721pt>
File: campanusI45.png Graphic file (type png)
<use campanusI45.png>
Package pdftex.def Info: campanusI45.png  used on input line 2164.
(pdftex.def)             Requested size: 111.5364pt x 137.07175pt.
 [49 <./I46.png> <./campanusI45.png>] [50]
<bluck.png, id=258, 333.8874pt x 148.8762pt>
File: bluck.png Graphic file (type png)
<use bluck.png>
Package pdftex.def Info: bluck.png  used on input line 2256.
(pdftex.def)             Requested size: 333.88658pt x 148.87584pt.
 [51] [52 <./bluck.png>] [53] [54] (./euclidI.bbl [55]
[56]) [57] (./euclidI.aux) ) 
Here is how much of TeX's memory you used:
 6010 strings out of 478287
 94491 string characters out of 5849289
 370682 words of memory out of 5000000
 24101 multiletter control sequences out of 15000+600000
 487971 words of font info for 75 fonts, out of 8000000 for 9000
 1141 hyphenation exceptions out of 8191
 69i,8n,79p,1061b,300s stack positions out of 5000i,500n,10000p,200000b,80000s
{/usr/share/texmf/fonts/enc/dvips/cm-super/cm-super
-t1.enc}</usr/share/texlive/texmf-dist/fonts/type1/public/amsfonts/cm/cmmi10.pf
b></usr/share/texlive/texmf-dist/fonts/type1/public/amsfonts/cm/cmr10.pfb></usr
/share/texlive/texmf-dist/fonts/type1/public/amsfonts/cm/cmsy10.pfb></usr/share
/texlive/texmf-dist/fonts/type1/public/cbfonts/grmi1000.pfb></usr/share/texlive
/texmf-dist/fonts/type1/public/cbfonts/grmn1000.pfb></usr/share/texmf/fonts/typ
e1/public/cm-super/sfbx1000.pfb></usr/share/texmf/fonts/type1/public/cm-super/s
fbx1440.pfb></usr/share/texmf/fonts/type1/public/cm-super/sfcc1000.pfb></usr/sh
are/texmf/fonts/type1/public/cm-super/sfrm0600.pfb></usr/share/texmf/fonts/type
1/public/cm-super/sfrm0700.pfb></usr/share/texmf/fonts/type1/public/cm-super/sf
rm0800.pfb></usr/share/texmf/fonts/type1/public/cm-super/sfrm1000.pfb></usr/sha
re/texmf/fonts/type1/public/cm-super/sfrm1200.pfb></usr/share/texmf/fonts/type1
/public/cm-super/sfrm1728.pfb></usr/share/texmf/fonts/type1/public/cm-super/sft
i1000.pfb></usr/share/texmf/fonts/type1/public/cm-super/sfti1728.pfb></usr/shar
e/texmf/fonts/type1/public/cm-super/sftt1200.pfb>
Output written on euclidI.pdf (57 pages, 1178767 bytes).
PDF statistics:
 358 PDF objects out of 1000 (max. 8388607)
 181 compressed objects within 2 object streams
 0 named destinations out of 1000 (max. 500000)
 206 words of extra memory for PDF output out of 10000 (max. 10000000)

