latexmlpost (LaTeXML version 0.8.6) paginating /mnt/c/Users/jorda/Documents/GitHub/LaTeX/gromatici/gromatici.xml
(post-processing...
(Scan index.html processing...
Scan: DBStatus: 374/0 objects
 0.03 sec)
(MakeBibliography index.html processing...
(Recursive MakeBibliography /mnt/c/Users/jorda/Documents/GitHub/LaTeX/gromatici/gromatici.bib...
(Loading /usr/share/perl5/LaTeXML/Package/TeX.pool.ltxml...
(Loading /usr/share/perl5/LaTeXML/Package/eTeX.pool.ltxml... 0.00 sec)
(Loading /usr/share/perl5/LaTeXML/Package/pdfTeX.pool.ltxml... 0.00 sec) 0.06 sec)
(Loading /usr/share/perl5/LaTeXML/Package/LaTeX.pool.ltxml...
(Loading /usr/share/perl5/LaTeXML/Package/textcomp.sty.ltxml...
(Processing definitions /usr/share/texlive/texmf-dist/tex/latex-dev/base/ts1enc.dfu... 0.01 sec) 0.47 sec) 0.55 sec)
(Loading /usr/share/perl5/LaTeXML/Package/BibTeX.pool.ltxml... 0.01 sec)
(Loading /usr/share/perl5/LaTeXML/Package/article.cls.ltxml... 0.01 sec)
(Loading /usr/share/perl5/LaTeXML/Package/amsmath.sty.ltxml...
(Loading /usr/share/perl5/LaTeXML/Package/amsbsy.sty.ltxml...
(Loading /usr/share/perl5/LaTeXML/Package/amsgen.sty.ltxml... 0.00 sec) 0.00 sec)
(Loading /usr/share/perl5/LaTeXML/Package/amstext.sty.ltxml... 0.00 sec)
(Loading /usr/share/perl5/LaTeXML/Package/amsopn.sty.ltxml... 0.00 sec) 0.02 sec)
(Loading /usr/share/perl5/LaTeXML/Package/amssymb.sty.ltxml...
(Loading /usr/share/perl5/LaTeXML/Package/amsfonts.sty.ltxml... 0.00 sec) 0.01 sec)
(Loading /usr/share/perl5/LaTeXML/Package/mathrsfs.sty.ltxml... 0.00 sec)
(Loading /usr/share/perl5/LaTeXML/Package/amsthm.sty.ltxml... 0.00 sec)
(Loading /usr/share/perl5/LaTeXML/Package/fontenc.sty.ltxml...
(Loading /usr/share/perl5/LaTeXML/Package/t1enc.def.ltxml...
(Processing definitions /usr/share/texlive/texmf-dist/tex/latex-dev/base/t1enc.def...
(Processing definitions /usr/share/texlive/texmf-dist/tex/latex-dev/base/t1enc.dfu... 0.03 sec)
(Loading /usr/share/perl5/LaTeXML/Package/t1.fontmap.ltxml... 0.00 sec) 0.06 sec) 0.06 sec) 0.07 sec)
(Loading /usr/share/perl5/LaTeXML/Package/inputenc.sty.ltxml...
(Loading /usr/share/perl5/LaTeXML/Package/utf8.def.ltxml... 0.00 sec) 0.01 sec)
(Loading /usr/share/perl5/LaTeXML/Package/hyperref.sty.ltxml...
(Loading /usr/share/perl5/LaTeXML/Package/keyval.sty.ltxml...
(Processing definitions /usr/share/texlive/texmf-dist/tex/latex-dev/graphics/keyval.sty... 0.01 sec) 0.01 sec)
(Loading /usr/share/perl5/LaTeXML/Package/nameref.sty.ltxml... 0.00 sec)
(Loading /usr/share/perl5/LaTeXML/Package/url.sty.ltxml... 0.00 sec) 0.03 sec)
latexmlpost (LaTeXML version 0.8.6)
invoked as [/usr/bin/latexmlpost ]
recursive processing started Sat Feb 25 19:07:48 2023
(Digesting BibTeX gromatici...
(Processing content /mnt/c/Users/jorda/Documents/GitHub/LaTeX/gromatici/gromatici.bib... 0.01 sec)
(Preparsing Bibliography gromatici... 0.01 sec)
(Processing content Literal String... 0.58 sec) 0.60 sec)
(Building...
(Loading compiled schema /usr/share/perl5/LaTeXML/resources/RelaxNG/LaTeXML.model... 0.00 sec) 0.26 sec)
(Rewriting... 0.00 sec)
(Finalizing... 0.01 sec)
recursive Conversion complete: No obvious problems
Status:conversion:0
 1.73 sec)
MakeBibliography: using bibliographies gromatici]
MakeBibliography: 42 bibentries, 20 cited
Scan: DBStatus: 395/0 objects
 1.82 sec)
(CrossRef index.html processing... 0.03 sec)
(MathML::Presentation index.html 236 to process...
converted 236 Maths
 0.10 sec)
(XSLT[using LaTeXML-html5.xsl] index.html processing... 0.05 sec)
(Writer index.html processing... 0.01 sec) 2.04 sec)
Postprocessing complete No obvious problems (reqd. 2.22s)
