latexml (LaTeXML version 0.8.6) processing oresme.tex
(Digesting TeX oresme...
(Loading /usr/share/perl5/LaTeXML/Package/TeX.pool.ltxml...
(Loading /usr/share/perl5/LaTeXML/Package/eTeX.pool.ltxml... 0.00 sec)
(Loading /usr/share/perl5/LaTeXML/Package/pdfTeX.pool.ltxml... 0.00 sec) 0.06 sec)
(Processing content /mnt/c/Users/jorda/Documents/GitHub/LaTeX/oresme/oresme.tex...
(Loading /usr/share/perl5/LaTeXML/Package/LaTeX.pool.ltxml...
(Loading /usr/share/perl5/LaTeXML/Package/textcomp.sty.ltxml...
(Processing definitions /usr/share/texlive/texmf-dist/tex/latex-dev/base/ts1enc.dfu... 0.01 sec) 0.41 sec) 0.49 sec)
(Loading /usr/share/perl5/LaTeXML/Package/article.cls.ltxml... 0.00 sec)
(Loading /usr/share/perl5/LaTeXML/Package/amsmath.sty.ltxml...
(Loading /usr/share/perl5/LaTeXML/Package/amsbsy.sty.ltxml...
(Loading /usr/share/perl5/LaTeXML/Package/amsgen.sty.ltxml... 0.00 sec) 0.00 sec)
(Loading /usr/share/perl5/LaTeXML/Package/amstext.sty.ltxml... 0.00 sec)
(Loading /usr/share/perl5/LaTeXML/Package/amsopn.sty.ltxml... 0.00 sec) 0.02 sec)
(Loading /usr/share/perl5/LaTeXML/Package/amssymb.sty.ltxml...
(Loading /usr/share/perl5/LaTeXML/Package/amsfonts.sty.ltxml... 0.00 sec) 0.01 sec)
(Loading /usr/share/perl5/LaTeXML/Package/mathrsfs.sty.ltxml... 0.00 sec)
(Loading /usr/share/perl5/LaTeXML/Package/amsthm.sty.ltxml... 0.00 sec)
(Loading /usr/share/perl5/LaTeXML/Package/fontenc.sty.ltxml...
(Loading /usr/share/perl5/LaTeXML/Package/t1enc.def.ltxml...
(Processing definitions /usr/share/texlive/texmf-dist/tex/latex-dev/base/t1enc.def...
(Processing definitions /usr/share/texlive/texmf-dist/tex/latex-dev/base/t1enc.dfu... 0.03 sec)
(Loading /usr/share/perl5/LaTeXML/Package/t1.fontmap.ltxml... 0.00 sec) 0.06 sec) 0.06 sec) 0.07 sec)
(Loading /usr/share/perl5/LaTeXML/Package/inputenc.sty.ltxml...
(Loading /usr/share/perl5/LaTeXML/Package/utf8.def.ltxml... 0.00 sec) 0.01 sec)
Warning:missing_file:textalpha Can't find binding for package textalpha
	at oresme.tex; line 6 col 11 - line 6 col 11
	Anticipate undefined macros or environments
	search paths are /mnt/c/Users/jorda/Documents/GitHub/LaTeX/oresme
	In Core::Definition::Constructor[\usepac... /usr/share/perl5/LaTeXML/Package/LaTeX.pool.ltxml; line 806
 0.92 sec) 0.99 sec)
(Building...
(Loading compiled schema /usr/share/perl5/LaTeXML/resources/RelaxNG/LaTeXML.model... 0.00 sec) 0.35 sec)
(Rewriting... 0.00 sec)
(Math Parsing 27 formulae ...... 0.14 sec)
Math parsing succeeded:
   ltx:XMath: 27/27
   ltx:XMArg: 14/14
Symbols assumed as simple identifiers (with # of occurences):
   'a{italic}' (23), 'b{italic}' (4), 'c{italic}' (3), 'd{italic}' (2), 'n{italic}' (5), 'r{italic}' (26)
Set MATHPARSER_SPECULATE to speculate on possible notations.
(Finalizing... 0.02 sec)
Conversion complete 1 warning; 1 missing file[textalpha.sty] (See /mnt/c/Users/jorda/Documents/GitHub/LaTeX/oresme/oresme.latexml.log) (reqd. 1.59s)
