latexmlpost (LaTeXML version 0.8.6) paginating /mnt/c/Users/jorda/Documents/GitHub/LaTeX/diophantine/diophantine.xml
(post-processing...
(Scan index.html processing...
Scan: DBStatus: 7932/0 objects
 0.76 sec)
(MakeBibliography index.html processing...
(Recursive MakeBibliography /mnt/c/Users/jorda/Documents/GitHub/LaTeX/diophantine/diophantine.bib...
(Loading /usr/share/perl5/LaTeXML/Package/TeX.pool.ltxml...
(Loading /usr/share/perl5/LaTeXML/Package/eTeX.pool.ltxml... 0.00 sec)
(Loading /usr/share/perl5/LaTeXML/Package/pdfTeX.pool.ltxml... 0.00 sec) 0.06 sec)
(Loading /usr/share/perl5/LaTeXML/Package/LaTeX.pool.ltxml...
(Loading /usr/share/perl5/LaTeXML/Package/textcomp.sty.ltxml...
(Processing definitions /usr/share/texlive/texmf-dist/tex/latex-dev/base/ts1enc.dfu... 0.01 sec) 0.46 sec) 0.54 sec)
(Loading /usr/share/perl5/LaTeXML/Package/BibTeX.pool.ltxml... 0.01 sec)
(Loading /usr/share/perl5/LaTeXML/Package/article.cls.ltxml... 0.00 sec)
(Loading /usr/share/perl5/LaTeXML/Package/amsmath.sty.ltxml...
(Loading /usr/share/perl5/LaTeXML/Package/amsbsy.sty.ltxml...
(Loading /usr/share/perl5/LaTeXML/Package/amsgen.sty.ltxml... 0.00 sec) 0.00 sec)
(Loading /usr/share/perl5/LaTeXML/Package/amstext.sty.ltxml... 0.00 sec)
(Loading /usr/share/perl5/LaTeXML/Package/amsopn.sty.ltxml... 0.00 sec) 0.02 sec)
(Loading /usr/share/perl5/LaTeXML/Package/amssymb.sty.ltxml...
(Loading /usr/share/perl5/LaTeXML/Package/amsfonts.sty.ltxml... 0.00 sec) 0.01 sec)
(Loading /usr/share/perl5/LaTeXML/Package/graphicx.sty.ltxml...
(Loading /usr/share/perl5/LaTeXML/Package/graphics.sty.ltxml... 0.00 sec) 0.01 sec)
(Loading /usr/share/perl5/LaTeXML/Package/subfig.sty.ltxml... 0.00 sec)
(Loading /usr/share/perl5/LaTeXML/Package/mathrsfs.sty.ltxml... 0.00 sec)
(Loading /usr/share/perl5/LaTeXML/Package/amsthm.sty.ltxml... 0.00 sec)
latexmlpost (LaTeXML version 0.8.6)
invoked as [/usr/bin/latexmlpost ]
recursive processing started Fri Mar  3 03:52:04 2023
(Digesting BibTeX diophantine...
(Processing content /mnt/c/Users/jorda/Documents/GitHub/LaTeX/diophantine/diophantine.bib...
Info:misdefined:utf-8 input isn't valid under encoding utf-8
	at diophantine.bib; line 491 col 0 - line 491 col 65
 0.03 sec)
(Preparsing Bibliography diophantine... 0.03 sec)
(Processing content Literal String... 2.44 sec) 2.51 sec)
(Building...
(Loading compiled schema /usr/share/perl5/LaTeXML/resources/RelaxNG/LaTeXML.model... 0.00 sec) 1.07 sec)
(Rewriting... 0.00 sec)
(Math Parsing 14 formulae ...... 0.07 sec)
Math parsing succeeded:
   ltx:XMath: 14/14
   ltx:XMArg: 11/11
Symbols assumed as simple identifiers (with # of occurences):
   'B{italic}' (1), 'N{italic}' (1), 'Sigma' (2), 'alpha' (3), 'beta' (1), 'e{italic}' (1), 'i{italic}' (1), 'k{italic}' (3), 'm{italic}' (2), 'n{italic}' (8), 'pi' (1), 'q{italic}' (2), 's{italic}' (1), 't{italic}' (2), 'x{italic}' (2)
Set MATHPARSER_SPECULATE to speculate on possible notations.
(Finalizing... 0.04 sec)
recursive Conversion complete: No obvious problems
Status:conversion:0
 4.43 sec)
MakeBibliography: using bibliographies diophantine]
MakeBibliography: 179 bibentries, 158 cited
Scan: DBStatus: 8139/0 objects
 5.48 sec)
(CrossRef index.html processing... 0.67 sec)
(Graphics index.html processing... 0.04 sec)
(MathML::Presentation index.html 2560 to process...
converted 2560 Maths
 3.83 sec)
(XSLT[using LaTeXML-html5.xsl] index.html processing... 1.46 sec)
(Writer index.html processing... 0.04 sec) 12.37 sec)
Postprocessing complete No obvious problems (reqd. 13.15s)
