latexml (LaTeXML version 0.8.6) processing diophantine.tex
(Digesting TeX diophantine...
(Loading /usr/share/perl5/LaTeXML/Package/TeX.pool.ltxml...
(Loading /usr/share/perl5/LaTeXML/Package/eTeX.pool.ltxml... 0.00 sec)
(Loading /usr/share/perl5/LaTeXML/Package/pdfTeX.pool.ltxml... 0.00 sec) 0.06 sec)
(Processing content /mnt/c/Users/jorda/Documents/GitHub/LaTeX/diophantine/diophantine.tex...
(Loading /usr/share/perl5/LaTeXML/Package/LaTeX.pool.ltxml...
(Loading /usr/share/perl5/LaTeXML/Package/textcomp.sty.ltxml...
(Processing definitions /usr/share/texlive/texmf-dist/tex/latex-dev/base/ts1enc.dfu... 0.01 sec) 0.43 sec) 0.51 sec)
(Loading /usr/share/perl5/LaTeXML/Package/article.cls.ltxml... 0.00 sec)
(Loading /usr/share/perl5/LaTeXML/Package/amsmath.sty.ltxml...
(Loading /usr/share/perl5/LaTeXML/Package/amsbsy.sty.ltxml...
(Loading /usr/share/perl5/LaTeXML/Package/amsgen.sty.ltxml... 0.00 sec) 0.00 sec)
(Loading /usr/share/perl5/LaTeXML/Package/amstext.sty.ltxml... 0.00 sec)
(Loading /usr/share/perl5/LaTeXML/Package/amsopn.sty.ltxml... 0.00 sec) 0.02 sec)
(Loading /usr/share/perl5/LaTeXML/Package/amssymb.sty.ltxml...
(Loading /usr/share/perl5/LaTeXML/Package/amsfonts.sty.ltxml... 0.00 sec) 0.01 sec)
(Loading /usr/share/perl5/LaTeXML/Package/graphicx.sty.ltxml...
(Loading /usr/share/perl5/LaTeXML/Package/graphics.sty.ltxml... 0.00 sec) 0.01 sec)
(Loading /usr/share/perl5/LaTeXML/Package/subfig.sty.ltxml... 0.00 sec)
(Loading /usr/share/perl5/LaTeXML/Package/mathrsfs.sty.ltxml... 0.00 sec)
(Loading /usr/share/perl5/LaTeXML/Package/amsthm.sty.ltxml... 0.00 sec) 5.50 sec) 5.61 sec)
(Building...
(Loading compiled schema /usr/share/perl5/LaTeXML/resources/RelaxNG/LaTeXML.model... 0.01 sec) 9.03 sec)
(Rewriting... 0.58 sec)
(Math Parsing 2540 formulae ......
Warning:not_parsed:OPEN.UNKNOWN.CLOSE>CLOSE MathParser failed to match rule 'Anything'
	at diophantine.tex; line 1221 col 1 - line 1221 col 1
	In "$\displaystyle A_{n}\subset\{x\in\Omega:\frac{1}{T^{n-1}(x)}>\phi(n)\}=\left\{%
	x\in\Omega:T^{n-1}(x)<\frac{1}{\phi(n)}\right\}=(T^{n-1})^{-1}\left(\left[0,%
	\frac{1}{\phi(n)}\right)\setminus\mathbb{Q}\right).\@@ENDINLINEMATH"
	A[[UNKNOWN]] _{n}[[POSTSUBSCRIPT]] ⊂[[RELOP]] {[[UNKNOWN]] x[[UNKNOWN]] ∈[[RELOP]] Ω[[UNKNOWN]] :[[METARELOP]] \frac{1}{T^{n-1}(x)}[[UNKNOWN]] >[[RELOP]] ϕ[[UNKNOWN]] ([[OPEN]] n[[UNKNOWN]] )[[CLOSE]]
	        > \}[[CLOSE]] =[[RELOP]] \left\{[[OPEN]] x[[UNKNOWN]] ∈[[RELOP]] Ω[[UNKNOWN]] :[[METARELOP]] T[[UNKNOWN]] ^{n-1}[[POSTSUPERSCRIPT]] ([[OPEN]] x[[UNKNOWN]] )[[CLOSE]] <[[RELOP]] \frac{1}{\phi(n)}[[UNKNOWN]] \right\}[[CLOSE]] =[[RELOP]] ([[OPEN]] T[[UNKNOWN]] ^{n-1}[[POSTSUPERSCRIPT]] )[[CLOSE]] ^{-1}[[POSTSUPERSCRIPT]] \left([[OPEN]] \left[[[OPEN]] 0[[NUMBER]] ,[[PUNCT]] \frac{1}{\phi(n)}[[UNKNOWN]] \right)[[CLOSE]] ∖[[ADDOP]] Q[[UNKNOWN]] \right)[[CLOSE]]
Warning:not_parsed:OPEN.UNKNOWN.CLOSE>CLOSE MathParser failed to match rule 'Anything'
	at diophantine.tex; line 1221 col 14 - line 1222 col 1
	In "$\displaystyle\{x\in\Omega:\frac{1}{T^{n-1}(x)}>\phi(n)\}$"
	{[[UNKNOWN]] x[[UNKNOWN]] ∈[[RELOP]] Ω[[UNKNOWN]] :[[METARELOP]] \frac{1}{T^{n-1}(x)}[[UNKNOWN]] >[[RELOP]] ϕ[[UNKNOWN]] ([[OPEN]] n[[UNKNOWN]] )[[CLOSE]]
	        > \}[[CLOSE]]
Warning:not_parsed:VERTBAR.UNKNOWN.POSTSUBSCRIPT>OPEN MathParser failed to match rule 'Anything'
	at diophantine.tex; line 2940 col 0 - line 2942 col 2
	In "$$|C_{n}(rq_{0})z^{n}|=\delta^{n}|C_{n}(rq_{0}|t^{n}|=M_{n},\qquad r\in(0,1),$$"
	|[[VERTBAR]] C[[UNKNOWN]] _{n}[[POSTSUBSCRIPT]] ([[OPEN]] r[[UNKNOWN]] q[[UNKNOWN]] _{0}[[POSTSUBSCRIPT]] )[[CLOSE]] z[[UNKNOWN]] ^{n}[[POSTSUPERSCRIPT]] |[[VERTBAR]] =[[RELOP]] δ[[UNKNOWN]] ^{n}[[POSTSUPERSCRIPT]] |[[VERTBAR]] C[[UNKNOWN]] _{n}[[POSTSUBSCRIPT]]
	        > ([[OPEN]] r[[UNKNOWN]] q[[UNKNOWN]] _{0}[[POSTSUBSCRIPT]] |[[VERTBAR]] t[[UNKNOWN]] ^{n}[[POSTSUPERSCRIPT]] |[[VERTBAR]] =[[RELOP]] M[[UNKNOWN]] _{n}[[POSTSUBSCRIPT]] ,[[PUNCT]] r[[UNKNOWN]] ∈[[RELOP]] ([[OPEN]] 0[[NUMBER]] ,[[PUNCT]] 1[[NUMBER]] )[[CLOSE]]
 37.51 sec)
Math parsing succeeded:
   ltx:XMath: 2561/2564
   ltx:XMWrap: 35/40
   ltx:XMArg: 6791/6791
Symbols assumed as simple identifiers (with # of occurences):
   'A{italic}' (73), 'A{script}' (10), 'B{caligraphic}' (12), 'B{italic}' (77), 'C{blackboard}' (9), 'C{italic}' (123), 'D{caligraphic}' (16), 'D{italic}' (40), 'E{italic}' (41), 'F{fraktur}' (7), 'F{italic}' (63), 'Gamma' (10), 'G{italic}' (15), 'H{italic}' (10), 'Im' (2), 'I{italic}' (39), 'J{italic}' (9), 'K{italic}' (49), 'L{italic}' (40), 'L{script}' (3), 'M{fraktur}' (11), 'M{italic}' (22), 'N{blackboard}' (20), 'N{italic}' (173), 'N{script}' (1), 'Omega' (130), 'O{italic}' (71), 'Phi' (21), 'P{italic}' (63), 'Q{blackboard}' (21), 'Re' (4), 'R{blackboard}' (37), 'R{italic}' (157), 'S{fraktur}' (3), 'S{italic}' (46), 'T{blackboard}' (9), 'T{italic}' (58), 'U{italic}' (59), 'V{italic}' (43), 'W{italic}' (8), 'X{italic}' (7), 'Z{blackboard}' (52), 'alpha' (147), 'a{italic}' (301), 'beta' (6), 'b{italic}' (50), 'c{italic}' (36), 'delta' (71), 'd{italic}' (136), 'epsilon' (81), 'eta' (9), 'e{italic}' (142), 'f{italic}' (207), 'gamma' (48), 'g{italic}' (57), 'h{italic}' (242), 'i{italic}' (122), 'j{italic}' (353), 'k{italic}' (458), 'lambda' (31), 'l{italic}' (10), 'mu' (87), 'm{fraktur}' (3), 'm{italic}' (309), 'nu' (67), 'n{italic}' (1054), 'omega' (31), 'o{italic}' (7), 'phi' (38), 'pi' (221), 'psi' (116), 'p{italic}' (189), 'q{italic}' (1145), 'rho' (91), 'r{italic}' (338), 'sgn' (2), 'sigma' (33), 's{italic}' (74), 'tau' (60), 'theta' (92), 't{italic}' (279), 'u{italic}' (74), 'v{italic}' (35), 'w{italic}' (16), 'x{italic}' (866), 'y{italic}' (17), 'zeta' (4), 'z{italic}' (231), '{' (4)
Set MATHPARSER_SPECULATE to speculate on possible notations.
(Finalizing... 2.89 sec)
Conversion complete 3 warnings (See /mnt/c/Users/jorda/Documents/GitHub/LaTeX/diophantine/diophantine.latexml.log) (reqd. 57.23s)
