\BOOKMARK [1][-]{section.1}{1. Babylonia}{}% 1
\BOOKMARK [1][-]{section.2}{2. Egypt}{}% 2
\BOOKMARK [1][-]{section.3}{3. Music}{}% 3
\BOOKMARK [1][-]{section.4}{4. Jews}{}% 4
\BOOKMARK [1][-]{section.5}{5. Hippocrates of Chios}{}% 5
\BOOKMARK [1][-]{section.6}{6. Plato}{}% 6
\BOOKMARK [1][-]{section.7}{7. Aristotle}{}% 7
\BOOKMARK [1][-]{section.8}{8. Plutarch}{}% 8
\BOOKMARK [1][-]{section.9}{9. Euclid}{}% 9
\BOOKMARK [1][-]{section.10}{10. Archimedes}{}% 10
\BOOKMARK [1][-]{section.11}{11. Aristarchus of Samos}{}% 11
\BOOKMARK [1][-]{section.12}{12. Theodosius}{}% 12
\BOOKMARK [1][-]{section.13}{13. Menelaus}{}% 13
\BOOKMARK [1][-]{section.14}{14. Eratosthenes}{}% 14
\BOOKMARK [1][-]{section.15}{15. Hipparchus}{}% 15
\BOOKMARK [1][-]{section.16}{16. Geographers}{}% 16
\BOOKMARK [1][-]{section.17}{17. Ptolemy}{}% 17
\BOOKMARK [1][-]{section.18}{18. Heron of Alexandria}{}% 18
\BOOKMARK [1][-]{section.19}{19. Diodorus Siculus}{}% 19
\BOOKMARK [1][-]{section.20}{20. Greek and Roman art}{}% 20
\BOOKMARK [1][-]{section.21}{21. Varro}{}% 21
\BOOKMARK [1][-]{section.22}{22. Vitruvius}{}% 22
\BOOKMARK [1][-]{section.23}{23. Columella}{}% 23
\BOOKMARK [1][-]{section.24}{24. Frontinus}{}% 24
\BOOKMARK [1][-]{section.25}{25. Faventinus}{}% 25
\BOOKMARK [1][-]{section.26}{26. Roman camps}{}% 26
\BOOKMARK [1][-]{section.27}{27. Palladius}{}% 27
\BOOKMARK [1][-]{section.28}{28. Agrimensores}{}% 28
\BOOKMARK [1][-]{section.29}{29. Diophantus of Alexandria}{}% 29
\BOOKMARK [1][-]{section.30}{30. Pappus of Alexandria}{}% 30
\BOOKMARK [1][-]{section.31}{31. Theon of Alexandria}{}% 31
\BOOKMARK [1][-]{section.32}{32. Side and diagonal numbers}{}% 32
\BOOKMARK [1][-]{section.33}{33. Arabic}{}% 33
\BOOKMARK [1][-]{section.34}{34. Continued fractions}{}% 34
\BOOKMARK [1][-]{section*.3}{References}{}% 35
